[16/Nov/2024 09:33:16] "GET /ScriptRepository/ HTTP/1.1" 200 4943
[16/Nov/2024 09:33:16] "GET /ScriptRepository/ HTTP/1.1" 200 4943
[16/Nov/2024 09:33:16] "GET /ScriptRepository/media/profile_pics/ironman_xq2cLIU.jfif HTTP/1.1" 404 179
[16/Nov/2024 09:33:18] "GET /ScriptRepository/ HTTP/1.1" 200 4943
[16/Nov/2024 09:33:18] "GET /ScriptRepository/media/profile_pics/ironman_xq2cLIU.jfif HTTP/1.1" 404 179
[16/Nov/2024 09:33:19] "GET /ScriptRepository/about/ HTTP/1.1" 200 4152
[16/Nov/2024 09:33:20] "GET /ScriptRepository/ HTTP/1.1" 200 4943
[16/Nov/2024 09:33:21] "GET /ScriptRepository/media/profile_pics/ironman_xq2cLIU.jfif HTTP/1.1" 404 179
[16/Nov/2024 09:33:23] "GET /ScriptRepository/admin/ HTTP/1.1" 200 9940
[16/Nov/2024 09:33:24] "GET /ScriptRepository/static/admin/css/base.css HTTP/1.1" 404 179
[16/Nov/2024 09:33:24] "GET /ScriptRepository/static/admin/css/dark_mode.css HTTP/1.1" 404 179
[16/Nov/2024 09:33:24] "GET /ScriptRepository/static/admin/css/responsive.css HTTP/1.1" 404 179
[16/Nov/2024 09:33:24] "GET /ScriptRepository/static/admin/js/nav_sidebar.js HTTP/1.1" 404 179
[16/Nov/2024 09:33:24] "GET /ScriptRepository/static/admin/css/nav_sidebar.css HTTP/1.1" 404 179
[16/Nov/2024 09:33:24] "GET /ScriptRepository/static/admin/js/theme.js HTTP/1.1" 404 179
[16/Nov/2024 09:33:24] "GET /ScriptRepository/static/admin/css/dashboard.css HTTP/1.1" 404 179
[16/Nov/2024 09:33:41] "GET /ScriptRepository/admin/ HTTP/1.1" 200 9940
[16/Nov/2024 09:33:41] "GET /ScriptRepository/static/admin/css/responsive.css HTTP/1.1" 404 179
[16/Nov/2024 09:33:41] "GET /ScriptRepository/static/admin/css/base.css HTTP/1.1" 404 179
[16/Nov/2024 09:33:41] "GET /ScriptRepository/static/admin/css/nav_sidebar.css HTTP/1.1" 404 179
[16/Nov/2024 09:33:41] "GET /ScriptRepository/static/admin/js/theme.js HTTP/1.1" 404 179
[16/Nov/2024 09:33:41] "GET /ScriptRepository/static/admin/css/dark_mode.css HTTP/1.1" 404 179
[16/Nov/2024 09:33:41] "GET /ScriptRepository/static/admin/css/dashboard.css HTTP/1.1" 404 179
[16/Nov/2024 09:33:41] "GET /ScriptRepository/static/admin/js/nav_sidebar.js HTTP/1.1" 404 179
Performing system checks...

System check identified no issues (0 silenced).
November 16, 2024 - 09:33:16
Django version 4.2.16, using settings 'ScriptRepo.settings'
Starting development server at http://127.0.0.1:25595/
Quit the server with CTRL-BREAK.

[16/Nov/2024 09:34:12] "GET /ScriptRepository/admin/ HTTP/1.1" 200 9940
[16/Nov/2024 09:34:12] "GET /ScriptRepository/static/admin/css/base.css HTTP/1.1" 200 22092
[16/Nov/2024 09:34:12] "GET /ScriptRepository/static/admin/css/dashboard.css HTTP/1.1" 200 441
[16/Nov/2024 09:34:12] "GET /ScriptRepository/static/admin/css/nav_sidebar.css HTTP/1.1" 200 2810
[16/Nov/2024 09:34:12] "GET /ScriptRepository/static/admin/css/dark_mode.css HTTP/1.1" 200 2804
[16/Nov/2024 09:34:12] "GET /ScriptRepository/static/admin/css/responsive.css HTTP/1.1" 200 17972
[16/Nov/2024 09:34:12] "GET /ScriptRepository/static/admin/js/theme.js HTTP/1.1" 200 1653
[16/Nov/2024 09:34:12] "GET /ScriptRepository/static/admin/js/nav_sidebar.js HTTP/1.1" 200 3063
[16/Nov/2024 09:34:12] "GET /ScriptRepository/static/admin/img/icon-changelink.svg HTTP/1.1" 304 0
[16/Nov/2024 09:34:12] "GET /ScriptRepository/static/admin/img/icon-addlink.svg HTTP/1.1" 304 0
[16/Nov/2024 09:34:12] "GET /ScriptRepository/static/admin/img/icon-deletelink.svg HTTP/1.1" 304 0
[16/Nov/2024 09:34:16] "POST /ScriptRepository/admin/logout/ HTTP/1.1" 200 3729
[16/Nov/2024 09:34:19] "GET /ScriptRepository/admin/ HTTP/1.1" 302 0
[16/Nov/2024 09:34:20] "GET /ScriptRepository/admin/login/?next=/ScriptRepository/admin/ HTTP/1.1" 200 4368
[16/Nov/2024 09:34:20] "GET /ScriptRepository/static/admin/css/login.css HTTP/1.1" 304 0
[16/Nov/2024 09:34:25] "GET /ScriptRepository/ HTTP/1.1" 200 4815
[16/Nov/2024 09:34:25] "GET /ScriptRepository/static/blog/main.css HTTP/1.1" 200 1478
[16/Nov/2024 09:34:25] "GET /ScriptRepository/media/profile_pics/ironman_xq2cLIU.jfif HTTP/1.1" 404 179
[16/Nov/2024 09:34:27] "GET /ScriptRepository/ HTTP/1.1" 200 4815
[16/Nov/2024 09:34:27] "GET /ScriptRepository/media/profile_pics/ironman_xq2cLIU.jfif HTTP/1.1" 404 179
[16/Nov/2024 09:34:29] "GET /ScriptRepository/media/profile_pics/ironman_xq2cLIU.jfif HTTP/1.1" 404 179
[16/Nov/2024 09:34:36] "GET /ScriptRepository/login/ HTTP/1.1" 200 5517
[16/Nov/2024 09:34:44] "POST /ScriptRepository/login/ HTTP/1.1" 302 0
[16/Nov/2024 09:34:45] "GET /ScriptRepository/ HTTP/1.1" 200 4943
[16/Nov/2024 09:34:45] "GET /ScriptRepository/media/profile_pics/ironman_xq2cLIU.jfif HTTP/1.1" 404 179
[16/Nov/2024 09:34:47] "GET /ScriptRepository/profile/ HTTP/1.1" 200 6207
[16/Nov/2024 09:34:47] "GET /ScriptRepository/media/profile_pics/ironman_xq2cLIU.jfif HTTP/1.1" 404 179
[16/Nov/2024 09:34:56] "POST /ScriptRepository/profile/ HTTP/1.1" 302 0
[16/Nov/2024 09:34:56] "GET /ScriptRepository/profile/ HTTP/1.1" 200 6366
[16/Nov/2024 09:34:56] "GET /ScriptRepository/media/profile_pics/avatar.png HTTP/1.1" 404 179
[16/Nov/2024 09:34:58] "GET /ScriptRepository/ HTTP/1.1" 200 4933
[16/Nov/2024 09:34:58] "GET /ScriptRepository/media/profile_pics/avatar.png HTTP/1.1" 404 179
Performing system checks...

System check identified no issues (0 silenced).
November 16, 2024 - 09:34:11
Django version 4.2.16, using settings 'ScriptRepo.settings'
Starting development server at http://127.0.0.1:25595/
Quit the server with CTRL-BREAK.

[16/Nov/2024 09:35:26] "GET /ScriptRepository/ HTTP/1.1" 200 4933
[16/Nov/2024 09:35:26] "GET /ScriptRepository/static/blog/main.css HTTP/1.1" 304 0
[16/Nov/2024 09:35:26] "GET /ScriptRepository/media/profile_pics/avatar.png HTTP/1.1" 404 179
[16/Nov/2024 09:35:27] "GET /ScriptRepository/ HTTP/1.1" 200 4933
[16/Nov/2024 09:35:28] "GET /ScriptRepository/media/profile_pics/avatar.png HTTP/1.1" 404 179
Performing system checks...

System check identified no issues (0 silenced).
November 16, 2024 - 09:35:22
Django version 4.2.16, using settings 'ScriptRepo.settings'
Starting development server at http://127.0.0.1:25595/
Quit the server with CTRL-BREAK.

Watching for file changes with StatReloader
[16/Nov/2024 09:35:48] "GET /ScriptRepository/ HTTP/1.1" 200 4933
Not Found: /ScriptRepository/media/profile_pics/avatar.png
[16/Nov/2024 09:35:48] "GET /ScriptRepository/media/profile_pics/avatar.png HTTP/1.1" 404 4900
[16/Nov/2024 09:35:49] "GET /ScriptRepository/ HTTP/1.1" 200 4933
Not Found: /ScriptRepository/media/profile_pics/avatar.png
[16/Nov/2024 09:35:49] "GET /ScriptRepository/media/profile_pics/avatar.png HTTP/1.1" 404 4900
[16/Nov/2024 09:35:50] "GET /ScriptRepository/ HTTP/1.1" 200 4933
Not Found: /ScriptRepository/media/profile_pics/avatar.png
[16/Nov/2024 09:35:50] "GET /ScriptRepository/media/profile_pics/avatar.png HTTP/1.1" 404 4900
[16/Nov/2024 09:35:50] "GET /ScriptRepository/ HTTP/1.1" 200 4933
[16/Nov/2024 09:35:51] "GET /ScriptRepository/ HTTP/1.1" 200 4933
Not Found: /ScriptRepository/media/profile_pics/avatar.png
[16/Nov/2024 09:35:51] "GET /ScriptRepository/media/profile_pics/avatar.png HTTP/1.1" 404 4900
[16/Nov/2024 09:35:52] "GET /ScriptRepository/profile/ HTTP/1.1" 200 6177
Not Found: /ScriptRepository/media/profile_pics/avatar.png
[16/Nov/2024 09:35:52] "GET /ScriptRepository/media/profile_pics/avatar.png HTTP/1.1" 404 4900
[16/Nov/2024 09:35:54] "GET /ScriptRepository/profile/ HTTP/1.1" 200 6177
Not Found: /ScriptRepository/media/profile_pics/avatar.png
[16/Nov/2024 09:35:54] "GET /ScriptRepository/media/profile_pics/avatar.png HTTP/1.1" 404 4900
[16/Nov/2024 09:35:55] "GET /ScriptRepository/ HTTP/1.1" 200 4933
Not Found: /ScriptRepository/media/profile_pics/avatar.png
[16/Nov/2024 09:35:55] "GET /ScriptRepository/media/profile_pics/avatar.png HTTP/1.1" 404 4900
C:\inetpub\wwwroot\ScriptRepo\ScriptRepo\ScriptRepo\settings.py changed, reloading.
Performing system checks...

System check identified no issues (0 silenced).
November 16, 2024 - 09:35:47
Django version 4.2.16, using settings 'ScriptRepo.settings'
Starting development server at http://127.0.0.1:25595/
Quit the server with CTRL-BREAK.

Watching for file changes with StatReloader
[16/Nov/2024 09:36:07] "GET /ScriptRepository/ HTTP/1.1" 200 4933
Not Found: /ScriptRepository/media/profile_pics/avatar.png
[16/Nov/2024 09:36:07] "GET /ScriptRepository/media/profile_pics/avatar.png HTTP/1.1" 404 4900
[16/Nov/2024 09:36:08] "GET /ScriptRepository/ HTTP/1.1" 200 4933
Not Found: /ScriptRepository/media/profile_pics/avatar.png
[16/Nov/2024 09:36:09] "GET /ScriptRepository/media/profile_pics/avatar.png HTTP/1.1" 404 4900
[16/Nov/2024 09:36:09] "GET /ScriptRepository/ HTTP/1.1" 200 4933
[16/Nov/2024 09:36:09] "GET /ScriptRepository/ HTTP/1.1" 200 4933
[16/Nov/2024 09:36:10] "GET /ScriptRepository/ HTTP/1.1" 200 4933
[16/Nov/2024 09:36:10] "GET /ScriptRepository/ HTTP/1.1" 200 4933
[16/Nov/2024 09:36:10] "GET /ScriptRepository/ HTTP/1.1" 200 4933
[16/Nov/2024 09:36:10] "GET /ScriptRepository/ HTTP/1.1" 200 4933
[16/Nov/2024 09:36:10] "GET /ScriptRepository/ HTTP/1.1" 200 4933
[16/Nov/2024 09:36:11] "GET /ScriptRepository/ HTTP/1.1" 200 4933
Not Found: /ScriptRepository/media/profile_pics/avatar.png
[16/Nov/2024 09:36:11] "GET /ScriptRepository/media/profile_pics/avatar.png HTTP/1.1" 404 4900
[16/Nov/2024 09:36:11] "GET /ScriptRepository/ HTTP/1.1" 200 4933
[16/Nov/2024 09:36:11] "GET /ScriptRepository/ HTTP/1.1" 200 4933
Not Found: /ScriptRepository/media/profile_pics/avatar.png
[16/Nov/2024 09:36:12] "GET /ScriptRepository/media/profile_pics/avatar.png HTTP/1.1" 404 4900
[16/Nov/2024 09:37:14] "GET /ScriptRepository/ HTTP/1.1" 200 4933
[16/Nov/2024 09:37:15] "GET /ScriptRepository/static/blog/main.css HTTP/1.1" 304 0
Not Found: /ScriptRepository/media/profile_pics/avatar.png
[16/Nov/2024 09:37:15] "GET /ScriptRepository/media/profile_pics/avatar.png HTTP/1.1" 404 4900
[16/Nov/2024 09:37:15] "GET /ScriptRepository/ HTTP/1.1" 200 4933
Not Found: /ScriptRepository/media/profile_pics/avatar.png
[16/Nov/2024 09:37:16] "GET /ScriptRepository/media/profile_pics/avatar.png HTTP/1.1" 404 4900
[16/Nov/2024 09:37:16] "GET /ScriptRepository/ HTTP/1.1" 200 4933
[16/Nov/2024 09:37:16] "GET /ScriptRepository/ HTTP/1.1" 200 4933
[16/Nov/2024 09:37:16] "GET /ScriptRepository/ HTTP/1.1" 200 4933
Not Found: /ScriptRepository/media/profile_pics/avatar.png
[16/Nov/2024 09:37:16] "GET /ScriptRepository/media/profile_pics/avatar.png HTTP/1.1" 404 4900
[16/Nov/2024 09:37:20] "GET /ScriptRepository/admin/ HTTP/1.1" 200 9940
[16/Nov/2024 09:37:20] "GET /ScriptRepository/static/admin/css/dark_mode.css HTTP/1.1" 304 0
[16/Nov/2024 09:37:20] "GET /ScriptRepository/static/admin/css/base.css HTTP/1.1" 304 0
[16/Nov/2024 09:37:20] "GET /ScriptRepository/static/admin/css/nav_sidebar.css HTTP/1.1" 304 0
[16/Nov/2024 09:37:20] "GET /ScriptRepository/static/admin/css/dashboard.css HTTP/1.1" 304 0
[16/Nov/2024 09:37:20] "GET /ScriptRepository/static/admin/js/nav_sidebar.js HTTP/1.1" 304 0
[16/Nov/2024 09:37:20] "GET /ScriptRepository/static/admin/js/theme.js HTTP/1.1" 304 0
[16/Nov/2024 09:37:20] "GET /ScriptRepository/static/admin/css/responsive.css HTTP/1.1" 304 0
[16/Nov/2024 09:37:23] "POST /ScriptRepository/admin/logout/ HTTP/1.1" 200 3729
[16/Nov/2024 09:37:25] "GET /ScriptRepository/admin/ HTTP/1.1" 302 0
[16/Nov/2024 09:37:26] "GET /ScriptRepository/admin/login/?next=/ScriptRepository/admin/ HTTP/1.1" 200 4368
[16/Nov/2024 09:37:26] "GET /ScriptRepository/static/admin/css/login.css HTTP/1.1" 304 0
[16/Nov/2024 09:37:38] "GET /ScriptRepository/ HTTP/1.1" 200 4805
Not Found: /ScriptRepository/media/profile_pics/avatar.png
[16/Nov/2024 09:37:38] "GET /ScriptRepository/media/profile_pics/avatar.png HTTP/1.1" 404 4900
[16/Nov/2024 09:37:40] "GET /ScriptRepository/ HTTP/1.1" 200 4805
Not Found: /ScriptRepository/media/profile_pics/avatar.png
[16/Nov/2024 09:37:40] "GET /ScriptRepository/media/profile_pics/avatar.png HTTP/1.1" 404 4900
C:\inetpub\wwwroot\ScriptRepo\ScriptRepo\ScriptRepo\settings.py changed, reloading.
Performing system checks...

System check identified no issues (0 silenced).
November 16, 2024 - 09:36:06
Django version 4.2.16, using settings 'ScriptRepo.settings'
Starting development server at http://127.0.0.1:25595/
Quit the server with CTRL-BREAK.

Watching for file changes with StatReloader
C:\inetpub\wwwroot\ScriptRepo\ScriptRepo\ScriptRepo\settings.py changed, reloading.
Performing system checks...

System check identified no issues (0 silenced).
November 16, 2024 - 09:37:49
Django version 4.2.16, using settings 'ScriptRepo.settings'
Starting development server at http://127.0.0.1:25595/
Quit the server with CTRL-BREAK.

Watching for file changes with StatReloader
C:\inetpub\wwwroot\ScriptRepo\ScriptRepo\ScriptRepo\settings.py changed, reloading.
Performing system checks...

System check identified no issues (0 silenced).
November 16, 2024 - 09:38:36
Django version 4.2.16, using settings 'ScriptRepo.settings'
Starting development server at http://127.0.0.1:25595/
Quit the server with CTRL-BREAK.

Performing system checks...

System check identified no issues (0 silenced).
November 16, 2024 - 09:38:54
Django version 4.2.16, using settings 'ScriptRepo.settings'
Starting development server at http://127.0.0.1:25595/
Quit the server with CTRL-BREAK.

[16/Nov/2024 09:39:20] "GET /ScriptRepository/ HTTP/1.1" 200 4805
[16/Nov/2024 09:39:20] "GET /ScriptRepository/static/blog/main.css HTTP/1.1" 404 179
[16/Nov/2024 09:39:20] "GET /ScriptRepository/media/profile_pics/avatar.png HTTP/1.1" 404 179
[16/Nov/2024 09:39:22] "GET /ScriptRepository/ HTTP/1.1" 200 4805
[16/Nov/2024 09:39:23] "GET /ScriptRepository/static/blog/main.css HTTP/1.1" 404 179
[16/Nov/2024 09:39:23] "GET /ScriptRepository/media/profile_pics/avatar.png HTTP/1.1" 404 179
[16/Nov/2024 09:39:30] "GET /ScriptRepository/about/ HTTP/1.1" 200 4024
[16/Nov/2024 09:39:31] "GET /ScriptRepository/static/blog/main.css HTTP/1.1" 404 179
Performing system checks...

System check identified no issues (0 silenced).
November 16, 2024 - 09:39:13
Django version 4.2.16, using settings 'ScriptRepo.settings'
Starting development server at http://127.0.0.1:25595/
Quit the server with CTRL-BREAK.

[16/Nov/2024 09:41:08] "GET /ScriptRepository/ HTTP/1.1" 200 4754
[16/Nov/2024 09:41:12] "GET /ScriptRepository/ HTTP/1.1" 200 4754
Performing system checks...

System check identified no issues (0 silenced).
November 16, 2024 - 09:41:02
Django version 4.2.16, using settings 'ScriptRepo.settings'
Starting development server at http://127.0.0.1:25595/
Quit the server with CTRL-BREAK.

[16/Nov/2024 09:41:49] "GET /ScriptRepository/ HTTP/1.1" 200 4802
[16/Nov/2024 09:41:52] "GET /ScriptRepository/ HTTP/1.1" 200 4802
Performing system checks...

System check identified no issues (0 silenced).
November 16, 2024 - 09:41:48
Django version 4.2.16, using settings 'ScriptRepo.settings'
Starting development server at http://127.0.0.1:25595/
Quit the server with CTRL-BREAK.

Performing system checks...

System check identified no issues (0 silenced).
November 16, 2024 - 09:42:43
Django version 4.2.16, using settings 'ScriptRepo.settings'
Starting development server at http://127.0.0.1:25595/
Quit the server with CTRL-BREAK.

Performing system checks...

System check identified no issues (0 silenced).
November 16, 2024 - 09:42:49
Django version 4.2.16, using settings 'ScriptRepo.settings'
Starting development server at http://127.0.0.1:25595/
Quit the server with CTRL-BREAK.

[16/Nov/2024 09:43:14] "GET /ScriptRepository/ HTTP/1.1" 200 4802
[16/Nov/2024 09:43:16] "GET /ScriptRepository/ HTTP/1.1" 200 4802
[16/Nov/2024 09:43:17] "GET /ScriptRepository/ HTTP/1.1" 200 4802
Performing system checks...

System check identified no issues (0 silenced).
November 16, 2024 - 09:43:13
Django version 4.2.16, using settings 'ScriptRepo.settings'
Starting development server at http://127.0.0.1:25595/
Quit the server with CTRL-BREAK.

[16/Nov/2024 09:43:24] "GET /ScriptRepository/ HTTP/1.1" 200 4802
[16/Nov/2024 09:43:27] "GET /ScriptRepository/ HTTP/1.1" 200 4802
Performing system checks...

System check identified no issues (0 silenced).
November 16, 2024 - 09:43:24
Django version 4.2.16, using settings 'ScriptRepo.settings'
Starting development server at http://127.0.0.1:25595/
Quit the server with CTRL-BREAK.

Performing system checks...

System check identified no issues (0 silenced).
November 16, 2024 - 09:43:48
Django version 4.2.16, using settings 'ScriptRepo.settings'
Starting development server at http://127.0.0.1:25595/
Quit the server with CTRL-BREAK.

[16/Nov/2024 09:43:50] "GET /ScriptRepository/ HTTP/1.1" 200 4802
Performing system checks...

System check identified no issues (0 silenced).
November 16, 2024 - 09:43:50
Django version 4.2.16, using settings 'ScriptRepo.settings'
Starting development server at http://127.0.0.1:25595/
Quit the server with CTRL-BREAK.

[16/Nov/2024 09:43:58] "GET /ScriptRepository/ HTTP/1.1" 200 4802
[16/Nov/2024 09:43:59] "GET /ScriptRepository/ HTTP/1.1" 200 4802
Performing system checks...

System check identified no issues (0 silenced).
November 16, 2024 - 09:43:57
Django version 4.2.16, using settings 'ScriptRepo.settings'
Starting development server at http://127.0.0.1:25595/
Quit the server with CTRL-BREAK.

Watching for file changes with StatReloader
[16/Nov/2024 09:44:36] "GET /ScriptRepository/ HTTP/1.1" 200 4805
Not Found: /ScriptRepository/media/profile_pics/avatar.png
[16/Nov/2024 09:44:37] "GET /ScriptRepository/media/profile_pics/avatar.png HTTP/1.1" 404 5026
[16/Nov/2024 09:44:37] "GET /ScriptRepository/static/blog/main.css HTTP/1.1" 200 1478
C:\inetpub\wwwroot\ScriptRepo\ScriptRepo\ScriptRepo\settings.py changed, reloading.
Performing system checks...

System check identified no issues (0 silenced).
November 16, 2024 - 09:44:36
Django version 4.2.16, using settings 'ScriptRepo.settings'
Starting development server at http://127.0.0.1:25595/
Quit the server with CTRL-BREAK.

Watching for file changes with StatReloader
[16/Nov/2024 09:45:30] "GET /ScriptRepository/ HTTP/1.1" 200 4805
Not Found: /ScriptRepository/media/profile_pics/avatar.png
[16/Nov/2024 09:45:31] "GET /ScriptRepository/media/profile_pics/avatar.png HTTP/1.1" 404 5026
[16/Nov/2024 09:45:31] "GET /ScriptRepository/ HTTP/1.1" 200 4805
[16/Nov/2024 09:45:31] "GET /ScriptRepository/ HTTP/1.1" 200 4805
Not Found: /ScriptRepository/media/profile_pics/avatar.png
[16/Nov/2024 09:45:32] "GET /ScriptRepository/media/profile_pics/avatar.png HTTP/1.1" 404 5026
[16/Nov/2024 09:45:32] "GET /ScriptRepository/ HTTP/1.1" 200 4805
Not Found: /ScriptRepository/media/profile_pics/avatar.png
[16/Nov/2024 09:45:32] "GET /ScriptRepository/media/profile_pics/avatar.png HTTP/1.1" 404 5026
[16/Nov/2024 09:45:33] "GET /ScriptRepository/ HTTP/1.1" 200 4805
Not Found: /ScriptRepository/media/profile_pics/avatar.png
[16/Nov/2024 09:45:33] "GET /ScriptRepository/media/profile_pics/avatar.png HTTP/1.1" 404 5026
C:\inetpub\wwwroot\ScriptRepo\ScriptRepo\ScriptRepo\settings.py changed, reloading.
Performing system checks...

System check identified no issues (0 silenced).
November 16, 2024 - 09:45:27
Django version 4.2.16, using settings 'ScriptRepo.settings'
Starting development server at http://127.0.0.1:25595/
Quit the server with CTRL-BREAK.

Watching for file changes with StatReloader
System check identified some issues:

WARNINGS:
?: (staticfiles.W004) The directory 'C:\inetpub\wwwroot\ScriptRepo\ScriptRepo\static' in the STATICFILES_DIRS setting does not exist.

System check identified 1 issue (0 silenced).
C:\inetpub\wwwroot\ScriptRepo\ScriptRepo\ScriptRepo\settings.py changed, reloading.
Performing system checks...

November 16, 2024 - 09:46:13
Django version 4.2.16, using settings 'ScriptRepo.settings'
Starting development server at http://127.0.0.1:25595/
Quit the server with CTRL-BREAK.

Watching for file changes with StatReloader
System check identified some issues:

WARNINGS:
?: (staticfiles.W004) The directory 'C:\inetpub\wwwroot\ScriptRepo\ScriptRepo\static' in the STATICFILES_DIRS setting does not exist.

System check identified 1 issue (0 silenced).
[16/Nov/2024 09:46:16] "GET /ScriptRepository/ HTTP/1.1" 200 4805
Not Found: /ScriptRepository/media/profile_pics/avatar.png
[16/Nov/2024 09:46:17] "GET /ScriptRepository/media/profile_pics/avatar.png HTTP/1.1" 404 5026
[16/Nov/2024 09:46:17] "GET /ScriptRepository/ HTTP/1.1" 200 4805
Not Found: /ScriptRepository/media/profile_pics/avatar.png
[16/Nov/2024 09:46:18] "GET /ScriptRepository/media/profile_pics/avatar.png HTTP/1.1" 404 5026
[16/Nov/2024 09:46:18] "GET /ScriptRepository/ HTTP/1.1" 200 4805
[16/Nov/2024 09:46:18] "GET /ScriptRepository/ HTTP/1.1" 200 4805
[16/Nov/2024 09:46:18] "GET /ScriptRepository/ HTTP/1.1" 200 4805
[16/Nov/2024 09:46:18] "GET /ScriptRepository/ HTTP/1.1" 200 4805
Not Found: /ScriptRepository/media/profile_pics/avatar.png
[16/Nov/2024 09:46:19] "GET /ScriptRepository/media/profile_pics/avatar.png HTTP/1.1" 404 5026
C:\inetpub\wwwroot\ScriptRepo\ScriptRepo\ScriptRepo\settings.py changed, reloading.
Performing system checks...

November 16, 2024 - 09:46:15
Django version 4.2.16, using settings 'ScriptRepo.settings'
Starting development server at http://127.0.0.1:25595/
Quit the server with CTRL-BREAK.

Watching for file changes with StatReloader
Exception in thread django-main-thread:
Traceback (most recent call last):
  File "C:\Python313\Lib\threading.py", line 1041, in _bootstrap_inner
    self.run()
    ~~~~~~~~^^
  File "C:\Python313\Lib\threading.py", line 992, in run
    self._target(*self._args, **self._kwargs)
    ~~~~~~~~~~~~^^^^^^^^^^^^^^^^^^^^^^^^^^^^^
  File "C:\Python313\Lib\site-packages\django\utils\autoreload.py", line 64, in wrapper
    fn(*args, **kwargs)
    ~~^^^^^^^^^^^^^^^^^
  File "C:\Python313\Lib\site-packages\django\core\management\commands\runserver.py", line 133, in inner_run
    self.check(display_num_errors=True)
    ~~~~~~~~~~^^^^^^^^^^^^^^^^^^^^^^^^^
  File "C:\Python313\Lib\site-packages\django\core\management\base.py", line 556, in check
    raise SystemCheckError(msg)
django.core.management.base.SystemCheckError: SystemCheckError: System check identified some issues:

ERRORS:
?: (staticfiles.E002) The STATICFILES_DIRS setting should not contain the STATIC_ROOT setting.

System check identified 1 issue (0 silenced).
C:\inetpub\wwwroot\ScriptRepo\ScriptRepo\ScriptRepo\settings.py changed, reloading.
Performing system checks...

Exception in thread django-main-thread:
Traceback (most recent call last):
  File "C:\Python313\Lib\threading.py", line 1041, in _bootstrap_inner
    self.run()
    ~~~~~~~~^^
  File "C:\Python313\Lib\threading.py", line 992, in run
    self._target(*self._args, **self._kwargs)
    ~~~~~~~~~~~~^^^^^^^^^^^^^^^^^^^^^^^^^^^^^
  File "C:\Python313\Lib\site-packages\django\utils\autoreload.py", line 64, in wrapper
    fn(*args, **kwargs)
    ~~^^^^^^^^^^^^^^^^^
  File "C:\Python313\Lib\site-packages\django\core\management\commands\runserver.py", line 133, in inner_run
    self.check(display_num_errors=True)
    ~~~~~~~~~~^^^^^^^^^^^^^^^^^^^^^^^^^
  File "C:\Python313\Lib\site-packages\django\core\management\base.py", line 556, in check
    raise SystemCheckError(msg)
django.core.management.base.SystemCheckError: SystemCheckError: System check identified some issues:

ERRORS:
?: (staticfiles.E002) The STATICFILES_DIRS setting should not contain the STATIC_ROOT setting.

System check identified 1 issue (0 silenced).
Performing system checks...

[16/Nov/2024 09:46:56] "GET /ScriptRepository/ HTTP/1.1" 200 4805
[16/Nov/2024 09:46:56] "GET /ScriptRepository/media/profile_pics/avatar.png HTTP/1.1" 404 179
Performing system checks...

System check identified no issues (0 silenced).
November 16, 2024 - 09:46:55
Django version 4.2.16, using settings 'ScriptRepo.settings'
Starting development server at http://127.0.0.1:25595/
Quit the server with CTRL-BREAK.

Exception in thread django-main-thread:
Traceback (most recent call last):
  File "C:\Python313\Lib\threading.py", line 1041, in _bootstrap_inner
    self.run()
    ~~~~~~~~^^
  File "C:\Python313\Lib\threading.py", line 992, in run
    self._target(*self._args, **self._kwargs)
    ~~~~~~~~~~~~^^^^^^^^^^^^^^^^^^^^^^^^^^^^^
  File "C:\Python313\Lib\site-packages\django\utils\autoreload.py", line 64, in wrapper
    fn(*args, **kwargs)
    ~~^^^^^^^^^^^^^^^^^
  File "C:\Python313\Lib\site-packages\django\core\management\commands\runserver.py", line 133, in inner_run
    self.check(display_num_errors=True)
    ~~~~~~~~~~^^^^^^^^^^^^^^^^^^^^^^^^^
  File "C:\Python313\Lib\site-packages\django\core\management\base.py", line 556, in check
    raise SystemCheckError(msg)
django.core.management.base.SystemCheckError: SystemCheckError: System check identified some issues:

ERRORS:
?: (staticfiles.E002) The STATICFILES_DIRS setting should not contain the STATIC_ROOT setting.

System check identified 1 issue (0 silenced).
Performing system checks...

Traceback (most recent call last):
  File "C:\inetpub\wwwroot\ScriptRepo\ScriptRepo\manage.py", line 22, in <module>
    main()
    ~~~~^^
  File "C:\inetpub\wwwroot\ScriptRepo\ScriptRepo\manage.py", line 18, in main
    execute_from_command_line(sys.argv)
    ~~~~~~~~~~~~~~~~~~~~~~~~~^^^^^^^^^^
  File "C:\Python313\Lib\site-packages\django\core\management\__init__.py", line 442, in execute_from_command_line
    utility.execute()
    ~~~~~~~~~~~~~~~^^
  File "C:\Python313\Lib\site-packages\django\core\management\__init__.py", line 382, in execute
    settings.INSTALLED_APPS
  File "C:\Python313\Lib\site-packages\django\conf\__init__.py", line 102, in __getattr__
    self._setup(name)
    ~~~~~~~~~~~^^^^^^
  File "C:\Python313\Lib\site-packages\django\conf\__init__.py", line 89, in _setup
    self._wrapped = Settings(settings_module)
                    ~~~~~~~~^^^^^^^^^^^^^^^^^
  File "C:\Python313\Lib\site-packages\django\conf\__init__.py", line 217, in __init__
    mod = importlib.import_module(self.SETTINGS_MODULE)
  File "C:\Python313\Lib\importlib\__init__.py", line 88, in import_module
    return _bootstrap._gcd_import(name[level:], package, level)
           ~~~~~~~~~~~~~~~~~~~~~~^^^^^^^^^^^^^^^^^^^^^^^^^^^^^^
  File "<frozen importlib._bootstrap>", line 1387, in _gcd_import
  File "<frozen importlib._bootstrap>", line 1360, in _find_and_load
  File "<frozen importlib._bootstrap>", line 1331, in _find_and_load_unlocked
  File "<frozen importlib._bootstrap>", line 935, in _load_unlocked
  File "<frozen importlib._bootstrap_external>", line 1022, in exec_module
  File "<frozen importlib._bootstrap>", line 488, in _call_with_frames_removed
  File "C:\inetpub\wwwroot\ScriptRepo\ScriptRepo\ScriptRepo\settings.py", line 126, in <module>
    if DEBUG.settings:
       ^^^^^^^^^^^^^^
AttributeError: 'bool' object has no attribute 'settings'
