Performing system checks...

System check identified no issues (0 silenced).
November 18, 2024 - 21:34:34
Django version 4.2.16, using settings 'ScriptRepo.settings'
Starting development server at http://127.0.0.1:10319/
Quit the server with CTRL-BREAK.

[18/Nov/2024 21:34:34] "GET /ScriptRepository/check_smtp/ HTTP/1.1" 200 56
[18/Nov/2024 21:34:38] "GET /ScriptRepository/check_smtp/ HTTP/1.1" 200 56
[18/Nov/2024 21:34:39] "GET /ScriptRepository/check_smtp/ HTTP/1.1" 200 56
[18/Nov/2024 21:34:39] "GET /ScriptRepository/check_smtp/ HTTP/1.1" 200 56
[18/Nov/2024 21:34:40] "GET /ScriptRepository/check_smtp/ HTTP/1.1" 200 56
[18/Nov/2024 21:34:40] "GET /ScriptRepository/check_smtp/ HTTP/1.1" 200 56
[18/Nov/2024 21:34:41] "GET /ScriptRepository/check_smtp/ HTTP/1.1" 200 56
[18/Nov/2024 21:34:41] "GET /ScriptRepository/check_smtp/ HTTP/1.1" 200 56
[18/Nov/2024 21:34:42] "GET /ScriptRepository/check_smtp/ HTTP/1.1" 200 56
[18/Nov/2024 21:34:43] "GET /ScriptRepository/check_smtp/ HTTP/1.1" 200 56
[18/Nov/2024 21:34:43] "GET /ScriptRepository/check_smtp/ HTTP/1.1" 200 56
Performing system checks...

System check identified no issues (0 silenced).
November 18, 2024 - 21:34:50
Django version 4.2.16, using settings 'ScriptRepo.settings'
Starting development server at http://127.0.0.1:10319/
Quit the server with CTRL-BREAK.

[18/Nov/2024 21:34:53] "GET /ScriptRepository/check_smtp/ HTTP/1.1" 200 27
Performing system checks...

System check identified no issues (0 silenced).
November 18, 2024 - 21:45:01
Django version 4.2.16, using settings 'ScriptRepo.settings'
Starting development server at http://127.0.0.1:10319/
Quit the server with CTRL-BREAK.

Performing system checks...

System check identified no issues (0 silenced).
November 18, 2024 - 21:45:04
Django version 4.2.16, using settings 'ScriptRepo.settings'
Starting development server at http://127.0.0.1:10319/
Quit the server with CTRL-BREAK.

[18/Nov/2024 21:45:16] "GET /ScriptRepository/check_smtp/ HTTP/1.1" 200 27
[18/Nov/2024 21:45:18] "GET /ScriptRepository/ HTTP/1.1" 200 5595
[18/Nov/2024 21:45:19] "GET /ScriptRepository/about/ HTTP/1.1" 200 53
Performing system checks...

System check identified no issues (0 silenced).
November 18, 2024 - 21:46:24
Django version 4.2.16, using settings 'ScriptRepo.settings'
Starting development server at http://127.0.0.1:10319/
Quit the server with CTRL-BREAK.

[18/Nov/2024 21:46:29] "GET /ScriptRepository/about/ HTTP/1.1" 200 132
[18/Nov/2024 21:46:43] "GET /ScriptRepository/about/ HTTP/1.1" 200 113
Performing system checks...

System check identified no issues (0 silenced).
November 18, 2024 - 21:48:04
Django version 4.2.16, using settings 'ScriptRepo.settings'
Starting development server at http://127.0.0.1:10319/
Quit the server with CTRL-BREAK.

[18/Nov/2024 21:48:06] "GET /ScriptRepository/about/ HTTP/1.1" 200 52
[18/Nov/2024 21:48:09] "GET /ScriptRepository/about/ HTTP/1.1" 200 52
[18/Nov/2024 21:48:10] "GET /ScriptRepository/about/ HTTP/1.1" 200 52
[18/Nov/2024 21:48:11] "GET /ScriptRepository/about/ HTTP/1.1" 200 52
[18/Nov/2024 21:48:11] "GET /ScriptRepository/about/ HTTP/1.1" 200 52
[18/Nov/2024 21:48:12] "GET /ScriptRepository/about/ HTTP/1.1" 200 52
[18/Nov/2024 21:48:12] "GET /ScriptRepository/about/ HTTP/1.1" 200 52
[18/Nov/2024 21:48:12] "GET /ScriptRepository/about/ HTTP/1.1" 200 52
[18/Nov/2024 21:48:23] "GET /ScriptRepository/smtp-check HTTP/1.1" 404 179
[18/Nov/2024 21:48:59] "GET /ScriptRepository/check_smtp/ HTTP/1.1" 200 54
[18/Nov/2024 21:49:04] "GET /ScriptRepository/check_smtp/ HTTP/1.1" 200 54
[18/Nov/2024 21:49:05] "GET /ScriptRepository/check_smtp/ HTTP/1.1" 200 54
Performing system checks...

System check identified no issues (0 silenced).
November 18, 2024 - 21:49:31
Django version 4.2.16, using settings 'ScriptRepo.settings'
Starting development server at http://127.0.0.1:10319/
Quit the server with CTRL-BREAK.

[18/Nov/2024 21:49:38] "GET /ScriptRepository/check_smtp/ HTTP/1.1" 200 115
Performing system checks...

System check identified no issues (0 silenced).
November 18, 2024 - 21:49:40
Django version 4.2.16, using settings 'ScriptRepo.settings'
Starting development server at http://127.0.0.1:10319/
Quit the server with CTRL-BREAK.

[18/Nov/2024 21:49:47] "GET /ScriptRepository/check_smtp/ HTTP/1.1" 200 115
[18/Nov/2024 21:50:02] "GET /ScriptRepository/check_smtp/ HTTP/1.1" 200 115
Performing system checks...

System check identified no issues (0 silenced).
November 18, 2024 - 21:50:07
Django version 4.2.16, using settings 'ScriptRepo.settings'
Starting development server at http://127.0.0.1:10319/
Quit the server with CTRL-BREAK.

Performing system checks...

System check identified no issues (0 silenced).
November 18, 2024 - 21:50:09
Django version 4.2.16, using settings 'ScriptRepo.settings'
Starting development server at http://127.0.0.1:10319/
Quit the server with CTRL-BREAK.

[18/Nov/2024 21:50:16] "GET /ScriptRepository/check_smtp/ HTTP/1.1" 200 115
[18/Nov/2024 21:51:29] "GET /ScriptRepository/check_smtp/ HTTP/1.1" 200 115
[18/Nov/2024 21:52:03] "GET /ScriptRepository/check_smtp/ HTTP/1.1" 200 115
[18/Nov/2024 21:52:47] "GET /ScriptRepository/check_smtp/ HTTP/1.1" 200 115
[18/Nov/2024 21:54:47] "GET /ScriptRepository/check_smtp/ HTTP/1.1" 200 27
[18/Nov/2024 21:54:52] "GET /ScriptRepository/ HTTP/1.1" 200 5595
[18/Nov/2024 21:54:57] "GET /ScriptRepository/about/ HTTP/1.1" 200 132
[18/Nov/2024 21:56:52] "GET /ScriptRepository/about/ HTTP/1.1" 200 132
[18/Nov/2024 21:57:38] "GET /ScriptRepository/about/ HTTP/1.1" 200 132
Performing system checks...

System check identified no issues (0 silenced).
November 18, 2024 - 21:59:41
Django version 4.2.16, using settings 'ScriptRepo.settings'
Starting development server at http://127.0.0.1:10319/
Quit the server with CTRL-BREAK.

[18/Nov/2024 21:59:55] "GET /ScriptRepository/about/ HTTP/1.1" 200 65
Performing system checks...

System check identified no issues (0 silenced).
November 18, 2024 - 22:00:25
Django version 4.2.16, using settings 'ScriptRepo.settings'
Starting development server at http://127.0.0.1:10319/
Quit the server with CTRL-BREAK.

[18/Nov/2024 22:00:28] "GET /ScriptRepository/about/ HTTP/1.1" 200 132
[18/Nov/2024 22:00:46] "GET /ScriptRepository/about/ HTTP/1.1" 200 132
[18/Nov/2024 22:03:21] "GET /ScriptRepository/check_smtp/ HTTP/1.1" 200 27
[18/Nov/2024 22:03:25] "GET /ScriptRepository/check_smtp/ HTTP/1.1" 200 27
[18/Nov/2024 22:03:34] "GET /ScriptRepository/about/ HTTP/1.1" 200 132
Performing system checks...

System check identified no issues (0 silenced).
November 18, 2024 - 22:05:19
Django version 4.2.16, using settings 'ScriptRepo.settings'
Starting development server at http://127.0.0.1:10319/
Quit the server with CTRL-BREAK.

[18/Nov/2024 22:05:31] "GET /ScriptRepository/about/ HTTP/1.1" 200 132
[18/Nov/2024 22:05:36] "GET /ScriptRepository/about/ HTTP/1.1" 200 113
Performing system checks...

System check identified no issues (0 silenced).
November 18, 2024 - 22:07:58
Django version 4.2.16, using settings 'ScriptRepo.settings'
Starting development server at http://127.0.0.1:10319/
Quit the server with CTRL-BREAK.

[18/Nov/2024 22:08:04] "GET /ScriptRepository/about/ HTTP/1.1" 200 132
[18/Nov/2024 22:18:37] "GET /ScriptRepository/about/ HTTP/1.1" 200 132
[18/Nov/2024 22:19:05] "GET /ScriptRepository/about/ HTTP/1.1" 200 132
[18/Nov/2024 22:19:34] "GET /ScriptRepository/about/ HTTP/1.1" 200 132
[18/Nov/2024 22:19:58] "GET /ScriptRepository/ HTTP/1.1" 200 5595
[18/Nov/2024 22:20:00] "GET /ScriptRepository/login/ HTTP/1.1" 200 5517
[18/Nov/2024 22:20:02] "GET /ScriptRepository/password-reset/ HTTP/1.1" 200 4852
[18/Nov/2024 22:20:10] "POST /ScriptRepository/password-reset/ HTTP/1.1" 302 0
[18/Nov/2024 22:20:10] "GET /ScriptRepository/password-reset/done/ HTTP/1.1" 200 4125
[18/Nov/2024 22:21:22] "GET /ScriptRepository/login/ HTTP/1.1" 200 5517
[18/Nov/2024 22:21:24] "GET /ScriptRepository/password-reset/ HTTP/1.1" 200 4852
[18/Nov/2024 22:21:34] "POST /ScriptRepository/password-reset/ HTTP/1.1" 302 0
[18/Nov/2024 22:21:34] "GET /ScriptRepository/password-reset/done/ HTTP/1.1" 200 4125
[18/Nov/2024 22:21:39] "GET /ScriptRepository/about/ HTTP/1.1" 200 132
[18/Nov/2024 22:22:35] "GET /ScriptRepository/about/ HTTP/1.1" 200 132
[18/Nov/2024 22:22:51] "GET /ScriptRepository/check_smtp/ HTTP/1.1" 200 115
[18/Nov/2024 22:23:03] "GET /ScriptRepository/check_smtp/ HTTP/1.1" 200 27
