Performing system checks...

System check identified no issues (0 silenced).
November 27, 2024 - 22:58:11
Django version 4.2.16, using settings 'ScriptRepo.settings'
Starting development server at http://127.0.0.1:10113/
Quit the server with CTRL-BREAK.

[27/Nov/2024 22:58:11] "GET /ScriptRepository/ HTTP/1.1" 200 6389
[27/Nov/2024 23:03:22] "GET /ScriptRepository/ HTTP/1.1" 200 6389
[27/Nov/2024 23:03:22] "GET /ScriptRepository/static/blog/main.css HTTP/1.1" 304 0
[27/Nov/2024 23:03:22] "GET /ScriptRepository/static/blog/logo.png HTTP/1.1" 304 0
[27/Nov/2024 23:03:22] "GET /ScriptRepository/media/profile_pics/BackGround.png HTTP/1.1" 304 0
[27/Nov/2024 23:03:34] "GET /ScriptRepository/admin HTTP/1.1" 301 0
[27/Nov/2024 23:03:35] "GET /ScriptRepository/admin/ HTTP/1.1" 302 0
[27/Nov/2024 23:03:35] "GET /ScriptRepository/admin/login/?next=/ScriptRepository/admin/ HTTP/1.1" 200 4368
[27/Nov/2024 23:03:36] "GET /ScriptRepository/static/admin/css/base.css HTTP/1.1" 200 22092
[27/Nov/2024 23:03:36] "GET /ScriptRepository/static/admin/js/nav_sidebar.js HTTP/1.1" 200 3063
[27/Nov/2024 23:03:36] "GET /ScriptRepository/static/admin/css/dark_mode.css HTTP/1.1" 200 2804
[27/Nov/2024 23:03:36] "GET /ScriptRepository/static/admin/css/login.css HTTP/1.1" 200 951
[27/Nov/2024 23:03:36] "GET /ScriptRepository/static/admin/css/nav_sidebar.css HTTP/1.1" 200 2810
[27/Nov/2024 23:03:36] "GET /ScriptRepository/static/admin/js/theme.js HTTP/1.1" 200 1653
[27/Nov/2024 23:03:36] "GET /ScriptRepository/static/admin/css/responsive.css HTTP/1.1" 200 17972
[27/Nov/2024 23:03:44] "POST /ScriptRepository/admin/login/?next=/ScriptRepository/admin/ HTTP/1.1" 200 4531
[27/Nov/2024 23:03:50] "POST /ScriptRepository/admin/login/?next=/ScriptRepository/admin/ HTTP/1.1" 200 4531
[27/Nov/2024 23:03:58] "POST /ScriptRepository/admin/login/?next=/ScriptRepository/admin/ HTTP/1.1" 200 4530
[27/Nov/2024 23:08:01] "GET /ScriptRepository/ HTTP/1.1" 200 6389
[27/Nov/2024 23:08:04] "GET /ScriptRepository/login/ HTTP/1.1" 200 5517
[27/Nov/2024 23:08:12] "POST /ScriptRepository/login/ HTTP/1.1" 302 0
[27/Nov/2024 23:08:12] "GET /ScriptRepository/ HTTP/1.1" 200 6517
[27/Nov/2024 23:08:19] "GET /ScriptRepository/admin HTTP/1.1" 301 0
[27/Nov/2024 23:08:19] "GET /ScriptRepository/admin/ HTTP/1.1" 200 7254
[27/Nov/2024 23:08:20] "GET /ScriptRepository/static/admin/css/base.css HTTP/1.1" 200 22092
[27/Nov/2024 23:08:20] "GET /ScriptRepository/static/admin/css/dark_mode.css HTTP/1.1" 200 2804
[27/Nov/2024 23:08:20] "GET /ScriptRepository/static/admin/css/nav_sidebar.css HTTP/1.1" 200 2810
[27/Nov/2024 23:08:20] "GET /ScriptRepository/static/admin/css/dashboard.css HTTP/1.1" 200 441
[27/Nov/2024 23:08:20] "GET /ScriptRepository/static/admin/js/theme.js HTTP/1.1" 200 1653
[27/Nov/2024 23:08:20] "GET /ScriptRepository/static/admin/css/responsive.css HTTP/1.1" 200 17972
[27/Nov/2024 23:08:20] "GET /ScriptRepository/static/admin/js/nav_sidebar.js HTTP/1.1" 200 3063
[27/Nov/2024 23:08:20] "GET /ScriptRepository/static/admin/img/icon-addlink.svg HTTP/1.1" 200 331
[27/Nov/2024 23:08:20] "GET /ScriptRepository/static/admin/img/icon-changelink.svg HTTP/1.1" 200 380
[27/Nov/2024 23:08:24] "GET /ScriptRepository/admin/blog/post/ HTTP/1.1" 200 10105
[27/Nov/2024 23:08:25] "GET /ScriptRepository/static/admin/css/changelists.css HTTP/1.1" 200 6878
[27/Nov/2024 23:08:25] "GET /ScriptRepository/static/admin/js/jquery.init.js HTTP/1.1" 200 347
[27/Nov/2024 23:08:25] "GET /ScriptRepository/static/admin/js/actions.js HTTP/1.1" 200 8076
[27/Nov/2024 23:08:25] "GET /ScriptRepository/static/admin/js/admin/RelatedObjectLookups.js HTTP/1.1" 200 9097
[27/Nov/2024 23:08:25] "GET /ScriptRepository/static/admin/js/prepopulate.js HTTP/1.1" 200 1531
[27/Nov/2024 23:08:25] "GET /ScriptRepository/admin/jsi18n/ HTTP/1.1" 200 3343
[27/Nov/2024 23:08:25] "GET /ScriptRepository/static/admin/js/core.js HTTP/1.1" 200 6208
[27/Nov/2024 23:08:25] "GET /ScriptRepository/static/admin/js/urlify.js HTTP/1.1" 200 7887
[27/Nov/2024 23:08:25] "GET /ScriptRepository/static/admin/js/vendor/xregexp/xregexp.min.js HTTP/1.1" 200 163184
[27/Nov/2024 23:08:25] "GET /ScriptRepository/static/admin/js/vendor/jquery/jquery.min.js HTTP/1.1" 200 87533
[27/Nov/2024 23:08:26] "GET /ScriptRepository/static/admin/js/filters.js HTTP/1.1" 200 978
[27/Nov/2024 23:08:26] "GET /ScriptRepository/static/admin/img/tooltag-add.svg HTTP/1.1" 200 331
[27/Nov/2024 23:08:28] "GET /ScriptRepository/admin/blog/post/64/change/ HTTP/1.1" 200 13917
[27/Nov/2024 23:08:28] "GET /ScriptRepository/static/admin/css/forms.css HTTP/1.1" 200 8794
[27/Nov/2024 23:08:28] "GET /ScriptRepository/static/admin/js/prepopulate_init.js HTTP/1.1" 200 586
[27/Nov/2024 23:08:28] "GET /ScriptRepository/admin/jsi18n/ HTTP/1.1" 200 3343
[27/Nov/2024 23:08:28] "GET /ScriptRepository/static/admin/img/icon-viewlink.svg HTTP/1.1" 200 581
[27/Nov/2024 23:08:28] "GET /ScriptRepository/static/admin/js/calendar.js HTTP/1.1" 200 9141
[27/Nov/2024 23:08:28] "GET /ScriptRepository/static/admin/js/admin/DateTimeShortcuts.js HTTP/1.1" 200 19319
[27/Nov/2024 23:08:28] "GET /ScriptRepository/static/admin/js/change_form.js HTTP/1.1" 200 606
[27/Nov/2024 23:08:28] "GET /ScriptRepository/static/admin/css/widgets.css HTTP/1.1" 200 11564
[27/Nov/2024 23:08:29] "GET /ScriptRepository/static/admin/img/tooltag-arrowright.svg HTTP/1.1" 200 280
[27/Nov/2024 23:08:29] "GET /ScriptRepository/static/admin/img/icon-calendar.svg HTTP/1.1" 200 1086
[27/Nov/2024 23:08:29] "GET /ScriptRepository/static/admin/img/icon-clock.svg HTTP/1.1" 200 677
[27/Nov/2024 23:08:30] "GET /ScriptRepository/admin/blog/post/64/delete/ HTTP/1.1" 200 8444
[27/Nov/2024 23:08:30] "GET /ScriptRepository/static/admin/js/cancel.js HTTP/1.1" 200 884
[27/Nov/2024 23:08:32] "POST /ScriptRepository/admin/blog/post/64/delete/ HTTP/1.1" 302 0
[27/Nov/2024 23:08:32] "GET /ScriptRepository/admin/blog/post/ HTTP/1.1" 200 10037
[27/Nov/2024 23:08:32] "GET /ScriptRepository/admin/jsi18n/ HTTP/1.1" 200 3343
[27/Nov/2024 23:08:32] "GET /ScriptRepository/static/admin/img/icon-yes.svg HTTP/1.1" 200 436
[27/Nov/2024 23:08:34] "GET /ScriptRepository/admin/blog/post/62/change/ HTTP/1.1" 200 13911
[27/Nov/2024 23:08:34] "GET /ScriptRepository/admin/jsi18n/ HTTP/1.1" 200 3343
[27/Nov/2024 23:08:36] "GET /ScriptRepository/admin/blog/post/62/delete/ HTTP/1.1" 200 8444
[27/Nov/2024 23:08:37] "POST /ScriptRepository/admin/blog/post/62/delete/ HTTP/1.1" 302 0
[27/Nov/2024 23:08:38] "GET /ScriptRepository/admin/blog/post/ HTTP/1.1" 200 9816
[27/Nov/2024 23:08:38] "GET /ScriptRepository/admin/jsi18n/ HTTP/1.1" 200 3343
[27/Nov/2024 23:08:39] "GET /ScriptRepository/admin/blog/post/61/change/ HTTP/1.1" 200 13915
[27/Nov/2024 23:08:40] "GET /ScriptRepository/admin/jsi18n/ HTTP/1.1" 200 3343
[27/Nov/2024 23:08:41] "GET /ScriptRepository/admin/blog/post/61/delete/ HTTP/1.1" 200 8444
[27/Nov/2024 23:08:43] "POST /ScriptRepository/admin/blog/post/61/delete/ HTTP/1.1" 302 0
[27/Nov/2024 23:08:43] "GET /ScriptRepository/admin/blog/post/ HTTP/1.1" 200 8660
[27/Nov/2024 23:08:43] "GET /ScriptRepository/admin/jsi18n/ HTTP/1.1" 200 3343
[27/Nov/2024 23:08:44] "GET /ScriptRepository/admin/auth/user/ HTTP/1.1" 200 13445
[27/Nov/2024 23:08:45] "GET /ScriptRepository/admin/jsi18n/ HTTP/1.1" 200 3343
[27/Nov/2024 23:08:45] "GET /ScriptRepository/static/admin/img/icon-no.svg HTTP/1.1" 200 560
[27/Nov/2024 23:08:45] "GET /ScriptRepository/static/admin/img/search.svg HTTP/1.1" 200 458
[27/Nov/2024 23:08:45] "GET /ScriptRepository/static/admin/img/sorting-icons.svg HTTP/1.1" 200 1097
[27/Nov/2024 23:08:48] "GET /ScriptRepository/admin/auth/user/14/change/ HTTP/1.1" 200 22118
[27/Nov/2024 23:08:49] "GET /ScriptRepository/static/admin/js/SelectBox.js HTTP/1.1" 200 4530
[27/Nov/2024 23:08:49] "GET /ScriptRepository/admin/jsi18n/ HTTP/1.1" 200 3343
[27/Nov/2024 23:08:49] "GET /ScriptRepository/static/admin/js/SelectFilter2.js HTTP/1.1" 200 15502
[27/Nov/2024 23:08:49] "GET /ScriptRepository/static/admin/img/icon-unknown-alt.svg HTTP/1.1" 200 655
[27/Nov/2024 23:08:49] "GET /ScriptRepository/static/admin/img/icon-unknown.svg HTTP/1.1" 200 655
[27/Nov/2024 23:08:49] "GET /ScriptRepository/static/admin/img/selector-icons.svg HTTP/1.1" 200 3291
[27/Nov/2024 23:08:52] "GET /ScriptRepository/admin/auth/user/14/delete/ HTTP/1.1" 200 9243
[27/Nov/2024 23:08:53] "POST /ScriptRepository/admin/auth/user/14/delete/ HTTP/1.1" 302 0
[27/Nov/2024 23:08:53] "GET /ScriptRepository/admin/auth/user/ HTTP/1.1" 200 13140
[27/Nov/2024 23:08:54] "GET /ScriptRepository/admin/jsi18n/ HTTP/1.1" 200 3343
[27/Nov/2024 23:08:55] "GET /ScriptRepository/admin/auth/user/18/change/ HTTP/1.1" 200 22071
[27/Nov/2024 23:08:56] "GET /ScriptRepository/admin/jsi18n/ HTTP/1.1" 200 3343
[27/Nov/2024 23:08:57] "GET /ScriptRepository/admin/auth/user/18/delete/ HTTP/1.1" 200 8622
[27/Nov/2024 23:08:59] "POST /ScriptRepository/admin/auth/user/18/delete/ HTTP/1.1" 302 0
[27/Nov/2024 23:08:59] "GET /ScriptRepository/admin/auth/user/ HTTP/1.1" 200 12712
[27/Nov/2024 23:08:59] "GET /ScriptRepository/admin/jsi18n/ HTTP/1.1" 200 3343
[27/Nov/2024 23:09:01] "GET /ScriptRepository/admin/auth/user/19/change/ HTTP/1.1" 200 22071
[27/Nov/2024 23:09:01] "GET /ScriptRepository/admin/jsi18n/ HTTP/1.1" 200 3343
[27/Nov/2024 23:09:03] "GET /ScriptRepository/admin/auth/user/19/delete/ HTTP/1.1" 200 8622
[27/Nov/2024 23:09:04] "POST /ScriptRepository/admin/auth/user/19/delete/ HTTP/1.1" 302 0
[27/Nov/2024 23:09:05] "GET /ScriptRepository/admin/auth/user/ HTTP/1.1" 200 12283
[27/Nov/2024 23:09:05] "GET /ScriptRepository/admin/jsi18n/ HTTP/1.1" 200 3343
[27/Nov/2024 23:09:09] "GET /ScriptRepository/admin/auth/user/20/change/ HTTP/1.1" 200 22115
[27/Nov/2024 23:09:09] "GET /ScriptRepository/admin/jsi18n/ HTTP/1.1" 200 3343
[27/Nov/2024 23:09:53] "GET /ScriptRepository/admin/auth/user/ HTTP/1.1" 200 12129
[27/Nov/2024 23:09:53] "GET /ScriptRepository/admin/jsi18n/ HTTP/1.1" 200 3343
