[24/Jan/2025 05:37:30] "GET /ScriptRepository/ HTTP/1.1" 200 46324
[24/Jan/2025 05:37:34] "GET /ScriptRepository/login/ HTTP/1.1" 200 5517
[24/Jan/2025 05:37:42] "POST /ScriptRepository/login/ HTTP/1.1" 302 0
[24/Jan/2025 05:37:42] "GET /ScriptRepository/ HTTP/1.1" 200 46452
[24/Jan/2025 05:37:44] "GET /ScriptRepository/ HTTP/1.1" 200 46452
[24/Jan/2025 05:37:46] "GET /ScriptRepository/about/ HTTP/1.1" 200 4152
[24/Jan/2025 05:37:47] "GET /ScriptRepository/ HTTP/1.1" 200 46452
[24/Jan/2025 05:37:49] "GET /ScriptRepository/post/new/ HTTP/1.1" 200 5499
[24/Jan/2025 05:37:51] "GET /ScriptRepository/ HTTP/1.1" 200 46452
[24/Jan/2025 05:37:52] "GET /ScriptRepository/profile/ HTTP/1.1" 200 6219
[24/Jan/2025 05:37:54] "GET /ScriptRepository/logout/ HTTP/1.1" 405 0
[24/Jan/2025 05:37:56] "GET /ScriptRepository/logout/ HTTP/1.1" 405 0
[24/Jan/2025 05:37:57] "GET /ScriptRepository/logout/ HTTP/1.1" 405 0
[24/Jan/2025 05:37:58] "GET /ScriptRepository/logout/ HTTP/1.1" 405 0
[24/Jan/2025 05:37:58] "GET /ScriptRepository/logout/ HTTP/1.1" 405 0
[24/Jan/2025 05:37:58] "GET /ScriptRepository/logout/ HTTP/1.1" 405 0
[24/Jan/2025 05:38:07] "GET /ScriptRepository/ HTTP/1.1" 200 46324
[24/Jan/2025 05:38:08] "GET /ScriptRepository/login/ HTTP/1.1" 200 5517
[24/Jan/2025 05:38:16] "POST /ScriptRepository/login/ HTTP/1.1" 302 0
[24/Jan/2025 05:38:16] "GET /ScriptRepository/ HTTP/1.1" 200 46452
[24/Jan/2025 05:38:20] "GET /ScriptRepository/logout/ HTTP/1.1" 405 0
