[24/Jan/2025 06:15:14] "GET /ScriptRepository/ HTTP/1.1" 200 46324
[24/Jan/2025 06:15:17] "GET /ScriptRepository/login/ HTTP/1.1" 200 5517
[24/Jan/2025 06:15:25] "POST /ScriptRepository/login/ HTTP/1.1" 302 0
[24/Jan/2025 06:15:25] "GET /ScriptRepository/ HTTP/1.1" 200 46452
[24/Jan/2025 06:15:27] "GET /ScriptRepository/logout/ HTTP/1.1" 200 4164
[24/Jan/2025 06:15:37] "GET /ScriptRepository/ HTTP/1.1" 200 46324
[24/Jan/2025 06:15:39] "GET /ScriptRepository/about/ HTTP/1.1" 200 4024
[24/Jan/2025 06:15:40] "GET /ScriptRepository/ HTTP/1.1" 200 46324
[24/Jan/2025 06:15:42] "GET /ScriptRepository/login/ HTTP/1.1" 200 5517
[24/Jan/2025 06:15:50] "POST /ScriptRepository/login/ HTTP/1.1" 302 0
[24/Jan/2025 06:15:50] "GET /ScriptRepository/ HTTP/1.1" 200 46452
[24/Jan/2025 06:15:52] "GET /ScriptRepository/post/new/ HTTP/1.1" 200 5499
[24/Jan/2025 06:15:53] "GET /ScriptRepository/profile/ HTTP/1.1" 200 6179
[24/Jan/2025 06:15:55] "GET /ScriptRepository/logout/ HTTP/1.1" 200 4164
[24/Jan/2025 06:15:57] "GET /ScriptRepository/login/ HTTP/1.1" 200 5517
[24/Jan/2025 06:16:40] "GET /ScriptRepository/logout/ HTTP/1.1" 200 4164
[24/Jan/2025 06:16:43] "GET /ScriptRepository/login/ HTTP/1.1" 200 5517
[24/Jan/2025 06:16:50] "POST /ScriptRepository/login/ HTTP/1.1" 302 0
[24/Jan/2025 06:16:50] "GET /ScriptRepository/ HTTP/1.1" 200 46452
[24/Jan/2025 06:17:03] "GET /ScriptRepository/profile/ HTTP/1.1" 200 6179
[24/Jan/2025 06:17:08] "GET /ScriptRepository/ HTTP/1.1" 200 46452
[24/Jan/2025 06:17:11] "GET /ScriptRepository/ HTTP/1.1" 200 46452
[24/Jan/2025 06:17:12] "GET /ScriptRepository/profile/ HTTP/1.1" 200 6179
[24/Jan/2025 06:17:17] "GET /ScriptRepository/logout/ HTTP/1.1" 200 4164
[24/Jan/2025 06:17:19] "GET /ScriptRepository/login/ HTTP/1.1" 200 5517
[24/Jan/2025 06:17:20] "GET /ScriptRepository/password-reset/ HTTP/1.1" 200 4852
[24/Jan/2025 06:17:29] "POST /ScriptRepository/password-reset/ HTTP/1.1" 302 0
[24/Jan/2025 06:17:29] "GET /ScriptRepository/password-reset/done/ HTTP/1.1" 200 4125
