[24/Jan/2025 05:09:14] "GET /ScriptRepository/ HTTP/1.1" 200 46324
[24/Jan/2025 05:09:14] "GET /ScriptRepository/static/blog/main.css HTTP/1.1" 304 0
[24/Jan/2025 05:09:14] "GET /ScriptRepository/static/blog/logo.png HTTP/1.1" 304 0
[24/Jan/2025 05:09:14] "GET /ScriptRepository/media/default.jpg HTTP/1.1" 304 0
[24/Jan/2025 05:09:17] "GET /ScriptRepository/ HTTP/1.1" 200 46324
[24/Jan/2025 05:09:18] "GET /ScriptRepository/about/ HTTP/1.1" 200 4024
[24/Jan/2025 05:09:19] "GET /ScriptRepository/ HTTP/1.1" 200 46324
[24/Jan/2025 05:09:21] "GET /ScriptRepository/ HTTP/1.1" 200 46324
[24/Jan/2025 05:09:22] "GET /ScriptRepository/login/ HTTP/1.1" 200 5517
[24/Jan/2025 05:09:30] "POST /ScriptRepository/login/ HTTP/1.1" 302 0
[24/Jan/2025 05:09:30] "GET /ScriptRepository/ HTTP/1.1" 200 46452
[24/Jan/2025 05:09:36] "GET /ScriptRepository/profile/ HTTP/1.1" 200 6219
[24/Jan/2025 05:09:39] "GET /ScriptRepository/post/new/ HTTP/1.1" 200 5499
[24/Jan/2025 05:09:44] "GET /ScriptRepository/logout/ HTTP/1.1" 405 0
[24/Jan/2025 05:09:51] "GET /ScriptRepository/logout/ HTTP/1.1" 405 0
[24/Jan/2025 05:09:51] "GET /ScriptRepository/logout/ HTTP/1.1" 405 0
[24/Jan/2025 05:09:52] "GET /ScriptRepository/logout/ HTTP/1.1" 405 0
[24/Jan/2025 05:09:52] "GET /ScriptRepository/logout/ HTTP/1.1" 405 0
[24/Jan/2025 05:09:52] "GET /ScriptRepository/logout/ HTTP/1.1" 405 0
[24/Jan/2025 05:09:52] "GET /ScriptRepository/logout/ HTTP/1.1" 405 0
[24/Jan/2025 05:09:52] "GET /ScriptRepository/logout/ HTTP/1.1" 405 0
[24/Jan/2025 05:09:53] "GET /ScriptRepository/logout/ HTTP/1.1" 405 0
[24/Jan/2025 05:10:03] "GET /ScriptRepository/ HTTP/1.1" 200 46452
[24/Jan/2025 05:10:05] "GET /ScriptRepository/logout/ HTTP/1.1" 405 0
[24/Jan/2025 05:10:27] "GET /ScriptRepository/ HTTP/1.1" 200 46324
[24/Jan/2025 05:10:29] "GET /ScriptRepository/login/ HTTP/1.1" 200 5517
[24/Jan/2025 05:10:37] "POST /ScriptRepository/login/ HTTP/1.1" 302 0
[24/Jan/2025 05:10:37] "GET /ScriptRepository/ HTTP/1.1" 200 46452
[24/Jan/2025 05:10:39] "GET /ScriptRepository/logout/ HTTP/1.1" 405 0
