Performing system checks...

System check identified no issues (0 silenced).
January 24, 2025 - 04:17:07
Django version 4.2.16, using settings 'ScriptRepo.settings'
Starting development server at http://127.0.0.1:33075/
Quit the server with CTRL-BREAK.

[24/Jan/2025 04:17:08] "GET /ScriptRepository/ HTTP/1.1" 200 46324
[24/Jan/2025 04:17:12] "GET /ScriptRepository/register/ HTTP/1.1" 200 6515
[24/Jan/2025 04:17:17] "GET /ScriptRepository/login/ HTTP/1.1" 200 5517
[24/Jan/2025 04:17:21] "GET /ScriptRepository/password-reset/ HTTP/1.1" 200 4852
[24/Jan/2025 04:17:28] "POST /ScriptRepository/password-reset/ HTTP/1.1" 302 0
[24/Jan/2025 04:17:28] "GET /ScriptRepository/password-reset/done/ HTTP/1.1" 200 4125
[24/Jan/2025 04:18:12] "GET /ScriptRepository/register/ HTTP/1.1" 200 6515
[24/Jan/2025 04:18:14] "GET /ScriptRepository/login/ HTTP/1.1" 200 5517
[24/Jan/2025 04:18:17] "GET /ScriptRepository/password-reset/ HTTP/1.1" 200 4852
[24/Jan/2025 04:22:24] "POST /ScriptRepository/password-reset/ HTTP/1.1" 302 0
[24/Jan/2025 04:22:24] "GET /ScriptRepository/password-reset/done/ HTTP/1.1" 200 4125
[24/Jan/2025 04:26:18] "GET /ScriptRepository/ HTTP/1.1" 200 46324
[24/Jan/2025 04:26:21] "GET /ScriptRepository/login/ HTTP/1.1" 200 5517
[24/Jan/2025 04:26:23] "GET /ScriptRepository/password-reset/ HTTP/1.1" 200 4852
[24/Jan/2025 04:26:30] "POST /ScriptRepository/password-reset/ HTTP/1.1" 302 0
[24/Jan/2025 04:26:30] "GET /ScriptRepository/password-reset/done/ HTTP/1.1" 200 4125
[24/Jan/2025 04:26:41] "GET /ScriptRepository/login/ HTTP/1.1" 200 5517
[24/Jan/2025 04:26:47] "GET /ScriptRepository/admin HTTP/1.1" 301 0
[24/Jan/2025 04:26:47] "GET /ScriptRepository/admin/ HTTP/1.1" 302 0
[24/Jan/2025 04:26:47] "GET /ScriptRepository/admin/login/?next=/ScriptRepository/admin/ HTTP/1.1" 200 4368
[24/Jan/2025 04:26:47] "GET /ScriptRepository/static/admin/css/base.css HTTP/1.1" 200 22092
[24/Jan/2025 04:26:47] "GET /ScriptRepository/static/admin/css/responsive.css HTTP/1.1" 200 17972
[24/Jan/2025 04:26:47] "GET /ScriptRepository/static/admin/js/theme.js HTTP/1.1" 200 1653
[24/Jan/2025 04:26:47] "GET /ScriptRepository/static/admin/css/login.css HTTP/1.1" 200 951
[24/Jan/2025 04:26:47] "GET /ScriptRepository/static/admin/js/nav_sidebar.js HTTP/1.1" 200 3063
[24/Jan/2025 04:26:47] "GET /ScriptRepository/static/admin/css/dark_mode.css HTTP/1.1" 200 2804
[24/Jan/2025 04:26:47] "GET /ScriptRepository/static/admin/css/nav_sidebar.css HTTP/1.1" 200 2810
[24/Jan/2025 04:26:55] "POST /ScriptRepository/admin/login/?next=/ScriptRepository/admin/ HTTP/1.1" 302 0
[24/Jan/2025 04:26:55] "GET /ScriptRepository/admin/ HTTP/1.1" 200 8727
[24/Jan/2025 04:26:56] "GET /ScriptRepository/static/admin/css/dashboard.css HTTP/1.1" 200 441
[24/Jan/2025 04:26:56] "GET /ScriptRepository/static/admin/img/icon-changelink.svg HTTP/1.1" 200 380
[24/Jan/2025 04:26:56] "GET /ScriptRepository/static/admin/img/icon-addlink.svg HTTP/1.1" 200 331
[24/Jan/2025 04:26:56] "GET /ScriptRepository/static/admin/img/icon-deletelink.svg HTTP/1.1" 200 392
[24/Jan/2025 04:26:58] "GET /ScriptRepository/admin/auth/user/ HTTP/1.1" 200 13952
[24/Jan/2025 04:26:58] "GET /ScriptRepository/static/admin/css/changelists.css HTTP/1.1" 200 6878
[24/Jan/2025 04:26:58] "GET /ScriptRepository/static/admin/js/core.js HTTP/1.1" 200 6208
[24/Jan/2025 04:26:58] "GET /ScriptRepository/static/admin/js/urlify.js HTTP/1.1" 200 7887
[24/Jan/2025 04:26:58] "GET /ScriptRepository/static/admin/js/prepopulate.js HTTP/1.1" 200 1531
[24/Jan/2025 04:26:58] "GET /ScriptRepository/static/admin/js/admin/RelatedObjectLookups.js HTTP/1.1" 200 9097
[24/Jan/2025 04:26:58] "GET /ScriptRepository/static/admin/js/jquery.init.js HTTP/1.1" 200 347
[24/Jan/2025 04:26:58] "GET /ScriptRepository/static/admin/img/search.svg HTTP/1.1" 200 458
[24/Jan/2025 04:26:58] "GET /ScriptRepository/static/admin/js/actions.js HTTP/1.1" 200 8076
[24/Jan/2025 04:26:58] "GET /ScriptRepository/static/admin/img/icon-no.svg HTTP/1.1" 200 560
[24/Jan/2025 04:26:58] "GET /ScriptRepository/static/admin/js/vendor/jquery/jquery.min.js HTTP/1.1" 200 87533
[24/Jan/2025 04:26:58] "GET /ScriptRepository/static/admin/js/vendor/xregexp/xregexp.min.js HTTP/1.1" 200 163184
[24/Jan/2025 04:26:58] "GET /ScriptRepository/admin/jsi18n/ HTTP/1.1" 200 3343
[24/Jan/2025 04:26:58] "GET /ScriptRepository/static/admin/img/icon-yes.svg HTTP/1.1" 200 436
[24/Jan/2025 04:26:58] "GET /ScriptRepository/static/admin/js/filters.js HTTP/1.1" 200 978
[24/Jan/2025 04:26:58] "GET /ScriptRepository/static/admin/img/tooltag-add.svg HTTP/1.1" 200 331
[24/Jan/2025 04:26:58] "GET /ScriptRepository/static/admin/img/sorting-icons.svg HTTP/1.1" 200 1097
[24/Jan/2025 04:27:14] "GET /ScriptRepository/admin/auth/user/20/change/ HTTP/1.1" 200 22115
[24/Jan/2025 04:27:14] "GET /ScriptRepository/static/admin/js/prepopulate_init.js HTTP/1.1" 200 586
[24/Jan/2025 04:27:14] "GET /ScriptRepository/static/admin/js/SelectBox.js HTTP/1.1" 200 4530
[24/Jan/2025 04:27:14] "GET /ScriptRepository/static/admin/js/calendar.js HTTP/1.1" 200 9141
[24/Jan/2025 04:27:14] "GET /ScriptRepository/admin/jsi18n/ HTTP/1.1" 200 3343
[24/Jan/2025 04:27:14] "GET /ScriptRepository/static/admin/css/forms.css HTTP/1.1" 200 8794
[24/Jan/2025 04:27:14] "GET /ScriptRepository/static/admin/js/admin/DateTimeShortcuts.js HTTP/1.1" 200 19319
[24/Jan/2025 04:27:14] "GET /ScriptRepository/static/admin/js/SelectFilter2.js HTTP/1.1" 200 15502
[24/Jan/2025 04:27:15] "GET /ScriptRepository/static/admin/js/change_form.js HTTP/1.1" 200 606
[24/Jan/2025 04:27:15] "GET /ScriptRepository/static/admin/css/widgets.css HTTP/1.1" 200 11564
[24/Jan/2025 04:27:15] "GET /ScriptRepository/static/admin/img/icon-unknown.svg HTTP/1.1" 200 655
[24/Jan/2025 04:27:15] "GET /ScriptRepository/static/admin/img/icon-unknown-alt.svg HTTP/1.1" 200 655
[24/Jan/2025 04:27:15] "GET /ScriptRepository/static/admin/img/icon-clock.svg HTTP/1.1" 200 677
[24/Jan/2025 04:27:15] "GET /ScriptRepository/static/admin/img/icon-calendar.svg HTTP/1.1" 200 1086
[24/Jan/2025 04:27:15] "GET /ScriptRepository/static/admin/img/selector-icons.svg HTTP/1.1" 200 3291
[24/Jan/2025 04:27:24] "POST /ScriptRepository/admin/auth/user/20/change/ HTTP/1.1" 302 0
[24/Jan/2025 04:27:25] "GET /ScriptRepository/admin/auth/user/ HTTP/1.1" 200 14173
[24/Jan/2025 04:27:25] "GET /ScriptRepository/admin/jsi18n/ HTTP/1.1" 200 3343
[24/Jan/2025 04:27:28] "POST /ScriptRepository/admin/logout/ HTTP/1.1" 200 3729
[24/Jan/2025 04:27:32] "GET /ScriptRepository/ HTTP/1.1" 200 46324
[24/Jan/2025 04:27:34] "GET /ScriptRepository/login/ HTTP/1.1" 200 5517
[24/Jan/2025 04:27:37] "GET /ScriptRepository/password-reset/ HTTP/1.1" 200 4852
[24/Jan/2025 04:27:45] "POST /ScriptRepository/password-reset/ HTTP/1.1" 302 0
[24/Jan/2025 04:27:45] "GET /ScriptRepository/password-reset/done/ HTTP/1.1" 200 4125
[24/Jan/2025 04:28:31] "GET /ScriptRepository/password-reset-confirm/MjA/ck49q7-01c8438fa60811d795abcf2228b2d56c/ HTTP/1.1" 302 0
[24/Jan/2025 04:28:32] "GET /ScriptRepository/password-reset-confirm/MjA/set-password/ HTTP/1.1" 200 5565
[24/Jan/2025 04:28:32] "GET /ScriptRepository/static/blog/logo.png HTTP/1.1" 200 2773
[24/Jan/2025 04:28:32] "GET /ScriptRepository/static/blog/main.css HTTP/1.1" 200 1478
