Performing system checks...

System check identified no issues (0 silenced).
November 19, 2024 - 01:24:16
Django version 4.2.16, using settings 'ScriptRepo.settings'
Starting development server at http://127.0.0.1:22561/
Quit the server with CTRL-BREAK.

[19/Nov/2024 01:24:18] "GET /ScriptRepository/check_smtp/ HTTP/1.1" 200 27
[19/Nov/2024 01:24:47] "GET /ScriptRepository/about/ HTTP/1.1" 200 132
[19/Nov/2024 01:26:14] "GET /ScriptRepository/ HTTP/1.1" 200 6389
[19/Nov/2024 01:26:30] "GET /ScriptRepository/check_smtp/ HTTP/1.1" 200 27
[19/Nov/2024 01:44:27] "GET /ScriptRepository/check_smtp/ HTTP/1.1" 200 27
[19/Nov/2024 01:44:41] "GET /ScriptRepository/about/ HTTP/1.1" 200 132
Performing system checks...

System check identified no issues (0 silenced).
November 19, 2024 - 01:45:19
Django version 4.2.16, using settings 'ScriptRepo.settings'
Starting development server at http://127.0.0.1:22561/
Quit the server with CTRL-BREAK.

[19/Nov/2024 01:45:44] "GET /ScriptRepository/about/ HTTP/1.1" 200 86
[19/Nov/2024 01:46:20] "GET /ScriptRepository/check_smtp/ HTTP/1.1" 200 27
[19/Nov/2024 01:46:27] "GET /ScriptRepository/about/ HTTP/1.1" 200 86
Performing system checks...

System check identified no issues (0 silenced).
November 19, 2024 - 01:46:51
Django version 4.2.16, using settings 'ScriptRepo.settings'
Starting development server at http://127.0.0.1:22561/
Quit the server with CTRL-BREAK.

[19/Nov/2024 01:46:58] "GET /ScriptRepository/about/ HTTP/1.1" 200 132
