Performing system checks...

System check identified no issues (0 silenced).
November 19, 2024 - 05:36:16
Django version 4.2.16, using settings 'ScriptRepo.settings'
Starting development server at http://127.0.0.1:6400/
Quit the server with CTRL-BREAK.

[19/Nov/2024 05:36:19] "GET /ScriptRepository/check_smtp/ HTTP/1.1" 200 27
Performing system checks...

System check identified no issues (0 silenced).
November 19, 2024 - 05:39:18
Django version 4.2.16, using settings 'ScriptRepo.settings'
Starting development server at http://127.0.0.1:6400/
Quit the server with CTRL-BREAK.

[19/Nov/2024 05:39:33] "GET /ScriptRepository/about/ HTTP/1.1" 200 86
Performing system checks...

System check identified no issues (0 silenced).
November 19, 2024 - 05:39:57
Django version 4.2.16, using settings 'ScriptRepo.settings'
Starting development server at http://127.0.0.1:6400/
Quit the server with CTRL-BREAK.

[19/Nov/2024 05:40:07] "GET /ScriptRepository/about/ HTTP/1.1" 200 132
[19/Nov/2024 05:42:00] "GET /ScriptRepository/ HTTP/1.1" 200 6389
[19/Nov/2024 05:46:02] "GET /ScriptRepository/ HTTP/1.1" 200 6389
[19/Nov/2024 05:46:06] "GET /ScriptRepository/login/ HTTP/1.1" 200 5517
[19/Nov/2024 05:46:09] "GET /ScriptRepository/password-reset/ HTTP/1.1" 200 4852
[19/Nov/2024 05:46:17] "POST /ScriptRepository/password-reset/ HTTP/1.1" 302 0
[19/Nov/2024 05:46:17] "GET /ScriptRepository/password-reset/done/ HTTP/1.1" 200 4125
