[17/Nov/2024 21:31:25] "GET /ScriptRepository/ HTTP/1.1" 200 5723
[17/Nov/2024 21:31:25] "GET /ScriptRepository/media/profile_pics/BackGround.png HTTP/1.1" 304 0
[17/Nov/2024 21:31:27] "GET /ScriptRepository/ HTTP/1.1" 200 5723
[17/Nov/2024 21:31:28] "GET /ScriptRepository/ HTTP/1.1" 200 5723
[17/Nov/2024 21:31:31] "GET /ScriptRepository/profile/ HTTP/1.1" 200 6189
[17/Nov/2024 21:31:32] "GET /ScriptRepository/ HTTP/1.1" 200 5723
[17/Nov/2024 21:31:36] "GET /ScriptRepository/logout/ HTTP/1.1" 200 4164
[17/Nov/2024 21:31:37] "GET /ScriptRepository/login/ HTTP/1.1" 200 5517
[17/Nov/2024 21:31:39] "GET /ScriptRepository/register/ HTTP/1.1" 200 6515
[17/Nov/2024 21:31:54] "POST /ScriptRepository/register/ HTTP/1.1" 200 6674
[17/Nov/2024 21:32:07] "POST /ScriptRepository/register/ HTTP/1.1" 302 0
[17/Nov/2024 21:32:08] "GET /ScriptRepository/login/ HTTP/1.1" 200 5733
[17/Nov/2024 21:32:10] "GET /ScriptRepository/login/ HTTP/1.1" 200 5517
[17/Nov/2024 21:32:23] "POST /ScriptRepository/login/ HTTP/1.1" 302 0
[17/Nov/2024 21:32:24] "GET /ScriptRepository/ HTTP/1.1" 200 5723
[17/Nov/2024 21:32:24] "GET /ScriptRepository/media/profile_pics/BackGround.png HTTP/1.1" 304 0
[17/Nov/2024 21:32:35] "GET /ScriptRepository/profile/ HTTP/1.1" 200 6115
[17/Nov/2024 21:32:35] "GET /ScriptRepository/media/default.jpg HTTP/1.1" 304 0
[17/Nov/2024 21:32:41] "POST /ScriptRepository/profile/ HTTP/1.1" 302 0
[17/Nov/2024 21:32:42] "GET /ScriptRepository/profile/ HTTP/1.1" 200 6370
[17/Nov/2024 21:32:42] "GET /ScriptRepository/media/profile_pics/ironman_qf6Mgpt.jfif HTTP/1.1" 200 9789
[17/Nov/2024 21:32:43] "GET /ScriptRepository/ HTTP/1.1" 200 5723
[17/Nov/2024 21:32:46] "GET /ScriptRepository/post/new/ HTTP/1.1" 200 5499
[17/Nov/2024 21:32:50] "POST /ScriptRepository/post/new/ HTTP/1.1" 302 0
[17/Nov/2024 21:32:50] "GET /ScriptRepository/post/63/ HTTP/1.1" 200 5061
[17/Nov/2024 21:32:51] "GET /ScriptRepository/media/profile_pics/ironman_qf6Mgpt.jfif HTTP/1.1" 304 0
[17/Nov/2024 21:32:52] "GET /ScriptRepository/ HTTP/1.1" 200 6515
[17/Nov/2024 21:32:52] "GET /ScriptRepository/media/profile_pics/ironman_qf6Mgpt.jfif HTTP/1.1" 304 0
[17/Nov/2024 21:32:54] "GET /ScriptRepository/user/admin17 HTTP/1.1" 200 4858
[17/Nov/2024 21:32:54] "GET /ScriptRepository/media/profile_pics/ironman_qf6Mgpt.jfif HTTP/1.1" 304 0
[17/Nov/2024 21:33:00] "GET /ScriptRepository/ HTTP/1.1" 200 6515
[17/Nov/2024 21:33:00] "GET /ScriptRepository/media/profile_pics/ironman_qf6Mgpt.jfif HTTP/1.1" 304 0
[17/Nov/2024 21:33:00] "GET /ScriptRepository/media/profile_pics/BackGround.png HTTP/1.1" 304 0
[17/Nov/2024 21:33:01] "GET /ScriptRepository/post/63/ HTTP/1.1" 200 5061
[17/Nov/2024 21:33:03] "GET /ScriptRepository/post/63/delete/ HTTP/1.1" 200 4801
[17/Nov/2024 21:33:04] "POST /ScriptRepository/post/63/delete/ HTTP/1.1" 302 0
[17/Nov/2024 21:33:04] "GET /ScriptRepository HTTP/1.1" 301 0
[17/Nov/2024 21:33:04] "GET /ScriptRepository/ HTTP/1.1" 200 5723
[17/Nov/2024 21:33:06] "GET /ScriptRepository/post/61/ HTTP/1.1" 200 4784
[17/Nov/2024 21:33:09] "GET /ScriptRepository/logout/ HTTP/1.1" 200 4164
[17/Nov/2024 21:33:10] "GET /ScriptRepository/login/ HTTP/1.1" 200 5517
[17/Nov/2024 21:33:18] "POST /ScriptRepository/login/ HTTP/1.1" 302 0
[17/Nov/2024 21:33:18] "GET /ScriptRepository/ HTTP/1.1" 200 5723
[17/Nov/2024 21:33:22] "GET /ScriptRepository/asdasdasd HTTP/1.1" 404 179
[17/Nov/2024 21:33:25] "GET /ScriptRepository/ HTTP/1.1" 200 5723
[17/Nov/2024 21:33:26] "GET /ScriptRepository/ HTTP/1.1" 200 5723
[17/Nov/2024 21:33:28] "GET /ScriptRepository/logout/ HTTP/1.1" 200 4164
[17/Nov/2024 21:33:34] "GET /ScriptRepository/ HTTP/1.1" 200 5595
[17/Nov/2024 21:33:34] "GET /ScriptRepository/media/profile_pics/BackGround.png HTTP/1.1" 304 0
[17/Nov/2024 21:57:36] "GET /ScriptRepository/ HTTP/1.1" 200 5595
[17/Nov/2024 21:57:36] "GET /ScriptRepository/media/profile_pics/BackGround.png HTTP/1.1" 304 0
[17/Nov/2024 21:57:42] "GET /ScriptRepository/ HTTP/1.1" 200 5595
