[17/Nov/2024 22:59:48] "GET /ScriptRepository/ HTTP/1.1" 200 5595
[17/Nov/2024 22:59:50] "GET /ScriptRepository/login/ HTTP/1.1" 200 5517
[17/Nov/2024 22:59:53] "GET /ScriptRepository/login/ HTTP/1.1" 200 5517
[17/Nov/2024 22:59:54] "GET /ScriptRepository/ HTTP/1.1" 200 5595
Performing system checks...

System check identified no issues (0 silenced).
November 17, 2024 - 22:59:48
Django version 4.2.16, using settings 'ScriptRepo.settings'
Starting development server at http://127.0.0.1:7020/
Quit the server with CTRL-BREAK.

Performing system checks...

System check identified no issues (0 silenced).
November 17, 2024 - 23:00:15
Django version 4.2.16, using settings 'ScriptRepo.settings'
Starting development server at http://127.0.0.1:7020/
Quit the server with CTRL-BREAK.

[17/Nov/2024 23:03:47] "GET /ScriptRepository/ HTTP/1.1" 301 0
[17/Nov/2024 23:03:49] "GET /ScriptRepository/ HTTP/1.1" 301 0
[17/Nov/2024 23:03:52] "GET /ScriptRepository/ HTTP/1.1" 301 0
[17/Nov/2024 23:03:52] "GET /ScriptRepository/ HTTP/1.1" 301 0
[17/Nov/2024 23:03:52] "GET /ScriptRepository/ HTTP/1.1" 301 0
[17/Nov/2024 23:03:53] "GET /ScriptRepository/ HTTP/1.1" 301 0
[17/Nov/2024 23:03:53] "GET /ScriptRepository/ HTTP/1.1" 301 0
[17/Nov/2024 23:03:53] "GET /ScriptRepository/ HTTP/1.1" 301 0
[17/Nov/2024 23:03:54] "GET /ScriptRepository/ HTTP/1.1" 301 0
[17/Nov/2024 23:03:54] "GET /ScriptRepository/ HTTP/1.1" 301 0
[17/Nov/2024 23:03:54] "GET /ScriptRepository/ HTTP/1.1" 301 0
[17/Nov/2024 23:03:54] "GET /ScriptRepository/ HTTP/1.1" 301 0
[17/Nov/2024 23:03:55] "GET /ScriptRepository/ HTTP/1.1" 301 0
[17/Nov/2024 23:03:55] "GET /ScriptRepository/ HTTP/1.1" 301 0
[17/Nov/2024 23:03:55] "GET /ScriptRepository/ HTTP/1.1" 301 0
[17/Nov/2024 23:03:55] "GET /ScriptRepository/ HTTP/1.1" 301 0
[17/Nov/2024 23:03:56] "GET /ScriptRepository/ HTTP/1.1" 301 0
[17/Nov/2024 23:03:56] "GET /ScriptRepository/ HTTP/1.1" 301 0
[17/Nov/2024 23:03:56] "GET /ScriptRepository/ HTTP/1.1" 301 0
[17/Nov/2024 23:03:56] "GET /ScriptRepository/ HTTP/1.1" 301 0
[17/Nov/2024 23:03:57] "GET /ScriptRepository/ HTTP/1.1" 301 0
[17/Nov/2024 23:03:57] "GET /ScriptRepository/ HTTP/1.1" 301 0
[17/Nov/2024 23:03:58] "GET /ScriptRepository/ HTTP/1.1" 301 0
[17/Nov/2024 23:03:58] "GET /ScriptRepository/ HTTP/1.1" 301 0
[17/Nov/2024 23:03:59] "GET /ScriptRepository/ HTTP/1.1" 301 0
[17/Nov/2024 23:03:59] "GET /ScriptRepository/ HTTP/1.1" 301 0
[17/Nov/2024 23:03:59] "GET /ScriptRepository/ HTTP/1.1" 301 0
[17/Nov/2024 23:03:59] "GET /ScriptRepository/ HTTP/1.1" 301 0
[17/Nov/2024 23:04:00] "GET /ScriptRepository/ HTTP/1.1" 301 0
[17/Nov/2024 23:04:00] "GET /ScriptRepository/ HTTP/1.1" 301 0
[17/Nov/2024 23:04:00] "GET /ScriptRepository/ HTTP/1.1" 301 0
[17/Nov/2024 23:04:00] "GET /ScriptRepository/ HTTP/1.1" 301 0
[17/Nov/2024 23:04:01] "GET /ScriptRepository/ HTTP/1.1" 301 0
[17/Nov/2024 23:04:01] "GET /ScriptRepository/ HTTP/1.1" 301 0
[17/Nov/2024 23:04:01] "GET /ScriptRepository/ HTTP/1.1" 301 0
[17/Nov/2024 23:04:02] "GET /ScriptRepository/ HTTP/1.1" 301 0
[17/Nov/2024 23:04:02] "GET /ScriptRepository/ HTTP/1.1" 301 0
[17/Nov/2024 23:04:02] "GET /ScriptRepository/ HTTP/1.1" 301 0
[17/Nov/2024 23:04:02] "GET /ScriptRepository/ HTTP/1.1" 301 0
[17/Nov/2024 23:04:03] "GET /ScriptRepository/ HTTP/1.1" 301 0
[17/Nov/2024 23:04:03] "GET /ScriptRepository/ HTTP/1.1" 301 0
[17/Nov/2024 23:04:03] "GET /ScriptRepository/ HTTP/1.1" 301 0
[17/Nov/2024 23:04:57] "GET /ScriptRepository/ HTTP/1.1" 301 0
[17/Nov/2024 23:04:58] "GET /ScriptRepository/ HTTP/1.1" 301 0
[17/Nov/2024 23:04:58] "GET /ScriptRepository/ HTTP/1.1" 301 0
[17/Nov/2024 23:04:58] "GET /ScriptRepository/ HTTP/1.1" 301 0
[17/Nov/2024 23:04:58] "GET /ScriptRepository/ HTTP/1.1" 301 0
[17/Nov/2024 23:04:59] "GET /ScriptRepository/ HTTP/1.1" 301 0
[17/Nov/2024 23:04:59] "GET /ScriptRepository/ HTTP/1.1" 301 0
[17/Nov/2024 23:04:59] "GET /ScriptRepository/ HTTP/1.1" 301 0
[17/Nov/2024 23:04:59] "GET /ScriptRepository/ HTTP/1.1" 301 0
[17/Nov/2024 23:05:00] "GET /ScriptRepository/ HTTP/1.1" 301 0
[17/Nov/2024 23:05:00] "GET /ScriptRepository/ HTTP/1.1" 301 0
[17/Nov/2024 23:05:01] "GET /ScriptRepository/ HTTP/1.1" 301 0
[17/Nov/2024 23:05:01] "GET /ScriptRepository/ HTTP/1.1" 301 0
[17/Nov/2024 23:05:01] "GET /ScriptRepository/ HTTP/1.1" 301 0
[17/Nov/2024 23:05:01] "GET /ScriptRepository/ HTTP/1.1" 301 0
[17/Nov/2024 23:05:02] "GET /ScriptRepository/ HTTP/1.1" 301 0
[17/Nov/2024 23:05:02] "GET /ScriptRepository/ HTTP/1.1" 301 0
[17/Nov/2024 23:05:02] "GET /ScriptRepository/ HTTP/1.1" 301 0
[17/Nov/2024 23:05:03] "GET /ScriptRepository/ HTTP/1.1" 301 0
[17/Nov/2024 23:05:03] "GET /ScriptRepository/ HTTP/1.1" 301 0
[17/Nov/2024 23:05:08] "GET /ScriptRepository/ HTTP/1.1" 301 0
[17/Nov/2024 23:05:08] "GET /ScriptRepository/ HTTP/1.1" 301 0
[17/Nov/2024 23:05:09] "GET /ScriptRepository/ HTTP/1.1" 301 0
[17/Nov/2024 23:05:09] "GET /ScriptRepository/ HTTP/1.1" 301 0
[17/Nov/2024 23:05:09] "GET /ScriptRepository/ HTTP/1.1" 301 0
[17/Nov/2024 23:05:09] "GET /ScriptRepository/ HTTP/1.1" 301 0
[17/Nov/2024 23:05:10] "GET /ScriptRepository/ HTTP/1.1" 301 0
[17/Nov/2024 23:05:10] "GET /ScriptRepository/ HTTP/1.1" 301 0
[17/Nov/2024 23:05:10] "GET /ScriptRepository/ HTTP/1.1" 301 0
[17/Nov/2024 23:05:10] "GET /ScriptRepository/ HTTP/1.1" 301 0
[17/Nov/2024 23:05:11] "GET /ScriptRepository/ HTTP/1.1" 301 0
[17/Nov/2024 23:05:11] "GET /ScriptRepository/ HTTP/1.1" 301 0
[17/Nov/2024 23:05:11] "GET /ScriptRepository/ HTTP/1.1" 301 0
[17/Nov/2024 23:05:11] "GET /ScriptRepository/ HTTP/1.1" 301 0
[17/Nov/2024 23:05:12] "GET /ScriptRepository/ HTTP/1.1" 301 0
[17/Nov/2024 23:05:12] "GET /ScriptRepository/ HTTP/1.1" 301 0
[17/Nov/2024 23:05:12] "GET /ScriptRepository/ HTTP/1.1" 301 0
[17/Nov/2024 23:05:12] "GET /ScriptRepository/ HTTP/1.1" 301 0
[17/Nov/2024 23:05:13] "GET /ScriptRepository/ HTTP/1.1" 301 0
[17/Nov/2024 23:05:13] "GET /ScriptRepository/ HTTP/1.1" 301 0
[17/Nov/2024 23:05:34] "GET /ScriptRepository/ HTTP/1.1" 301 0
[17/Nov/2024 23:05:35] "GET /ScriptRepository/ HTTP/1.1" 301 0
[17/Nov/2024 23:05:35] "GET /ScriptRepository/ HTTP/1.1" 301 0
[17/Nov/2024 23:05:35] "GET /ScriptRepository/ HTTP/1.1" 301 0
[17/Nov/2024 23:05:35] "GET /ScriptRepository/ HTTP/1.1" 301 0
[17/Nov/2024 23:05:36] "GET /ScriptRepository/ HTTP/1.1" 301 0
[17/Nov/2024 23:05:36] "GET /ScriptRepository/ HTTP/1.1" 301 0
[17/Nov/2024 23:05:36] "GET /ScriptRepository/ HTTP/1.1" 301 0
[17/Nov/2024 23:05:36] "GET /ScriptRepository/ HTTP/1.1" 301 0
[17/Nov/2024 23:05:37] "GET /ScriptRepository/ HTTP/1.1" 301 0
[17/Nov/2024 23:05:37] "GET /ScriptRepository/ HTTP/1.1" 301 0
[17/Nov/2024 23:05:37] "GET /ScriptRepository/ HTTP/1.1" 301 0
[17/Nov/2024 23:05:37] "GET /ScriptRepository/ HTTP/1.1" 301 0
[17/Nov/2024 23:05:38] "GET /ScriptRepository/ HTTP/1.1" 301 0
[17/Nov/2024 23:05:38] "GET /ScriptRepository/ HTTP/1.1" 301 0
[17/Nov/2024 23:05:38] "GET /ScriptRepository/ HTTP/1.1" 301 0
[17/Nov/2024 23:05:38] "GET /ScriptRepository/ HTTP/1.1" 301 0
[17/Nov/2024 23:05:39] "GET /ScriptRepository/ HTTP/1.1" 301 0
[17/Nov/2024 23:05:39] "GET /ScriptRepository/ HTTP/1.1" 301 0
[17/Nov/2024 23:05:39] "GET /ScriptRepository/ HTTP/1.1" 301 0
Performing system checks...

System check identified no issues (0 silenced).
November 17, 2024 - 23:03:44
Django version 4.2.16, using settings 'ScriptRepo.settings'
Starting development server at http://127.0.0.1:7020/
Quit the server with CTRL-BREAK.

[17/Nov/2024 23:06:07] "GET /ScriptRepository/ HTTP/1.1" 200 5595
[17/Nov/2024 23:06:08] "GET /ScriptRepository/media/profile_pics/BackGround.png HTTP/1.1" 200 120550
[17/Nov/2024 23:06:08] "GET /ScriptRepository/static/blog/logo.png HTTP/1.1" 200 2773
[17/Nov/2024 23:06:08] "GET /ScriptRepository/static/blog/main.css HTTP/1.1" 200 1478
[17/Nov/2024 23:06:10] "GET /ScriptRepository/ HTTP/1.1" 200 5595
Performing system checks...

System check identified no issues (0 silenced).
November 17, 2024 - 23:06:07
Django version 4.2.16, using settings 'ScriptRepo.settings'
Starting development server at http://127.0.0.1:7020/
Quit the server with CTRL-BREAK.

[17/Nov/2024 23:06:18] "GET /ScriptRepository/ HTTP/1.1" 200 5595
[17/Nov/2024 23:06:20] "GET /ScriptRepository/ HTTP/1.1" 200 5595
[17/Nov/2024 23:06:21] "GET /ScriptRepository/ HTTP/1.1" 200 5595
[17/Nov/2024 23:06:21] "GET /ScriptRepository/ HTTP/1.1" 200 5595
[17/Nov/2024 23:06:22] "GET /ScriptRepository/about/ HTTP/1.1" 200 4024
[17/Nov/2024 23:06:23] "GET /ScriptRepository/ HTTP/1.1" 200 5595
[17/Nov/2024 23:06:25] "GET /ScriptRepository/login/ HTTP/1.1" 200 5517
[17/Nov/2024 23:06:32] "POST /ScriptRepository/login/ HTTP/1.1" 302 0
[17/Nov/2024 23:06:33] "GET /ScriptRepository/ HTTP/1.1" 200 5723
Performing system checks...

System check identified no issues (0 silenced).
November 17, 2024 - 23:06:17
Django version 4.2.16, using settings 'ScriptRepo.settings'
Starting development server at http://127.0.0.1:7020/
Quit the server with CTRL-BREAK.

[17/Nov/2024 23:06:40] "GET /ScriptRepository/ HTTP/1.1" 301 0
[17/Nov/2024 23:06:41] "GET /ScriptRepository/ HTTP/1.1" 301 0
[17/Nov/2024 23:06:41] "GET /ScriptRepository/ HTTP/1.1" 301 0
[17/Nov/2024 23:06:41] "GET /ScriptRepository/ HTTP/1.1" 301 0
[17/Nov/2024 23:06:42] "GET /ScriptRepository/ HTTP/1.1" 301 0
[17/Nov/2024 23:06:42] "GET /ScriptRepository/ HTTP/1.1" 301 0
[17/Nov/2024 23:06:42] "GET /ScriptRepository/ HTTP/1.1" 301 0
[17/Nov/2024 23:06:42] "GET /ScriptRepository/ HTTP/1.1" 301 0
[17/Nov/2024 23:06:43] "GET /ScriptRepository/ HTTP/1.1" 301 0
[17/Nov/2024 23:06:43] "GET /ScriptRepository/ HTTP/1.1" 301 0
[17/Nov/2024 23:06:43] "GET /ScriptRepository/ HTTP/1.1" 301 0
[17/Nov/2024 23:06:43] "GET /ScriptRepository/ HTTP/1.1" 301 0
[17/Nov/2024 23:06:44] "GET /ScriptRepository/ HTTP/1.1" 301 0
[17/Nov/2024 23:06:44] "GET /ScriptRepository/ HTTP/1.1" 301 0
[17/Nov/2024 23:06:44] "GET /ScriptRepository/ HTTP/1.1" 301 0
[17/Nov/2024 23:06:44] "GET /ScriptRepository/ HTTP/1.1" 301 0
[17/Nov/2024 23:06:45] "GET /ScriptRepository/ HTTP/1.1" 301 0
[17/Nov/2024 23:06:45] "GET /ScriptRepository/ HTTP/1.1" 301 0
[17/Nov/2024 23:06:45] "GET /ScriptRepository/ HTTP/1.1" 301 0
[17/Nov/2024 23:06:46] "GET /ScriptRepository/ HTTP/1.1" 301 0
[17/Nov/2024 23:06:46] "GET /ScriptRepository/ HTTP/1.1" 301 0
[17/Nov/2024 23:06:51] "GET /ScriptRepository/ HTTP/1.1" 301 0
[17/Nov/2024 23:06:51] "GET /ScriptRepository/ HTTP/1.1" 301 0
[17/Nov/2024 23:06:52] "GET /ScriptRepository/ HTTP/1.1" 301 0
[17/Nov/2024 23:06:52] "GET /ScriptRepository/ HTTP/1.1" 301 0
[17/Nov/2024 23:06:52] "GET /ScriptRepository/ HTTP/1.1" 301 0
[17/Nov/2024 23:06:52] "GET /ScriptRepository/ HTTP/1.1" 301 0
[17/Nov/2024 23:06:53] "GET /ScriptRepository/ HTTP/1.1" 301 0
[17/Nov/2024 23:06:53] "GET /ScriptRepository/ HTTP/1.1" 301 0
[17/Nov/2024 23:06:53] "GET /ScriptRepository/ HTTP/1.1" 301 0
Performing system checks...

System check identified no issues (0 silenced).
November 17, 2024 - 23:06:40
Django version 4.2.16, using settings 'ScriptRepo.settings'
Starting development server at http://127.0.0.1:7020/
Quit the server with CTRL-BREAK.

[17/Nov/2024 23:06:57] "GET /ScriptRepository/ HTTP/1.1" 200 5723
[17/Nov/2024 23:06:58] "GET /ScriptRepository/ HTTP/1.1" 200 5723
[17/Nov/2024 23:09:20] "GET /ScriptRepository/ HTTP/1.1" 200 5723
[17/Nov/2024 23:09:22] "GET /ScriptRepository/ HTTP/1.1" 200 5723
[17/Nov/2024 23:09:24] "GET /ScriptRepository/ HTTP/1.1" 200 5723
[17/Nov/2024 23:09:25] "GET /ScriptRepository/logout/ HTTP/1.1" 200 4164
[17/Nov/2024 23:09:27] "GET /ScriptRepository/login/ HTTP/1.1" 200 5517
[17/Nov/2024 23:09:29] "GET /ScriptRepository/register/ HTTP/1.1" 200 6515
[17/Nov/2024 23:09:32] "GET /ScriptRepository/ HTTP/1.1" 200 5595
[17/Nov/2024 23:09:34] "GET /ScriptRepository/login/ HTTP/1.1" 200 5517
[17/Nov/2024 23:09:36] "GET /ScriptRepository/password-reset/ HTTP/1.1" 500 145
[17/Nov/2024 23:09:38] "GET /ScriptRepository/login/ HTTP/1.1" 200 5517
[17/Nov/2024 23:10:25] "GET /ScriptRepository/login/ HTTP/1.1" 200 5517
[17/Nov/2024 23:10:27] "GET /ScriptRepository/ HTTP/1.1" 200 5595
[17/Nov/2024 23:10:29] "GET /ScriptRepository/login/ HTTP/1.1" 200 5517
[17/Nov/2024 23:10:30] "GET /ScriptRepository/password-reset/ HTTP/1.1" 200 4853
[17/Nov/2024 23:11:06] "GET /ScriptRepository/password-reset/ HTTP/1.1" 200 4853
[17/Nov/2024 23:11:08] "GET /ScriptRepository/ HTTP/1.1" 200 5595
[17/Nov/2024 23:11:10] "GET /ScriptRepository/login/ HTTP/1.1" 200 5517
[17/Nov/2024 23:11:11] "GET /ScriptRepository/password-reset/ HTTP/1.1" 200 4853
[17/Nov/2024 23:14:21] "GET /ScriptRepository/ HTTP/1.1" 200 5595
[17/Nov/2024 23:14:23] "GET /ScriptRepository/login/ HTTP/1.1" 200 5517
[17/Nov/2024 23:14:24] "GET /ScriptRepository/password-reset/ HTTP/1.1" 200 4857
[17/Nov/2024 23:14:52] "GET /ScriptRepository/ HTTP/1.1" 200 5595
[17/Nov/2024 23:14:54] "GET /ScriptRepository/login/ HTTP/1.1" 200 5517
[17/Nov/2024 23:14:55] "GET /ScriptRepository/password-reset/ HTTP/1.1" 200 4857
