[15/Nov/2024 07:41:05] "GET /ScriptRepository/ HTTP/1.1" 200 8083
[15/Nov/2024 07:41:05] "GET /ScriptRepository/media/avatar_0c8prWL.png HTTP/1.1" 404 179
[15/Nov/2024 07:41:37] "GET /ScriptRepository/ HTTP/1.1" 200 8083
[15/Nov/2024 07:41:37] "GET /ScriptRepository/media/avatar_0c8prWL.png HTTP/1.1" 404 179
[15/Nov/2024 07:41:39] "GET /ScriptRepository/ HTTP/1.1" 200 8083
[15/Nov/2024 07:41:39] "GET /ScriptRepository/media/avatar_0c8prWL.png HTTP/1.1" 404 179
[15/Nov/2024 07:41:40] "GET /ScriptRepository/ HTTP/1.1" 200 8083
[15/Nov/2024 07:41:40] "GET /ScriptRepository/media/avatar_0c8prWL.png HTTP/1.1" 404 179
[15/Nov/2024 07:41:41] "GET /ScriptRepository/ HTTP/1.1" 200 8083
[15/Nov/2024 07:41:41] "GET /ScriptRepository/media/avatar_0c8prWL.png HTTP/1.1" 404 179
[15/Nov/2024 07:41:42] "GET /ScriptRepository/ HTTP/1.1" 200 8083
[15/Nov/2024 07:41:42] "GET /ScriptRepository/media/avatar_0c8prWL.png HTTP/1.1" 404 179
Performing system checks...

System check identified no issues (0 silenced).
November 15, 2024 - 07:41:05
Django version 4.2.16, using settings 'ScriptRepo.settings'
Starting development server at http://127.0.0.1:16381/
Quit the server with CTRL-BREAK.

Performing system checks...

System check identified no issues (0 silenced).
November 15, 2024 - 07:42:15
Django version 4.2.16, using settings 'ScriptRepo.settings'
Starting development server at http://127.0.0.1:16381/
Quit the server with CTRL-BREAK.

Performing system checks...

System check identified no issues (0 silenced).
November 15, 2024 - 07:42:41
Django version 4.2.16, using settings 'ScriptRepo.settings'
Starting development server at http://127.0.0.1:16381/
Quit the server with CTRL-BREAK.

Performing system checks...

System check identified no issues (0 silenced).
November 15, 2024 - 07:42:48
Django version 4.2.16, using settings 'ScriptRepo.settings'
Starting development server at http://127.0.0.1:16381/
Quit the server with CTRL-BREAK.

Performing system checks...

System check identified no issues (0 silenced).
November 15, 2024 - 07:42:51
Django version 4.2.16, using settings 'ScriptRepo.settings'
Starting development server at http://127.0.0.1:16381/
Quit the server with CTRL-BREAK.

[15/Nov/2024 07:42:59] "GET /ScriptRepository/ HTTP/1.1" 200 8083
[15/Nov/2024 07:43:00] "GET /ScriptRepository/media/avatar_0c8prWL.png HTTP/1.1" 404 179
[15/Nov/2024 07:43:02] "GET /ScriptRepository/ HTTP/1.1" 200 8083
[15/Nov/2024 07:43:02] "GET /ScriptRepository/media/avatar_0c8prWL.png HTTP/1.1" 404 179
[15/Nov/2024 07:43:02] "GET /ScriptRepository/ HTTP/1.1" 200 8083
[15/Nov/2024 07:43:03] "GET /ScriptRepository/media/avatar_0c8prWL.png HTTP/1.1" 404 179
[15/Nov/2024 07:43:04] "GET /ScriptRepository/login/ HTTP/1.1" 200 5517
[15/Nov/2024 07:43:14] "POST /ScriptRepository/login/ HTTP/1.1" 302 0
[15/Nov/2024 07:43:14] "GET /ScriptRepository/ HTTP/1.1" 200 8211
[15/Nov/2024 07:43:14] "GET /ScriptRepository/media/avatar_0c8prWL.png HTTP/1.1" 404 179
[15/Nov/2024 07:43:17] "GET /ScriptRepository/profile/ HTTP/1.1" 200 6162
[15/Nov/2024 07:43:17] "GET /ScriptRepository/media/avatar_0c8prWL.png HTTP/1.1" 404 179
[15/Nov/2024 07:43:23] "POST /ScriptRepository/profile/ HTTP/1.1" 302 0
[15/Nov/2024 07:43:24] "GET /ScriptRepository/profile/ HTTP/1.1" 200 6357
[15/Nov/2024 07:43:24] "GET /ScriptRepository/media/ironman_bTPkIFZ.jfif HTTP/1.1" 404 179
[15/Nov/2024 07:43:26] "GET /ScriptRepository/ HTTP/1.1" 200 8219
[15/Nov/2024 07:43:27] "GET /ScriptRepository/media/ironman_bTPkIFZ.jfif HTTP/1.1" 404 179
[15/Nov/2024 07:46:42] "GET /ScriptRepository/ HTTP/1.1" 200 8219
[15/Nov/2024 07:46:42] "GET /ScriptRepository/media/ironman_bTPkIFZ.jfif HTTP/1.1" 404 179
[15/Nov/2024 07:46:43] "GET /ScriptRepository/ HTTP/1.1" 200 8219
[15/Nov/2024 07:46:43] "GET /ScriptRepository/media/ironman_bTPkIFZ.jfif HTTP/1.1" 404 179
[15/Nov/2024 07:46:44] "GET /ScriptRepository/about/ HTTP/1.1" 200 4152
[15/Nov/2024 07:46:46] "GET /ScriptRepository/ HTTP/1.1" 200 8219
[15/Nov/2024 07:46:46] "GET /ScriptRepository/media/ironman_bTPkIFZ.jfif HTTP/1.1" 404 179
[15/Nov/2024 07:46:47] "GET /ScriptRepository/ HTTP/1.1" 200 8219
[15/Nov/2024 07:46:47] "GET /ScriptRepository/media/ironman_bTPkIFZ.jfif HTTP/1.1" 404 179
[15/Nov/2024 07:46:49] "GET /ScriptRepository/profile/ HTTP/1.1" 200 6168
[15/Nov/2024 07:46:49] "GET /ScriptRepository/media/ironman_bTPkIFZ.jfif HTTP/1.1" 404 179
[15/Nov/2024 07:46:51] "GET /ScriptRepository/ HTTP/1.1" 200 8219
[15/Nov/2024 07:46:52] "GET /ScriptRepository/media/ironman_bTPkIFZ.jfif HTTP/1.1" 404 179
Performing system checks...

System check identified no issues (0 silenced).
November 15, 2024 - 07:42:53
Django version 4.2.16, using settings 'ScriptRepo.settings'
Starting development server at http://127.0.0.1:16381/
Quit the server with CTRL-BREAK.

[15/Nov/2024 07:47:36] "GET /ScriptRepository/ HTTP/1.1" 200 8219
[15/Nov/2024 07:47:36] "GET /ScriptRepository/media/ironman_bTPkIFZ.jfif HTTP/1.1" 404 179
[15/Nov/2024 07:47:38] "GET /ScriptRepository/ HTTP/1.1" 200 8219
[15/Nov/2024 07:47:38] "GET /ScriptRepository/media/ironman_bTPkIFZ.jfif HTTP/1.1" 404 179
[15/Nov/2024 07:47:38] "GET /ScriptRepository/ HTTP/1.1" 200 8219
[15/Nov/2024 07:47:39] "GET /ScriptRepository/media/ironman_bTPkIFZ.jfif HTTP/1.1" 404 179
[15/Nov/2024 07:47:43] "GET /ScriptRepository/admin/ HTTP/1.1" 200 9940
[15/Nov/2024 07:47:43] "GET /ScriptRepository/static/admin/js/theme.js HTTP/1.1" 200 1653
[15/Nov/2024 07:47:43] "GET /ScriptRepository/static/admin/css/nav_sidebar.css HTTP/1.1" 200 2810
[15/Nov/2024 07:47:43] "GET /ScriptRepository/static/admin/css/dark_mode.css HTTP/1.1" 200 2804
[15/Nov/2024 07:47:43] "GET /ScriptRepository/static/admin/css/base.css HTTP/1.1" 200 22092
[15/Nov/2024 07:47:43] "GET /ScriptRepository/static/admin/css/dashboard.css HTTP/1.1" 200 441
[15/Nov/2024 07:47:43] "GET /ScriptRepository/static/admin/css/responsive.css HTTP/1.1" 200 17972
[15/Nov/2024 07:47:43] "GET /ScriptRepository/static/admin/js/nav_sidebar.js HTTP/1.1" 200 3063
[15/Nov/2024 07:47:44] "GET /ScriptRepository/static/admin/img/icon-deletelink.svg HTTP/1.1" 200 392
[15/Nov/2024 07:47:44] "GET /ScriptRepository/static/admin/img/icon-addlink.svg HTTP/1.1" 200 331
[15/Nov/2024 07:47:44] "GET /ScriptRepository/static/admin/img/icon-changelink.svg HTTP/1.1" 200 380
[15/Nov/2024 07:47:51] "GET /ScriptRepository/logout/ HTTP/1.1" 200 4164
[15/Nov/2024 07:47:55] "GET /ScriptRepository/admin/ HTTP/1.1" 302 0
[15/Nov/2024 07:47:55] "GET /ScriptRepository/admin/login/?next=/ScriptRepository/admin/ HTTP/1.1" 200 4368
[15/Nov/2024 07:47:56] "GET /ScriptRepository/static/admin/css/login.css HTTP/1.1" 200 951
[15/Nov/2024 07:48:03] "GET /ScriptRepository/ HTTP/1.1" 200 8091
[15/Nov/2024 07:48:04] "GET /ScriptRepository/media/ironman_bTPkIFZ.jfif HTTP/1.1" 404 179
[15/Nov/2024 07:48:11] "GET /ScriptRepository/ HTTP/1.1" 200 8091
[15/Nov/2024 07:48:11] "GET /ScriptRepository/media/ironman_bTPkIFZ.jfif HTTP/1.1" 404 179
[15/Nov/2024 07:48:21] "GET /ScriptRepository/ HTTP/1.1" 200 8091
[15/Nov/2024 07:48:21] "GET /ScriptRepository/media/ironman_bTPkIFZ.jfif HTTP/1.1" 404 179
[15/Nov/2024 07:48:23] "GET /ScriptRepository/ HTTP/1.1" 200 8091
[15/Nov/2024 07:48:24] "GET /ScriptRepository/media/ironman_bTPkIFZ.jfif HTTP/1.1" 404 179
[15/Nov/2024 07:48:26] "GET /ScriptRepository/ HTTP/1.1" 200 8091
[15/Nov/2024 07:48:26] "GET /ScriptRepository/media/ironman_bTPkIFZ.jfif HTTP/1.1" 404 179
[15/Nov/2024 07:48:27] "GET /ScriptRepository/ HTTP/1.1" 200 8091
[15/Nov/2024 07:48:27] "GET /ScriptRepository/media/ironman_bTPkIFZ.jfif HTTP/1.1" 404 179
[15/Nov/2024 07:48:28] "GET /ScriptRepository/ HTTP/1.1" 200 8091
[15/Nov/2024 07:48:28] "GET /ScriptRepository/media/ironman_bTPkIFZ.jfif HTTP/1.1" 404 179
Performing system checks...

System check identified no issues (0 silenced).
November 15, 2024 - 07:47:31
Django version 4.2.16, using settings 'ScriptRepo.settings'
Starting development server at http://127.0.0.1:16381/
Quit the server with CTRL-BREAK.

Watching for file changes with StatReloader
[15/Nov/2024 07:48:53] "GET /ScriptRepository/ HTTP/1.1" 200 8091
[15/Nov/2024 07:48:53] "GET /ScriptRepository/media/ironman_bTPkIFZ.jfif HTTP/1.1" 200 9789
C:\inetpub\wwwroot\ScriptRepo\ScriptRepo\ScriptRepo\settings.py changed, reloading.
Performing system checks...

System check identified no issues (0 silenced).
November 15, 2024 - 07:48:48
Django version 4.2.16, using settings 'ScriptRepo.settings'
Starting development server at http://127.0.0.1:16381/
Quit the server with CTRL-BREAK.

Watching for file changes with StatReloader
C:\inetpub\wwwroot\ScriptRepo\ScriptRepo\ScriptRepo\settings.py changed, reloading.
Performing system checks...

System check identified no issues (0 silenced).
November 15, 2024 - 07:49:44
Django version 4.2.16, using settings 'ScriptRepo.settings'
Starting development server at http://127.0.0.1:16381/
Quit the server with CTRL-BREAK.

Watching for file changes with StatReloader
[15/Nov/2024 07:49:52] "GET /ScriptRepository/ HTTP/1.1" 200 8091
[15/Nov/2024 07:49:52] "GET /ScriptRepository/media/ironman_bTPkIFZ.jfif HTTP/1.1" 200 9789
[15/Nov/2024 07:49:54] "GET /ScriptRepository/ HTTP/1.1" 200 8091
[15/Nov/2024 07:50:02] "GET /ScriptRepository/login/ HTTP/1.1" 200 5517
[15/Nov/2024 07:50:10] "POST /ScriptRepository/login/ HTTP/1.1" 302 0
[15/Nov/2024 07:50:10] "GET /ScriptRepository/ HTTP/1.1" 200 8219
[15/Nov/2024 07:50:10] "GET /ScriptRepository/media/ironman_bTPkIFZ.jfif HTTP/1.1" 304 0
[15/Nov/2024 07:50:14] "GET /ScriptRepository/profile/ HTTP/1.1" 200 6115
[15/Nov/2024 07:50:30] "POST /ScriptRepository/profile/ HTTP/1.1" 302 0
[15/Nov/2024 07:50:30] "GET /ScriptRepository/profile/ HTTP/1.1" 200 6325
[15/Nov/2024 07:50:30] "GET /ScriptRepository/media/avatar_MBoUNE4.png HTTP/1.1" 200 2423
[15/Nov/2024 07:50:32] "GET /ScriptRepository/ HTTP/1.1" 200 8226
[15/Nov/2024 07:50:32] "GET /ScriptRepository/media/avatar_MBoUNE4.png HTTP/1.1" 304 0
Not Found: /ScriptRepository/polls/
[15/Nov/2024 07:50:46] "GET /ScriptRepository/polls/ HTTP/1.1" 404 4974
[15/Nov/2024 07:50:49] "GET /ScriptRepository/ HTTP/1.1" 200 8098
[15/Nov/2024 07:50:49] "GET /ScriptRepository/media/avatar_MBoUNE4.png HTTP/1.1" 200 2423
[15/Nov/2024 07:50:49] "GET /ScriptRepository/media/ironman_bTPkIFZ.jfif HTTP/1.1" 304 0
C:\inetpub\wwwroot\ScriptRepo\ScriptRepo\ScriptRepo\settings.py changed, reloading.
Performing system checks...

System check identified no issues (0 silenced).
November 15, 2024 - 07:49:46
Django version 4.2.16, using settings 'ScriptRepo.settings'
Starting development server at http://127.0.0.1:16381/
Quit the server with CTRL-BREAK.

[15/Nov/2024 07:51:05] "GET /ScriptRepository/ HTTP/1.1" 200 8098
[15/Nov/2024 07:51:05] "GET /ScriptRepository/media/avatar_MBoUNE4.png HTTP/1.1" 404 179
[15/Nov/2024 07:51:08] "GET /ScriptRepository/ HTTP/1.1" 200 8098
[15/Nov/2024 07:51:08] "GET /ScriptRepository/media/avatar_MBoUNE4.png HTTP/1.1" 404 179
[15/Nov/2024 07:51:09] "GET /ScriptRepository/ HTTP/1.1" 200 8098
[15/Nov/2024 07:51:09] "GET /ScriptRepository/media/avatar_MBoUNE4.png HTTP/1.1" 404 179
[15/Nov/2024 07:51:17] "GET /ScriptRepository/ HTTP/1.1" 200 8098
[15/Nov/2024 07:51:17] "GET /ScriptRepository/media/avatar_MBoUNE4.png HTTP/1.1" 404 179
[15/Nov/2024 07:51:19] "GET /ScriptRepository/login/ HTTP/1.1" 200 5517
[15/Nov/2024 07:51:35] "POST /ScriptRepository/login/ HTTP/1.1" 302 0
[15/Nov/2024 07:51:35] "GET /ScriptRepository/ HTTP/1.1" 200 8226
[15/Nov/2024 07:51:35] "GET /ScriptRepository/media/avatar_MBoUNE4.png HTTP/1.1" 404 179
[15/Nov/2024 07:51:35] "GET /ScriptRepository/media/ironman_bTPkIFZ.jfif HTTP/1.1" 404 179
[15/Nov/2024 07:51:44] "GET /ScriptRepository/profile/ HTTP/1.1" 200 6136
[15/Nov/2024 07:51:44] "GET /ScriptRepository/media/avatar_MBoUNE4.png HTTP/1.1" 404 179
[15/Nov/2024 07:51:46] "GET /ScriptRepository/ HTTP/1.1" 200 8226
[15/Nov/2024 07:51:47] "GET /ScriptRepository/media/avatar_MBoUNE4.png HTTP/1.1" 404 179
[15/Nov/2024 07:51:47] "GET /ScriptRepository/media/ironman_bTPkIFZ.jfif HTTP/1.1" 404 179
[15/Nov/2024 07:51:50] "GET /ScriptRepository/profile/ HTTP/1.1" 200 6136
[15/Nov/2024 07:51:51] "GET /ScriptRepository/media/avatar_MBoUNE4.png HTTP/1.1" 404 179
[15/Nov/2024 07:51:58] "POST /ScriptRepository/profile/ HTTP/1.1" 302 0
[15/Nov/2024 07:51:58] "GET /ScriptRepository/profile/ HTTP/1.1" 200 6331
[15/Nov/2024 07:51:59] "GET /ScriptRepository/media/ironman_uRnpcaC.jfif HTTP/1.1" 404 179
[15/Nov/2024 07:52:00] "GET /ScriptRepository/ HTTP/1.1" 200 8228
[15/Nov/2024 07:52:00] "GET /ScriptRepository/media/ironman_uRnpcaC.jfif HTTP/1.1" 404 179
[15/Nov/2024 07:52:00] "GET /ScriptRepository/media/ironman_bTPkIFZ.jfif HTTP/1.1" 404 179
