Watching for file changes with StatReloader
[14/Nov/2024 04:49:45] "GET /ScriptRepository/ HTTP/1.1" 200 8044
[14/Nov/2024 04:49:46] "GET /ScriptRepository/media/ironman_04V9LD3.jfif HTTP/1.1" 304 0
[14/Nov/2024 04:49:51] "GET /ScriptRepository/login/ HTTP/1.1" 200 5517
[14/Nov/2024 04:49:57] "GET /ScriptRepository/admin/ HTTP/1.1" 302 0
[14/Nov/2024 04:49:57] "GET /ScriptRepository/admin/login/?next=/ScriptRepository/admin/ HTTP/1.1" 200 4368
[14/Nov/2024 04:50:07] "POST /ScriptRepository/admin/login/?next=/ScriptRepository/admin/ HTTP/1.1" 302 0
[14/Nov/2024 04:50:08] "GET /ScriptRepository/admin/ HTTP/1.1" 200 9881
[14/Nov/2024 04:50:10] "GET /ScriptRepository/admin/auth/user/ HTTP/1.1" 200 12524
[14/Nov/2024 04:50:10] "GET /ScriptRepository/admin/jsi18n/ HTTP/1.1" 200 3343
[14/Nov/2024 04:50:12] "GET /ScriptRepository/admin/auth/user/14/change/ HTTP/1.1" 200 22078
[14/Nov/2024 04:50:13] "GET /ScriptRepository/admin/jsi18n/ HTTP/1.1" 200 3343
[14/Nov/2024 04:50:25] "POST /ScriptRepository/admin/auth/user/14/change/ HTTP/1.1" 302 0
[14/Nov/2024 04:50:26] "GET /ScriptRepository/admin/auth/user/ HTTP/1.1" 200 12750
[14/Nov/2024 04:50:26] "GET /ScriptRepository/admin/jsi18n/ HTTP/1.1" 200 3343
[14/Nov/2024 04:50:31] "GET /ScriptRepository/ HTTP/1.1" 200 8172
[14/Nov/2024 04:50:33] "GET /ScriptRepository/logout/ HTTP/1.1" 200 4164
[14/Nov/2024 04:50:34] "GET /ScriptRepository/login/ HTTP/1.1" 200 5517
[14/Nov/2024 04:50:36] "GET /ScriptRepository/password-reset/ HTTP/1.1" 200 4852
[14/Nov/2024 04:51:26] "GET /ScriptRepository/password-reset/ HTTP/1.1" 200 4852
[14/Nov/2024 04:53:44] "GET /ScriptRepository/ HTTP/1.1" 200 8044
[14/Nov/2024 04:53:44] "GET /ScriptRepository/media/ironman_04V9LD3.jfif HTTP/1.1" 304 0
[14/Nov/2024 04:53:48] "GET /ScriptRepository/ HTTP/1.1" 200 8044
[14/Nov/2024 04:53:56] "GET /ScriptRepository/admin/ HTTP/1.1" 302 0
[14/Nov/2024 04:53:56] "GET /ScriptRepository/admin/login/?next=/ScriptRepository/admin/ HTTP/1.1" 200 4368
