[14/Nov/2024 03:37:44] "GET /ScriptRepository/ HTTP/1.1" 200 6560
[14/Nov/2024 03:37:44] "GET /ScriptRepository/media/profile_pics/ironman.jfif HTTP/1.1" 404 179
[14/Nov/2024 03:37:44] "GET /ScriptRepository/profile/ HTTP/1.1" 200 6157
[14/Nov/2024 03:37:44] "GET /ScriptRepository/media/profile_pics/ironman.jfif HTTP/1.1" 404 179
[14/Nov/2024 03:37:50] "POST /ScriptRepository/profile/ HTTP/1.1" 302 0
[14/Nov/2024 03:37:50] "GET /ScriptRepository/profile/ HTTP/1.1" 200 6370
[14/Nov/2024 03:37:51] "GET /ScriptRepository/media/profile_pics/ironman_7RR9zps.jfif HTTP/1.1" 404 179
[14/Nov/2024 03:37:55] "GET /ScriptRepository/ HTTP/1.1" 200 6584
[14/Nov/2024 03:37:55] "GET /ScriptRepository/media/profile_pics/ironman_7RR9zps.jfif HTTP/1.1" 404 179
[14/Nov/2024 03:37:56] "GET /ScriptRepository/ HTTP/1.1" 200 6584
[14/Nov/2024 03:37:56] "GET /ScriptRepository/media/profile_pics/ironman_7RR9zps.jfif HTTP/1.1" 404 179
Performing system checks...

System check identified no issues (0 silenced).
November 14, 2024 - 03:37:43
Django version 4.2.16, using settings 'ScriptRepo.settings'
Starting development server at http://127.0.0.1:14234/
Quit the server with CTRL-BREAK.

Performing system checks...

System check identified no issues (0 silenced).
November 14, 2024 - 03:38:42
Django version 4.2.16, using settings 'ScriptRepo.settings'
Starting development server at http://127.0.0.1:14234/
Quit the server with CTRL-BREAK.

Performing system checks...

System check identified no issues (0 silenced).
November 14, 2024 - 03:40:31
Django version 4.2.16, using settings 'ScriptRepo.settings'
Starting development server at http://127.0.0.1:14234/
Quit the server with CTRL-BREAK.

Exception in thread django-main-thread:
Traceback (most recent call last):
  File "C:\Python313\Lib\threading.py", line 1041, in _bootstrap_inner
    self.run()
    ~~~~~~~~^^
  File "C:\Python313\Lib\threading.py", line 992, in run
    self._target(*self._args, **self._kwargs)
    ~~~~~~~~~~~~^^^^^^^^^^^^^^^^^^^^^^^^^^^^^
  File "C:\Python313\Lib\site-packages\django\utils\autoreload.py", line 64, in wrapper
    fn(*args, **kwargs)
    ~~^^^^^^^^^^^^^^^^^
  File "C:\Python313\Lib\site-packages\django\core\management\commands\runserver.py", line 133, in inner_run
    self.check(display_num_errors=True)
    ~~~~~~~~~~^^^^^^^^^^^^^^^^^^^^^^^^^
  File "C:\Python313\Lib\site-packages\django\core\management\base.py", line 556, in check
    raise SystemCheckError(msg)
django.core.management.base.SystemCheckError: SystemCheckError: System check identified some issues:

ERRORS:
?: (urls.E006) The MEDIA_URL setting must end with a slash.

System check identified 1 issue (0 silenced).
Performing system checks...

[14/Nov/2024 03:41:35] "GET /ScriptRepository/ HTTP/1.1" 200 6584
[14/Nov/2024 03:41:35] "GET /ScriptRepository/media/profile_pics/ironman_7RR9zps.jfif HTTP/1.1" 404 179
Performing system checks...

System check identified no issues (0 silenced).
November 14, 2024 - 03:41:32
Django version 4.2.16, using settings 'ScriptRepo.settings'
Starting development server at http://127.0.0.1:14234/
Quit the server with CTRL-BREAK.

Exception in thread django-main-thread:
Traceback (most recent call last):
  File "C:\Python313\Lib\threading.py", line 1041, in _bootstrap_inner
    self.run()
    ~~~~~~~~^^
  File "C:\Python313\Lib\threading.py", line 992, in run
    self._target(*self._args, **self._kwargs)
    ~~~~~~~~~~~~^^^^^^^^^^^^^^^^^^^^^^^^^^^^^
  File "C:\Python313\Lib\site-packages\django\utils\autoreload.py", line 64, in wrapper
    fn(*args, **kwargs)
    ~~^^^^^^^^^^^^^^^^^
  File "C:\Python313\Lib\site-packages\django\core\management\commands\runserver.py", line 133, in inner_run
    self.check(display_num_errors=True)
    ~~~~~~~~~~^^^^^^^^^^^^^^^^^^^^^^^^^
  File "C:\Python313\Lib\site-packages\django\core\management\base.py", line 556, in check
    raise SystemCheckError(msg)
django.core.management.base.SystemCheckError: SystemCheckError: System check identified some issues:

ERRORS:
?: (urls.E006) The MEDIA_URL setting must end with a slash.

System check identified 1 issue (0 silenced).
Performing system checks...

[14/Nov/2024 03:41:57] "GET /ScriptRepository/ HTTP/1.1" 200 6584
[14/Nov/2024 03:41:58] "GET /ScriptRepository/media/profile_pics/ironman_7RR9zps.jfif HTTP/1.1" 404 179
[14/Nov/2024 03:42:09] "GET /ScriptRepository/media/profile_pics/ironman_7RR9zps.jfif HTTP/1.1" 404 179
[14/Nov/2024 03:42:17] "GET /ScriptRepository/media/profile_pics/ironman_7RR9zps.jfif HTTP/1.1" 404 179
[14/Nov/2024 03:42:21] "GET /ScriptRepository/media/profile_pics/ironman_7RR9zps.jfif HTTP/1.1" 404 179
Performing system checks...

System check identified no issues (0 silenced).
November 14, 2024 - 03:41:56
Django version 4.2.16, using settings 'ScriptRepo.settings'
Starting development server at http://127.0.0.1:14234/
Quit the server with CTRL-BREAK.

Performing system checks...

System check identified no issues (0 silenced).
November 14, 2024 - 03:43:53
Django version 4.2.16, using settings 'ScriptRepo.settings'
Starting development server at http://127.0.0.1:14234/
Quit the server with CTRL-BREAK.

[14/Nov/2024 03:44:04] "GET /ScriptRepository/ HTTP/1.1" 200 6584
[14/Nov/2024 03:44:04] "GET /ScriptRepository/media/profile_pics/ironman_7RR9zps.jfif HTTP/1.1" 404 179
Performing system checks...

System check identified no issues (0 silenced).
November 14, 2024 - 03:43:56
Django version 4.2.16, using settings 'ScriptRepo.settings'
Starting development server at http://127.0.0.1:14234/
Quit the server with CTRL-BREAK.

[14/Nov/2024 03:44:16] "GET /ScriptRepository/profile/ HTTP/1.1" 200 6181
[14/Nov/2024 03:44:16] "GET /ScriptRepository/media/profile_pics/ironman_7RR9zps.jfif HTTP/1.1" 404 179
[14/Nov/2024 03:44:22] "POST /ScriptRepository/profile/ HTTP/1.1" 302 0
[14/Nov/2024 03:44:23] "GET /ScriptRepository/profile/ HTTP/1.1" 200 6370
[14/Nov/2024 03:44:23] "GET /ScriptRepository/media/profile_pics/ironman_flFLYvA.jfif HTTP/1.1" 404 179
[14/Nov/2024 03:44:28] "GET /ScriptRepository/ HTTP/1.1" 200 6584
[14/Nov/2024 03:44:28] "GET /ScriptRepository/media/profile_pics/ironman_flFLYvA.jfif HTTP/1.1" 404 179
Performing system checks...

System check identified no issues (0 silenced).
November 14, 2024 - 03:44:12
Django version 4.2.16, using settings 'ScriptRepo.settings'
Starting development server at http://127.0.0.1:14234/
Quit the server with CTRL-BREAK.

[14/Nov/2024 03:46:23] "GET /ScriptRepository/ HTTP/1.1" 200 6584
[14/Nov/2024 03:46:23] "GET /ScriptRepository/media/profile_pics/ironman_flFLYvA.jfif HTTP/1.1" 404 179
[14/Nov/2024 03:46:24] "GET /ScriptRepository/ HTTP/1.1" 200 6584
[14/Nov/2024 03:46:24] "GET /ScriptRepository/media/profile_pics/ironman_flFLYvA.jfif HTTP/1.1" 404 179
Performing system checks...

System check identified no issues (0 silenced).
November 14, 2024 - 03:46:22
Django version 4.2.16, using settings 'ScriptRepo.settings'
Starting development server at http://127.0.0.1:14234/
Quit the server with CTRL-BREAK.

[14/Nov/2024 03:46:57] "GET /ScriptRepository/ HTTP/1.1" 200 6584
[14/Nov/2024 03:46:57] "GET /ScriptRepository/media/profile_pics/ironman_flFLYvA.jfif HTTP/1.1" 404 179
[14/Nov/2024 03:46:58] "GET /ScriptRepository/ HTTP/1.1" 200 6584
[14/Nov/2024 03:46:58] "GET /ScriptRepository/media/profile_pics/ironman_flFLYvA.jfif HTTP/1.1" 404 179
[14/Nov/2024 03:46:59] "GET /ScriptRepository/ HTTP/1.1" 200 6584
[14/Nov/2024 03:46:59] "GET /ScriptRepository/media/profile_pics/ironman_flFLYvA.jfif HTTP/1.1" 404 179
[14/Nov/2024 03:47:00] "GET /ScriptRepository/ HTTP/1.1" 200 6584
[14/Nov/2024 03:47:00] "GET /ScriptRepository/media/profile_pics/ironman_flFLYvA.jfif HTTP/1.1" 404 179
[14/Nov/2024 03:47:02] "GET /ScriptRepository/media/profile_pics/ironman_flFLYvA.jfif HTTP/1.1" 404 179
[14/Nov/2024 03:47:06] "GET /ScriptRepository/media/profile_pics/ironman_flFLYvA.jfif HTTP/1.1" 404 179
[14/Nov/2024 03:47:17] "GET /ScriptRepository/profile/ HTTP/1.1" 200 6181
[14/Nov/2024 03:47:18] "GET /ScriptRepository/media/profile_pics/ironman_flFLYvA.jfif HTTP/1.1" 404 179
[14/Nov/2024 03:47:23] "POST /ScriptRepository/profile/ HTTP/1.1" 302 0
[14/Nov/2024 03:47:23] "GET /ScriptRepository/profile/ HTTP/1.1" 200 6370
[14/Nov/2024 03:47:23] "GET /ScriptRepository/media/profile_pics/ironman_hfwkkRZ.jfif HTTP/1.1" 404 179
[14/Nov/2024 03:47:26] "GET /ScriptRepository/ HTTP/1.1" 200 6584
[14/Nov/2024 03:47:26] "GET /ScriptRepository/media/profile_pics/ironman_hfwkkRZ.jfif HTTP/1.1" 404 179
Performing system checks...

System check identified no issues (0 silenced).
November 14, 2024 - 03:46:54
Django version 4.2.16, using settings 'ScriptRepo.settings'
Starting development server at http://127.0.0.1:14234/
Quit the server with CTRL-BREAK.

Performing system checks...

System check identified no issues (0 silenced).
November 14, 2024 - 03:47:44
Django version 4.2.16, using settings 'ScriptRepo.settings'
Starting development server at http://127.0.0.1:14234/
Quit the server with CTRL-BREAK.

Performing system checks...

System check identified no issues (0 silenced).
November 14, 2024 - 03:48:22
Django version 4.2.16, using settings 'ScriptRepo.settings'
Starting development server at http://127.0.0.1:14234/
Quit the server with CTRL-BREAK.

[14/Nov/2024 03:48:25] "GET /ScriptRepository/ HTTP/1.1" 200 6584
[14/Nov/2024 03:48:25] "GET /ScriptRepository/media/profile_pics/ironman_hfwkkRZ.jfif HTTP/1.1" 404 179
[14/Nov/2024 03:48:26] "GET /ScriptRepository/ HTTP/1.1" 200 6584
[14/Nov/2024 03:48:26] "GET /ScriptRepository/media/profile_pics/ironman_hfwkkRZ.jfif HTTP/1.1" 404 179
[14/Nov/2024 03:48:26] "GET /ScriptRepository/ HTTP/1.1" 200 6584
[14/Nov/2024 03:48:27] "GET /ScriptRepository/ HTTP/1.1" 200 6584
[14/Nov/2024 03:48:27] "GET /ScriptRepository/ HTTP/1.1" 200 6584
[14/Nov/2024 03:48:27] "GET /ScriptRepository/ HTTP/1.1" 200 6584
[14/Nov/2024 03:48:27] "GET /ScriptRepository/media/profile_pics/ironman_hfwkkRZ.jfif HTTP/1.1" 404 179
[14/Nov/2024 03:48:28] "GET /ScriptRepository/ HTTP/1.1" 200 6584
[14/Nov/2024 03:48:28] "GET /ScriptRepository/media/profile_pics/ironman_hfwkkRZ.jfif HTTP/1.1" 404 179
[14/Nov/2024 03:48:30] "GET /ScriptRepository/ HTTP/1.1" 200 6584
[14/Nov/2024 03:48:31] "GET /ScriptRepository/media/profile_pics/ironman_hfwkkRZ.jfif HTTP/1.1" 404 179
[14/Nov/2024 03:48:31] "GET /ScriptRepository/ HTTP/1.1" 200 6584
[14/Nov/2024 03:48:32] "GET /ScriptRepository/media/profile_pics/ironman_hfwkkRZ.jfif HTTP/1.1" 404 179
[14/Nov/2024 03:48:32] "GET /ScriptRepository/ HTTP/1.1" 200 6584
[14/Nov/2024 03:48:32] "GET /ScriptRepository/media/profile_pics/ironman_hfwkkRZ.jfif HTTP/1.1" 404 179
[14/Nov/2024 03:48:34] "GET /ScriptRepository/media/profile_pics/ironman_hfwkkRZ.jfif HTTP/1.1" 404 179
[14/Nov/2024 03:48:40] "GET /ScriptRepository/profile/ HTTP/1.1" 200 6181
[14/Nov/2024 03:48:40] "GET /ScriptRepository/media/profile_pics/ironman_hfwkkRZ.jfif HTTP/1.1" 404 179
[14/Nov/2024 03:48:48] "POST /ScriptRepository/profile/ HTTP/1.1" 302 0
[14/Nov/2024 03:48:48] "GET /ScriptRepository/profile/ HTTP/1.1" 200 6370
[14/Nov/2024 03:48:48] "GET /ScriptRepository/media/profile_pics/ironman_NB1BcTv.jfif HTTP/1.1" 404 179
[14/Nov/2024 03:48:51] "GET /ScriptRepository/ HTTP/1.1" 200 6584
[14/Nov/2024 03:48:52] "GET /ScriptRepository/media/profile_pics/ironman_NB1BcTv.jfif HTTP/1.1" 404 179
Performing system checks...

System check identified no issues (0 silenced).
November 14, 2024 - 03:48:24
Django version 4.2.16, using settings 'ScriptRepo.settings'
Starting development server at http://127.0.0.1:14234/
Quit the server with CTRL-BREAK.

[14/Nov/2024 03:50:01] "GET /ScriptRepository/media/profile_pics/ironman_NB1BcTv.jfif HTTP/1.1" 404 179
Performing system checks...

System check identified no issues (0 silenced).
November 14, 2024 - 03:49:19
Django version 4.2.16, using settings 'ScriptRepo.settings'
Starting development server at http://127.0.0.1:14234/
Quit the server with CTRL-BREAK.

Performing system checks...

System check identified no issues (0 silenced).
November 14, 2024 - 03:50:56
Django version 4.2.16, using settings 'ScriptRepo.settings'
Starting development server at http://127.0.0.1:14234/
Quit the server with CTRL-BREAK.

[14/Nov/2024 03:51:01] "GET /ScriptRepository/media/profile_pics/ironman_NB1BcTv.jfif HTTP/1.1" 404 179
[14/Nov/2024 03:51:04] "GET /ScriptRepository/media/profile_pics/ironman_NB1BcTv.jfif HTTP/1.1" 404 179
[14/Nov/2024 03:51:04] "GET /ScriptRepository/media/profile_pics/ironman_NB1BcTv.jfif HTTP/1.1" 404 179
[14/Nov/2024 03:51:05] "GET /ScriptRepository/media/profile_pics/ironman_NB1BcTv.jfif HTTP/1.1" 404 179
[14/Nov/2024 03:51:07] "GET /ScriptRepository/ HTTP/1.1" 200 6584
[14/Nov/2024 03:51:07] "GET /ScriptRepository/media/profile_pics/ironman_NB1BcTv.jfif HTTP/1.1" 404 179
[14/Nov/2024 03:51:08] "GET /ScriptRepository/ HTTP/1.1" 200 6584
[14/Nov/2024 03:51:08] "GET /ScriptRepository/media/profile_pics/ironman_NB1BcTv.jfif HTTP/1.1" 404 179
[14/Nov/2024 03:51:09] "GET /ScriptRepository/ HTTP/1.1" 200 6584
[14/Nov/2024 03:51:09] "GET /ScriptRepository/media/profile_pics/ironman_NB1BcTv.jfif HTTP/1.1" 404 179
[14/Nov/2024 03:51:10] "GET /ScriptRepository/profile/ HTTP/1.1" 200 6181
[14/Nov/2024 03:51:10] "GET /ScriptRepository/media/profile_pics/ironman_NB1BcTv.jfif HTTP/1.1" 404 179
[14/Nov/2024 03:51:15] "POST /ScriptRepository/profile/ HTTP/1.1" 302 0
[14/Nov/2024 03:51:16] "GET /ScriptRepository/profile/ HTTP/1.1" 200 6370
[14/Nov/2024 03:51:16] "GET /ScriptRepository/media/profile_pics/ironman_BUF3a2H.jfif HTTP/1.1" 404 179
[14/Nov/2024 03:51:18] "GET /ScriptRepository/ HTTP/1.1" 200 6584
[14/Nov/2024 03:51:18] "GET /ScriptRepository/media/profile_pics/ironman_BUF3a2H.jfif HTTP/1.1" 404 179
[14/Nov/2024 03:51:24] "GET /ScriptRepository/logout/ HTTP/1.1" 200 4164
[14/Nov/2024 03:51:25] "GET /ScriptRepository/login/ HTTP/1.1" 200 5517
[14/Nov/2024 03:51:28] "GET /ScriptRepository/register/ HTTP/1.1" 200 6515
[14/Nov/2024 03:51:49] "POST /ScriptRepository/register/ HTTP/1.1" 200 6692
[14/Nov/2024 03:52:08] "POST /ScriptRepository/register/ HTTP/1.1" 302 0
[14/Nov/2024 03:52:09] "GET /ScriptRepository/login/ HTTP/1.1" 200 5733
[14/Nov/2024 03:52:19] "POST /ScriptRepository/login/ HTTP/1.1" 302 0
[14/Nov/2024 03:52:19] "GET /ScriptRepository/ HTTP/1.1" 200 6584
[14/Nov/2024 03:52:19] "GET /ScriptRepository/media/profile_pics/ironman_BUF3a2H.jfif HTTP/1.1" 404 179
[14/Nov/2024 03:52:24] "GET /ScriptRepository/media/profile_pics/ironman_BUF3a2H.jfif HTTP/1.1" 404 179
[14/Nov/2024 03:52:35] "GET /ScriptRepository/media/profile_pics/ironman_BUF3a2H.jfif HTTP/1.1" 404 179
[14/Nov/2024 03:52:46] "GET /ScriptRepository/logout/ HTTP/1.1" 200 4164
[14/Nov/2024 03:52:48] "GET /ScriptRepository/login/ HTTP/1.1" 200 5517
[14/Nov/2024 03:52:54] "POST /ScriptRepository/login/ HTTP/1.1" 302 0
[14/Nov/2024 03:52:55] "GET /ScriptRepository/ HTTP/1.1" 200 6584
[14/Nov/2024 03:52:55] "GET /ScriptRepository/media/profile_pics/ironman_BUF3a2H.jfif HTTP/1.1" 404 179
[14/Nov/2024 03:52:58] "GET /ScriptRepository/media/profile_pics/ironman_BUF3a2H.jfif HTTP/1.1" 404 179
[14/Nov/2024 03:53:11] "GET /ScriptRepository/profile/ HTTP/1.1" 200 6115
Performing system checks...

System check identified no issues (0 silenced).
November 14, 2024 - 03:50:58
Django version 4.2.16, using settings 'ScriptRepo.settings'
Starting development server at http://127.0.0.1:14234/
Quit the server with CTRL-BREAK.

[14/Nov/2024 03:54:27] "GET /ScriptRepository/ HTTP/1.1" 200 6584
[14/Nov/2024 03:54:27] "GET /ScriptRepository/media/profile_pics/ironman_BUF3a2H.jfif HTTP/1.1" 404 179
[14/Nov/2024 03:54:34] "GET /ScriptRepository/logout/ HTTP/1.1" 200 4164
[14/Nov/2024 03:54:36] "GET /ScriptRepository/login/ HTTP/1.1" 200 5517
[14/Nov/2024 03:54:47] "POST /ScriptRepository/login/ HTTP/1.1" 302 0
[14/Nov/2024 03:54:47] "GET /ScriptRepository/ HTTP/1.1" 200 6584
[14/Nov/2024 03:54:47] "GET /ScriptRepository/media/profile_pics/ironman_BUF3a2H.jfif HTTP/1.1" 404 179
[14/Nov/2024 03:54:49] "GET /ScriptRepository/profile/ HTTP/1.1" 200 6181
[14/Nov/2024 03:54:50] "GET /ScriptRepository/media/profile_pics/ironman_BUF3a2H.jfif HTTP/1.1" 404 179
[14/Nov/2024 03:54:56] "POST /ScriptRepository/profile/ HTTP/1.1" 302 0
[14/Nov/2024 03:54:56] "GET /ScriptRepository/profile/ HTTP/1.1" 200 6325
[14/Nov/2024 03:54:56] "GET /ScriptRepository/media/media/ironman.jfif HTTP/1.1" 404 179
[14/Nov/2024 03:55:00] "GET /ScriptRepository/media/media/ironman.jfif HTTP/1.1" 404 179
Performing system checks...

System check identified no issues (0 silenced).
November 14, 2024 - 03:54:24
Django version 4.2.16, using settings 'ScriptRepo.settings'
Starting development server at http://127.0.0.1:14234/
Quit the server with CTRL-BREAK.

Performing system checks...

System check identified no issues (0 silenced).
November 14, 2024 - 03:55:14
Django version 4.2.16, using settings 'ScriptRepo.settings'
Starting development server at http://127.0.0.1:14234/
Quit the server with CTRL-BREAK.

Performing system checks...

System check identified no issues (0 silenced).
November 14, 2024 - 03:55:16
Django version 4.2.16, using settings 'ScriptRepo.settings'
Starting development server at http://127.0.0.1:14234/
Quit the server with CTRL-BREAK.

Performing system checks...

System check identified no issues (0 silenced).
November 14, 2024 - 03:55:24
Django version 4.2.16, using settings 'ScriptRepo.settings'
Starting development server at http://127.0.0.1:14234/
Quit the server with CTRL-BREAK.

[14/Nov/2024 03:55:49] "GET /ScriptRepository/ HTTP/1.1" 200 6539
[14/Nov/2024 03:55:49] "GET /ScriptRepository/media/media/ironman.jfif HTTP/1.1" 404 179
[14/Nov/2024 03:55:51] "GET /ScriptRepository/ HTTP/1.1" 200 6539
[14/Nov/2024 03:55:51] "GET /ScriptRepository/media/media/ironman.jfif HTTP/1.1" 404 179
[14/Nov/2024 03:55:53] "GET /ScriptRepository/profile/ HTTP/1.1" 200 6136
[14/Nov/2024 03:55:53] "GET /ScriptRepository/media/media/ironman.jfif HTTP/1.1" 404 179
[14/Nov/2024 03:55:59] "POST /ScriptRepository/profile/ HTTP/1.1" 302 0
[14/Nov/2024 03:55:59] "GET /ScriptRepository/profile/ HTTP/1.1" 200 6307
[14/Nov/2024 03:56:00] "GET /ScriptRepository/media/ironman.jfif HTTP/1.1" 404 179
[14/Nov/2024 03:56:04] "GET /ScriptRepository/ HTTP/1.1" 200 6521
[14/Nov/2024 03:56:04] "GET /ScriptRepository/media/ironman.jfif HTTP/1.1" 404 179
[14/Nov/2024 03:56:07] "GET /ScriptRepository/media/ironman.jfif HTTP/1.1" 404 179
[14/Nov/2024 03:56:18] "GET /ScriptRepository/media/ironman.jfif HTTP/1.1" 404 179
[14/Nov/2024 03:56:51] "GET /ScriptRepository/profile/ HTTP/1.1" 200 6118
[14/Nov/2024 03:56:51] "GET /ScriptRepository/media/ironman.jfif HTTP/1.1" 404 179
[14/Nov/2024 03:57:01] "POST /ScriptRepository/profile/ HTTP/1.1" 302 0
[14/Nov/2024 03:57:01] "GET /ScriptRepository/profile/ HTTP/1.1" 200 6313
[14/Nov/2024 03:57:02] "GET /ScriptRepository/media/BackGround.png HTTP/1.1" 404 179
[14/Nov/2024 03:57:04] "GET /ScriptRepository/ HTTP/1.1" 200 6527
[14/Nov/2024 03:57:04] "GET /ScriptRepository/media/BackGround.png HTTP/1.1" 404 179
[14/Nov/2024 03:57:12] "GET /ScriptRepository/profile/ HTTP/1.1" 200 6124
[14/Nov/2024 03:57:12] "GET /ScriptRepository/media/BackGround.png HTTP/1.1" 404 179
[14/Nov/2024 03:57:15] "GET /ScriptRepository/media/BackGround.png HTTP/1.1" 404 179
Performing system checks...

System check identified no issues (0 silenced).
November 14, 2024 - 03:55:48
Django version 4.2.16, using settings 'ScriptRepo.settings'
Starting development server at http://127.0.0.1:14234/
Quit the server with CTRL-BREAK.

Performing system checks...

System check identified no issues (0 silenced).
November 14, 2024 - 03:57:47
Django version 4.2.16, using settings 'ScriptRepo.settings'
Starting development server at http://127.0.0.1:14234/
Quit the server with CTRL-BREAK.

Performing system checks...

System check identified no issues (0 silenced).
November 14, 2024 - 03:57:51
Django version 4.2.16, using settings 'ScriptRepo.settings'
Starting development server at http://127.0.0.1:14234/
Quit the server with CTRL-BREAK.

[14/Nov/2024 03:58:16] "GET /ScriptRepository/ HTTP/1.1" 200 6527
[14/Nov/2024 03:58:16] "GET /ScriptRepository/media/BackGround.png HTTP/1.1" 404 179
[14/Nov/2024 03:58:17] "GET /ScriptRepository/ HTTP/1.1" 200 6527
[14/Nov/2024 03:58:17] "GET /ScriptRepository/media/BackGround.png HTTP/1.1" 404 179
[14/Nov/2024 03:58:18] "GET /ScriptRepository/ HTTP/1.1" 200 6527
[14/Nov/2024 03:58:18] "GET /ScriptRepository/ HTTP/1.1" 200 6527
[14/Nov/2024 03:58:19] "GET /ScriptRepository/media/BackGround.png HTTP/1.1" 404 179
[14/Nov/2024 03:58:19] "GET /ScriptRepository/ HTTP/1.1" 200 6527
[14/Nov/2024 03:58:19] "GET /ScriptRepository/ HTTP/1.1" 200 6527
[14/Nov/2024 03:58:20] "GET /ScriptRepository/media/BackGround.png HTTP/1.1" 404 179
[14/Nov/2024 03:58:21] "GET /ScriptRepository/profile/ HTTP/1.1" 200 6124
[14/Nov/2024 03:58:21] "GET /ScriptRepository/media/BackGround.png HTTP/1.1" 404 179
[14/Nov/2024 03:58:31] "POST /ScriptRepository/profile/ HTTP/1.1" 302 0
[14/Nov/2024 03:58:32] "GET /ScriptRepository/profile/ HTTP/1.1" 200 6337
[14/Nov/2024 03:58:32] "GET /ScriptRepository/media/BackGround_biqMt1J.png HTTP/1.1" 404 179
[14/Nov/2024 03:58:35] "GET /ScriptRepository/ HTTP/1.1" 200 6551
[14/Nov/2024 03:58:35] "GET /ScriptRepository/media/BackGround_biqMt1J.png HTTP/1.1" 404 179
[14/Nov/2024 03:58:38] "GET /ScriptRepository/media/BackGround_biqMt1J.png HTTP/1.1" 404 179
Performing system checks...

System check identified no issues (0 silenced).
November 14, 2024 - 03:57:53
Django version 4.2.16, using settings 'ScriptRepo.settings'
Starting development server at http://127.0.0.1:14234/
Quit the server with CTRL-BREAK.

Performing system checks...

System check identified no issues (0 silenced).
November 14, 2024 - 04:03:13
Django version 4.2.16, using settings 'ScriptRepo.settings'
Starting development server at http://127.0.0.1:14234/
Quit the server with CTRL-BREAK.

[14/Nov/2024 04:07:07] "GET /ScriptRepository/ HTTP/1.1" 200 6551
[14/Nov/2024 04:07:07] "GET /ScriptRepository/media/BackGround_biqMt1J.png HTTP/1.1" 404 179
[14/Nov/2024 04:07:10] "GET /ScriptRepository/profile/ HTTP/1.1" 200 6148
[14/Nov/2024 04:07:10] "GET /ScriptRepository/media/BackGround_biqMt1J.png HTTP/1.1" 404 179
[14/Nov/2024 04:07:15] "GET /ScriptRepository/media/BackGround_biqMt1J.png HTTP/1.1" 404 179
[14/Nov/2024 04:07:17] "GET /ScriptRepository/media/BackGround_biqMt1J.png HTTP/1.1" 404 179
[14/Nov/2024 04:07:22] "POST /ScriptRepository/profile/ HTTP/1.1" 302 0
[14/Nov/2024 04:07:23] "GET /ScriptRepository/profile/ HTTP/1.1" 200 6337
[14/Nov/2024 04:07:23] "GET /ScriptRepository/media/BackGround_biqMt1J.png HTTP/1.1" 404 179
[14/Nov/2024 04:07:33] "POST /ScriptRepository/profile/ HTTP/1.1" 302 0
[14/Nov/2024 04:07:33] "GET /ScriptRepository/profile/ HTTP/1.1" 200 6370
[14/Nov/2024 04:07:33] "GET /ScriptRepository/media/profile_pics/ironman_L7NfCyJ.jfif HTTP/1.1" 404 179
[14/Nov/2024 04:07:35] "GET /ScriptRepository/ HTTP/1.1" 200 6584
[14/Nov/2024 04:07:35] "GET /ScriptRepository/media/profile_pics/ironman_L7NfCyJ.jfif HTTP/1.1" 404 179
[14/Nov/2024 04:08:04] "GET /ScriptRepository/profile/ HTTP/1.1" 200 6181
[14/Nov/2024 04:08:04] "GET /ScriptRepository/media/profile_pics/ironman_L7NfCyJ.jfif HTTP/1.1" 404 179
[14/Nov/2024 04:08:11] "POST /ScriptRepository/profile/ HTTP/1.1" 302 0
[14/Nov/2024 04:08:11] "GET /ScriptRepository/profile/ HTTP/1.1" 200 6370
[14/Nov/2024 04:08:11] "GET /ScriptRepository/media/profile_pics/ironman_Q9Cml2B.jfif HTTP/1.1" 404 179
[14/Nov/2024 04:08:17] "GET /ScriptRepository/ HTTP/1.1" 200 6584
[14/Nov/2024 04:08:18] "GET /ScriptRepository/media/profile_pics/ironman_Q9Cml2B.jfif HTTP/1.1" 404 179
[14/Nov/2024 04:08:42] "GET /ScriptRepository/asdasdasd HTTP/1.1" 404 179
[14/Nov/2024 04:08:47] "GET /ScriptRepository/ HTTP/1.1" 200 6584
[14/Nov/2024 04:08:47] "GET /ScriptRepository/media/profile_pics/ironman_Q9Cml2B.jfif HTTP/1.1" 404 179
[14/Nov/2024 04:09:36] "GET /ScriptRepository/ HTTP/1.1" 200 6584
[14/Nov/2024 04:09:36] "GET /ScriptRepository/media/profile_pics/ironman_Q9Cml2B.jfif HTTP/1.1" 404 179
[14/Nov/2024 04:09:38] "GET /ScriptRepository/profile/ HTTP/1.1" 200 6181
[14/Nov/2024 04:09:38] "GET /ScriptRepository/media/profile_pics/ironman_Q9Cml2B.jfif HTTP/1.1" 404 179
[14/Nov/2024 04:09:45] "POST /ScriptRepository/profile/ HTTP/1.1" 302 0
[14/Nov/2024 04:09:45] "GET /ScriptRepository/profile/ HTTP/1.1" 200 6370
[14/Nov/2024 04:09:45] "GET /ScriptRepository/media/profile_pics/ironman_KpL3da0.jfif HTTP/1.1" 404 179
[14/Nov/2024 04:09:55] "GET /ScriptRepository/ HTTP/1.1" 200 6584
[14/Nov/2024 04:09:55] "GET /ScriptRepository/media/profile_pics/ironman_KpL3da0.jfif HTTP/1.1" 404 179
[14/Nov/2024 04:10:02] "GET /ScriptRepository/media/profile_pics/ironman_KpL3da0.jfif HTTP/1.1" 404 179
Performing system checks...

System check identified no issues (0 silenced).
November 14, 2024 - 04:06:56
Django version 4.2.16, using settings 'ScriptRepo.settings'
Starting development server at http://127.0.0.1:14234/
Quit the server with CTRL-BREAK.

Performing system checks...

System check identified no issues (0 silenced).
November 14, 2024 - 04:11:00
Django version 4.2.16, using settings 'ScriptRepo.settings'
Starting development server at http://127.0.0.1:14234/
Quit the server with CTRL-BREAK.

[14/Nov/2024 04:11:13] "GET /ScriptRepository/ HTTP/1.1" 200 6584
[14/Nov/2024 04:11:13] "GET /ScriptRepository/media/profile_pics/ironman_KpL3da0.jfif HTTP/1.1" 404 179
[14/Nov/2024 04:11:14] "GET /ScriptRepository/ HTTP/1.1" 200 6584
[14/Nov/2024 04:11:14] "GET /ScriptRepository/media/profile_pics/ironman_KpL3da0.jfif HTTP/1.1" 404 179
[14/Nov/2024 04:11:15] "GET /ScriptRepository/ HTTP/1.1" 200 6584
[14/Nov/2024 04:11:15] "GET /ScriptRepository/media/profile_pics/ironman_KpL3da0.jfif HTTP/1.1" 404 179
[14/Nov/2024 04:11:15] "GET /ScriptRepository/ HTTP/1.1" 200 6584
[14/Nov/2024 04:11:15] "GET /ScriptRepository/ HTTP/1.1" 200 6584
[14/Nov/2024 04:11:16] "GET /ScriptRepository/media/profile_pics/ironman_KpL3da0.jfif HTTP/1.1" 404 179
[14/Nov/2024 04:11:17] "GET /ScriptRepository/profile/ HTTP/1.1" 200 6181
[14/Nov/2024 04:11:17] "GET /ScriptRepository/media/profile_pics/ironman_KpL3da0.jfif HTTP/1.1" 404 179
[14/Nov/2024 04:11:22] "POST /ScriptRepository/profile/ HTTP/1.1" 302 0
[14/Nov/2024 04:11:22] "GET /ScriptRepository/profile/ HTTP/1.1" 200 6346
[14/Nov/2024 04:11:23] "GET /ScriptRepository/media/profile_pics/ironman.jfif HTTP/1.1" 404 179
[14/Nov/2024 04:12:04] "GET /ScriptRepository/media/profile_pics/ironman.jfif HTTP/1.1" 404 179
Performing system checks...

System check identified no issues (0 silenced).
November 14, 2024 - 04:11:09
Django version 4.2.16, using settings 'ScriptRepo.settings'
Starting development server at http://127.0.0.1:14234/
Quit the server with CTRL-BREAK.

Performing system checks...

System check identified no issues (0 silenced).
November 14, 2024 - 04:12:56
Django version 4.2.16, using settings 'ScriptRepo.settings'
Starting development server at http://127.0.0.1:14234/
Quit the server with CTRL-BREAK.

Watching for file changes with StatReloader
[14/Nov/2024 04:13:11] "GET /ScriptRepository/ HTTP/1.1" 200 6560
[14/Nov/2024 04:13:11] "GET /ScriptRepository/media/profile_pics/ironman.jfif HTTP/1.1" 200 9789
[14/Nov/2024 04:13:18] "GET /ScriptRepository/ HTTP/1.1" 200 6560
[14/Nov/2024 04:13:20] "GET /ScriptRepository/logout/ HTTP/1.1" 200 4164
[14/Nov/2024 04:13:21] "GET /ScriptRepository/login/ HTTP/1.1" 200 5517
[14/Nov/2024 04:13:31] "POST /ScriptRepository/login/ HTTP/1.1" 302 0
[14/Nov/2024 04:13:31] "GET /ScriptRepository/ HTTP/1.1" 200 6560
[14/Nov/2024 04:13:33] "GET /ScriptRepository/ HTTP/1.1" 200 6560
C:\inetpub\wwwroot\ScriptRepo\ScriptRepo\ScriptRepo\urls.py changed, reloading.
Performing system checks...

System check identified no issues (0 silenced).
November 14, 2024 - 04:13:09
Django version 4.2.16, using settings 'ScriptRepo.settings'
Starting development server at http://127.0.0.1:14234/
Quit the server with CTRL-BREAK.

Watching for file changes with StatReloader
C:\inetpub\wwwroot\ScriptRepo\ScriptRepo\ScriptRepo\urls.py changed, reloading.
Performing system checks...

System check identified no issues (0 silenced).
November 14, 2024 - 04:13:52
Django version 4.2.16, using settings 'ScriptRepo.settings'
Starting development server at http://127.0.0.1:14234/
Quit the server with CTRL-BREAK.

Watching for file changes with StatReloader
C:\inetpub\wwwroot\ScriptRepo\ScriptRepo\ScriptRepo\urls.py changed, reloading.
Performing system checks...

System check identified no issues (0 silenced).
November 14, 2024 - 04:13:54
Django version 4.2.16, using settings 'ScriptRepo.settings'
Starting development server at http://127.0.0.1:14234/
Quit the server with CTRL-BREAK.

Watching for file changes with StatReloader
C:\inetpub\wwwroot\ScriptRepo\ScriptRepo\ScriptRepo\urls.py changed, reloading.
Performing system checks...

System check identified no issues (0 silenced).
November 14, 2024 - 04:13:56
Django version 4.2.16, using settings 'ScriptRepo.settings'
Starting development server at http://127.0.0.1:14234/
Quit the server with CTRL-BREAK.

Watching for file changes with StatReloader
[14/Nov/2024 04:14:05] "GET /ScriptRepository/ HTTP/1.1" 200 6560
[14/Nov/2024 04:14:06] "GET /ScriptRepository/ HTTP/1.1" 200 6560
[14/Nov/2024 04:14:06] "GET /ScriptRepository/ HTTP/1.1" 200 6560
[14/Nov/2024 04:14:07] "GET /ScriptRepository/ HTTP/1.1" 200 6560
[14/Nov/2024 04:14:07] "GET /ScriptRepository/ HTTP/1.1" 200 6560
[14/Nov/2024 04:14:11] "GET /ScriptRepository/ HTTP/1.1" 200 6560
[14/Nov/2024 04:14:12] "GET /ScriptRepository/ HTTP/1.1" 200 6560
[14/Nov/2024 04:14:12] "GET /ScriptRepository/ HTTP/1.1" 200 6560
[14/Nov/2024 04:14:12] "GET /ScriptRepository/ HTTP/1.1" 200 6560
C:\inetpub\wwwroot\ScriptRepo\ScriptRepo\ScriptRepo\settings.py changed, reloading.
Performing system checks...

System check identified no issues (0 silenced).
November 14, 2024 - 04:14:01
Django version 4.2.16, using settings 'ScriptRepo.settings'
Starting development server at http://127.0.0.1:14234/
Quit the server with CTRL-BREAK.

[14/Nov/2024 04:14:25] "GET /ScriptRepository/ HTTP/1.1" 200 6560
[14/Nov/2024 04:14:26] "GET /ScriptRepository/ HTTP/1.1" 200 6560
[14/Nov/2024 04:14:27] "GET /ScriptRepository/ HTTP/1.1" 200 6560
[14/Nov/2024 04:14:28] "GET /ScriptRepository/ HTTP/1.1" 200 6560
[14/Nov/2024 04:14:29] "GET /ScriptRepository/ HTTP/1.1" 200 6560
[14/Nov/2024 04:14:29] "GET /ScriptRepository/ HTTP/1.1" 200 6560
[14/Nov/2024 04:14:29] "GET /ScriptRepository/ HTTP/1.1" 200 6560
[14/Nov/2024 04:14:30] "GET /ScriptRepository/ HTTP/1.1" 200 6560
[14/Nov/2024 04:14:30] "GET /ScriptRepository/ HTTP/1.1" 200 6560
[14/Nov/2024 04:14:31] "GET /ScriptRepository/ HTTP/1.1" 200 6560
[14/Nov/2024 04:14:32] "GET /ScriptRepository/ HTTP/1.1" 200 6560
[14/Nov/2024 04:14:32] "GET /ScriptRepository/ HTTP/1.1" 200 6560
[14/Nov/2024 04:14:32] "GET /ScriptRepository/ HTTP/1.1" 200 6560
[14/Nov/2024 04:14:32] "GET /ScriptRepository/ HTTP/1.1" 200 6560
[14/Nov/2024 04:14:33] "GET /ScriptRepository/ HTTP/1.1" 200 6560
[14/Nov/2024 04:14:33] "GET /ScriptRepository/ HTTP/1.1" 200 6560
[14/Nov/2024 04:14:33] "GET /ScriptRepository/ HTTP/1.1" 200 6560
[14/Nov/2024 04:14:33] "GET /ScriptRepository/ HTTP/1.1" 200 6560
[14/Nov/2024 04:14:35] "GET /ScriptRepository/ HTTP/1.1" 200 6560
[14/Nov/2024 04:14:35] "GET /ScriptRepository/ HTTP/1.1" 200 6560
[14/Nov/2024 04:14:35] "GET /ScriptRepository/ HTTP/1.1" 200 6560
[14/Nov/2024 04:14:36] "GET /ScriptRepository/ HTTP/1.1" 200 6560
[14/Nov/2024 04:14:39] "GET /ScriptRepository/profile/ HTTP/1.1" 200 6157
[14/Nov/2024 04:14:41] "GET /ScriptRepository/ HTTP/1.1" 200 6560
[14/Nov/2024 04:14:43] "GET /ScriptRepository/ HTTP/1.1" 200 6560
[14/Nov/2024 04:14:44] "GET /ScriptRepository/ HTTP/1.1" 200 6560
[14/Nov/2024 04:14:44] "GET /ScriptRepository/ HTTP/1.1" 200 6560
[14/Nov/2024 04:14:45] "GET /ScriptRepository/ HTTP/1.1" 200 6560
[14/Nov/2024 04:14:45] "GET /ScriptRepository/ HTTP/1.1" 200 6560
[14/Nov/2024 04:14:45] "GET /ScriptRepository/ HTTP/1.1" 200 6560
[14/Nov/2024 04:14:48] "GET /ScriptRepository/logout/ HTTP/1.1" 200 4164
[14/Nov/2024 04:14:49] "GET /ScriptRepository/login/ HTTP/1.1" 200 5517
[14/Nov/2024 04:15:00] "POST /ScriptRepository/login/ HTTP/1.1" 302 0
[14/Nov/2024 04:15:00] "GET /ScriptRepository/ HTTP/1.1" 200 6560
[14/Nov/2024 04:15:02] "GET /ScriptRepository/post/new/ HTTP/1.1" 200 5499
[14/Nov/2024 04:15:07] "POST /ScriptRepository/post/new/ HTTP/1.1" 302 0
[14/Nov/2024 04:15:08] "GET /ScriptRepository/post/59/ HTTP/1.1" 200 5057
[14/Nov/2024 04:15:10] "GET /ScriptRepository/ HTTP/1.1" 200 7348
[14/Nov/2024 04:15:13] "GET /ScriptRepository/profile/ HTTP/1.1" 200 6157
[14/Nov/2024 04:15:25] "POST /ScriptRepository/profile/ HTTP/1.1" 302 0
[14/Nov/2024 04:15:25] "GET /ScriptRepository/profile/ HTTP/1.1" 200 6364
[14/Nov/2024 04:15:26] "GET /ScriptRepository/media/profile_pics/avatar_MBoUNE4.png HTTP/1.1" 404 179
[14/Nov/2024 04:15:32] "GET /ScriptRepository/media/profile_pics/avatar_MBoUNE4.png HTTP/1.1" 404 179
[14/Nov/2024 04:15:39] "GET /ScriptRepository/profile/ HTTP/1.1" 200 6175
[14/Nov/2024 04:15:40] "GET /ScriptRepository/ HTTP/1.1" 200 7372
[14/Nov/2024 04:15:41] "GET /ScriptRepository/media/profile_pics/avatar_MBoUNE4.png HTTP/1.1" 404 179
[14/Nov/2024 04:15:42] "GET /ScriptRepository/ HTTP/1.1" 200 7372
[14/Nov/2024 04:15:42] "GET /ScriptRepository/media/profile_pics/avatar_MBoUNE4.png HTTP/1.1" 404 179
[14/Nov/2024 04:15:46] "GET /ScriptRepository/ HTTP/1.1" 200 7372
[14/Nov/2024 04:15:46] "GET /ScriptRepository/media/profile_pics/avatar_MBoUNE4.png HTTP/1.1" 404 179
Performing system checks...

System check identified no issues (0 silenced).
November 14, 2024 - 04:14:23
Django version 4.2.16, using settings 'ScriptRepo.settings'
Starting development server at http://127.0.0.1:14234/
Quit the server with CTRL-BREAK.

Watching for file changes with StatReloader
[14/Nov/2024 04:16:26] "GET /ScriptRepository/ HTTP/1.1" 200 7372
[14/Nov/2024 04:16:27] "GET /ScriptRepository/media/profile_pics/avatar_MBoUNE4.png HTTP/1.1" 200 2423
[14/Nov/2024 04:16:28] "GET /ScriptRepository/ HTTP/1.1" 200 7372
[14/Nov/2024 04:16:28] "GET /ScriptRepository/ HTTP/1.1" 200 7372
[14/Nov/2024 04:16:28] "GET /ScriptRepository/ HTTP/1.1" 200 7372
[14/Nov/2024 04:16:29] "GET /ScriptRepository/ HTTP/1.1" 200 7372
[14/Nov/2024 04:16:30] "GET /ScriptRepository/profile/ HTTP/1.1" 200 6175
[14/Nov/2024 04:17:15] "GET /ScriptRepository/ HTTP/1.1" 200 7372
[14/Nov/2024 04:17:15] "GET /ScriptRepository/media/profile_pics/avatar_MBoUNE4.png HTTP/1.1" 304 0
[14/Nov/2024 04:17:18] "GET /ScriptRepository/logout/ HTTP/1.1" 200 4164
[14/Nov/2024 04:17:40] "GET /ScriptRepository/login/ HTTP/1.1" 200 5517
[14/Nov/2024 04:17:49] "GET /ScriptRepository/admin/ HTTP/1.1" 302 0
[14/Nov/2024 04:17:49] "GET /ScriptRepository/admin/login/?next=/ScriptRepository/admin/ HTTP/1.1" 200 4368
[14/Nov/2024 04:18:02] "POST /ScriptRepository/admin/login/?next=/ScriptRepository/admin/ HTTP/1.1" 302 0
[14/Nov/2024 04:18:02] "GET /ScriptRepository/admin/ HTTP/1.1" 200 9399
[14/Nov/2024 04:18:02] "GET /ScriptRepository/static/admin/img/icon-deletelink.svg HTTP/1.1" 200 392
[14/Nov/2024 04:18:05] "GET /ScriptRepository/admin/auth/user/ HTTP/1.1" 200 12945
[14/Nov/2024 04:18:06] "GET /ScriptRepository/admin/jsi18n/ HTTP/1.1" 200 3343
[14/Nov/2024 04:18:10] "GET /ScriptRepository/admin/auth/user/17/change/ HTTP/1.1" 200 22062
[14/Nov/2024 04:18:11] "GET /ScriptRepository/admin/jsi18n/ HTTP/1.1" 200 3343
[14/Nov/2024 04:18:14] "GET /ScriptRepository/admin/auth/user/17/delete/ HTTP/1.1" 200 8613
[14/Nov/2024 04:18:15] "POST /ScriptRepository/admin/auth/user/17/delete/ HTTP/1.1" 302 0
[14/Nov/2024 04:18:15] "GET /ScriptRepository/admin/auth/user/ HTTP/1.1" 200 12671
[14/Nov/2024 04:18:15] "GET /ScriptRepository/admin/jsi18n/ HTTP/1.1" 200 3343
[14/Nov/2024 04:18:21] "GET /ScriptRepository/admin/auth/user/14/change/ HTTP/1.1" 200 22078
[14/Nov/2024 04:18:22] "GET /ScriptRepository/admin/jsi18n/ HTTP/1.1" 200 3343
[14/Nov/2024 04:18:31] "GET /ScriptRepository/admin/users/profile/ HTTP/1.1" 200 9935
[14/Nov/2024 04:18:31] "GET /ScriptRepository/admin/jsi18n/ HTTP/1.1" 200 3343
[14/Nov/2024 04:18:33] "GET /ScriptRepository/admin/users/profile/14/change/ HTTP/1.1" 200 11442
[14/Nov/2024 04:18:33] "GET /ScriptRepository/admin/jsi18n/ HTTP/1.1" 200 3343
[14/Nov/2024 04:18:33] "GET /ScriptRepository/static/admin/img/icon-viewlink.svg HTTP/1.1" 200 581
[14/Nov/2024 04:18:46] "GET /ScriptRepository/admin/auth/user/ HTTP/1.1" 200 12517
[14/Nov/2024 04:18:46] "GET /ScriptRepository/admin/jsi18n/ HTTP/1.1" 200 3343
[14/Nov/2024 04:18:48] "GET /ScriptRepository/admin/auth/user/16/change/ HTTP/1.1" 200 22026
[14/Nov/2024 04:18:48] "GET /ScriptRepository/admin/jsi18n/ HTTP/1.1" 200 3343
[14/Nov/2024 04:18:51] "GET /ScriptRepository/admin/auth/user/16/delete/ HTTP/1.1" 200 8613
[14/Nov/2024 04:18:52] "POST /ScriptRepository/admin/auth/user/16/delete/ HTTP/1.1" 302 0
[14/Nov/2024 04:18:52] "GET /ScriptRepository/admin/auth/user/ HTTP/1.1" 200 12249
[14/Nov/2024 04:18:53] "GET /ScriptRepository/admin/jsi18n/ HTTP/1.1" 200 3343
[14/Nov/2024 04:20:10] "GET /ScriptRepository/ HTTP/1.1" 200 7372
[14/Nov/2024 04:20:11] "GET /ScriptRepository/media/profile_pics/avatar_MBoUNE4.png HTTP/1.1" 304 0
[14/Nov/2024 04:20:12] "GET /ScriptRepository/ HTTP/1.1" 200 7372
[14/Nov/2024 04:20:26] "GET /ScriptRepository/logout/ HTTP/1.1" 200 4164
[14/Nov/2024 04:20:28] "GET /ScriptRepository/login/ HTTP/1.1" 200 5517
[14/Nov/2024 04:20:29] "GET /ScriptRepository/register/ HTTP/1.1" 200 6515
[14/Nov/2024 04:20:50] "POST /ScriptRepository/register/ HTTP/1.1" 302 0
[14/Nov/2024 04:20:51] "GET /ScriptRepository/login/ HTTP/1.1" 200 5733
[14/Nov/2024 04:21:03] "POST /ScriptRepository/login/ HTTP/1.1" 302 0
[14/Nov/2024 04:21:03] "GET /ScriptRepository/ HTTP/1.1" 200 7372
[14/Nov/2024 04:21:03] "GET /ScriptRepository/media/profile_pics/avatar_MBoUNE4.png HTTP/1.1" 304 0
[14/Nov/2024 04:21:13] "GET /ScriptRepository/logout/ HTTP/1.1" 200 4164
[14/Nov/2024 04:21:14] "GET /ScriptRepository/login/ HTTP/1.1" 200 5517
[14/Nov/2024 04:21:22] "POST /ScriptRepository/login/ HTTP/1.1" 302 0
[14/Nov/2024 04:21:22] "GET /ScriptRepository/ HTTP/1.1" 200 7372
[14/Nov/2024 04:21:29] "GET /ScriptRepository/logout/ HTTP/1.1" 200 4164
[14/Nov/2024 04:21:30] "GET /ScriptRepository/login/ HTTP/1.1" 200 5517
[14/Nov/2024 04:21:41] "POST /ScriptRepository/login/ HTTP/1.1" 302 0
[14/Nov/2024 04:21:41] "GET /ScriptRepository/ HTTP/1.1" 200 7372
[14/Nov/2024 04:21:41] "GET /ScriptRepository/media/profile_pics/avatar_MBoUNE4.png HTTP/1.1" 304 0
[14/Nov/2024 04:21:45] "GET /ScriptRepository/profile/ HTTP/1.1" 200 6115
[14/Nov/2024 04:21:47] "GET /ScriptRepository/post/new/ HTTP/1.1" 200 5499
[14/Nov/2024 04:21:54] "POST /ScriptRepository/post/new/ HTTP/1.1" 302 0
[14/Nov/2024 04:21:54] "GET /ScriptRepository/post/60/ HTTP/1.1" 200 5029
[14/Nov/2024 04:22:29] "GET /ScriptRepository/ HTTP/1.1" 200 8132
[14/Nov/2024 04:22:30] "GET /ScriptRepository/media/profile_pics/avatar_MBoUNE4.png HTTP/1.1" 304 0
C:\inetpub\wwwroot\ScriptRepo\ScriptRepo\ScriptRepo\settings.py changed, reloading.
Performing system checks...

System check identified no issues (0 silenced).
November 14, 2024 - 04:16:22
Django version 4.2.16, using settings 'ScriptRepo.settings'
Starting development server at http://127.0.0.1:14234/
Quit the server with CTRL-BREAK.

[14/Nov/2024 04:23:15] "GET /ScriptRepository/ HTTP/1.1" 200 8132
[14/Nov/2024 04:23:15] "GET /ScriptRepository/media/profile_pics/avatar_MBoUNE4.png HTTP/1.1" 404 179
[14/Nov/2024 04:23:16] "GET /ScriptRepository/ HTTP/1.1" 200 8132
[14/Nov/2024 04:23:17] "GET /ScriptRepository/media/profile_pics/avatar_MBoUNE4.png HTTP/1.1" 404 179
[14/Nov/2024 04:23:17] "GET /ScriptRepository/ HTTP/1.1" 200 8132
[14/Nov/2024 04:23:17] "GET /ScriptRepository/media/profile_pics/avatar_MBoUNE4.png HTTP/1.1" 404 179
[14/Nov/2024 04:23:18] "GET /ScriptRepository/ HTTP/1.1" 200 8132
[14/Nov/2024 04:23:19] "GET /ScriptRepository/media/profile_pics/avatar_MBoUNE4.png HTTP/1.1" 404 179
[14/Nov/2024 04:23:19] "GET /ScriptRepository/ HTTP/1.1" 200 8132
[14/Nov/2024 04:23:20] "GET /ScriptRepository/media/profile_pics/avatar_MBoUNE4.png HTTP/1.1" 404 179
[14/Nov/2024 04:23:20] "GET /ScriptRepository/ HTTP/1.1" 200 8132
[14/Nov/2024 04:23:20] "GET /ScriptRepository/ HTTP/1.1" 200 8132
[14/Nov/2024 04:23:20] "GET /ScriptRepository/media/profile_pics/avatar_MBoUNE4.png HTTP/1.1" 404 179
[14/Nov/2024 04:23:21] "GET /ScriptRepository/profile/ HTTP/1.1" 200 6115
[14/Nov/2024 04:23:23] "GET /ScriptRepository/ HTTP/1.1" 200 8132
[14/Nov/2024 04:23:23] "GET /ScriptRepository/media/profile_pics/avatar_MBoUNE4.png HTTP/1.1" 404 179
Performing system checks...

System check identified no issues (0 silenced).
November 14, 2024 - 04:23:13
Django version 4.2.16, using settings 'ScriptRepo.settings'
Starting development server at http://127.0.0.1:14234/
Quit the server with CTRL-BREAK.

Performing system checks...

System check identified no issues (0 silenced).
November 14, 2024 - 04:24:19
Django version 4.2.16, using settings 'ScriptRepo.settings'
Starting development server at http://127.0.0.1:14234/
Quit the server with CTRL-BREAK.

[14/Nov/2024 04:24:42] "GET /ScriptRepository/logout/ HTTP/1.1" 200 4164
[14/Nov/2024 04:24:43] "GET /ScriptRepository/login/ HTTP/1.1" 200 5517
[14/Nov/2024 04:24:53] "POST /ScriptRepository/login/ HTTP/1.1" 302 0
[14/Nov/2024 04:24:53] "GET /ScriptRepository/ HTTP/1.1" 200 8132
[14/Nov/2024 04:24:54] "GET /ScriptRepository/media/profile_pics/avatar_MBoUNE4.png HTTP/1.1" 404 179
[14/Nov/2024 04:25:21] "GET /ScriptRepository/profile/ HTTP/1.1" 200 6175
[14/Nov/2024 04:25:21] "GET /ScriptRepository/media/profile_pics/avatar_MBoUNE4.png HTTP/1.1" 404 179
[14/Nov/2024 04:25:29] "POST /ScriptRepository/profile/ HTTP/1.1" 302 0
[14/Nov/2024 04:25:29] "GET /ScriptRepository/profile/ HTTP/1.1" 200 6307
[14/Nov/2024 04:25:29] "GET /ScriptRepository/media/ironman.jfif HTTP/1.1" 404 179
[14/Nov/2024 04:25:32] "GET /ScriptRepository/ HTTP/1.1" 200 8056
[14/Nov/2024 04:25:33] "GET /ScriptRepository/media/ironman.jfif HTTP/1.1" 404 179
[14/Nov/2024 04:25:36] "GET /ScriptRepository/profile/ HTTP/1.1" 200 6118
[14/Nov/2024 04:25:36] "GET /ScriptRepository/media/ironman.jfif HTTP/1.1" 404 179
[14/Nov/2024 04:25:39] "GET /ScriptRepository/media/ironman.jfif HTTP/1.1" 404 179
Performing system checks...

System check identified no issues (0 silenced).
November 14, 2024 - 04:24:40
Django version 4.2.16, using settings 'ScriptRepo.settings'
Starting development server at http://127.0.0.1:14234/
Quit the server with CTRL-BREAK.

Exception in thread django-main-thread:
Traceback (most recent call last):
  File "C:\Python313\Lib\threading.py", line 1041, in _bootstrap_inner
    self.run()
    ~~~~~~~~^^
  File "C:\Python313\Lib\threading.py", line 992, in run
    self._target(*self._args, **self._kwargs)
    ~~~~~~~~~~~~^^^^^^^^^^^^^^^^^^^^^^^^^^^^^
  File "C:\Python313\Lib\site-packages\django\utils\autoreload.py", line 64, in wrapper
    fn(*args, **kwargs)
    ~~^^^^^^^^^^^^^^^^^
  File "C:\Python313\Lib\site-packages\django\core\management\commands\runserver.py", line 133, in inner_run
    self.check(display_num_errors=True)
    ~~~~~~~~~~^^^^^^^^^^^^^^^^^^^^^^^^^
  File "C:\Python313\Lib\site-packages\django\core\management\base.py", line 556, in check
    raise SystemCheckError(msg)
django.core.management.base.SystemCheckError: SystemCheckError: System check identified some issues:

ERRORS:
users.Profile.image: (fields.E202) ImageField's 'upload_to' argument must be a relative path, not an absolute path.
	HINT: Remove the leading slash.

System check identified 1 issue (0 silenced).
Performing system checks...

Exception in thread django-main-thread:
Traceback (most recent call last):
  File "C:\Python313\Lib\threading.py", line 1041, in _bootstrap_inner
    self.run()
    ~~~~~~~~^^
  File "C:\Python313\Lib\threading.py", line 992, in run
    self._target(*self._args, **self._kwargs)
    ~~~~~~~~~~~~^^^^^^^^^^^^^^^^^^^^^^^^^^^^^
  File "C:\Python313\Lib\site-packages\django\utils\autoreload.py", line 64, in wrapper
    fn(*args, **kwargs)
    ~~^^^^^^^^^^^^^^^^^
  File "C:\Python313\Lib\site-packages\django\core\management\commands\runserver.py", line 133, in inner_run
    self.check(display_num_errors=True)
    ~~~~~~~~~~^^^^^^^^^^^^^^^^^^^^^^^^^
  File "C:\Python313\Lib\site-packages\django\core\management\base.py", line 556, in check
    raise SystemCheckError(msg)
django.core.management.base.SystemCheckError: SystemCheckError: System check identified some issues:

ERRORS:
users.Profile.image: (fields.E202) ImageField's 'upload_to' argument must be a relative path, not an absolute path.
	HINT: Remove the leading slash.

System check identified 1 issue (0 silenced).
Performing system checks...

[14/Nov/2024 04:27:32] "GET /ScriptRepository/ HTTP/1.1" 200 8056
[14/Nov/2024 04:27:32] "GET /ScriptRepository/media/ironman.jfif HTTP/1.1" 404 179
[14/Nov/2024 04:27:36] "GET /ScriptRepository/media/ironman.jfif HTTP/1.1" 404 179
[14/Nov/2024 04:27:38] "GET /ScriptRepository/media/ironman.jfif HTTP/1.1" 404 179
Performing system checks...

System check identified no issues (0 silenced).
November 14, 2024 - 04:27:29
Django version 4.2.16, using settings 'ScriptRepo.settings'
Starting development server at http://127.0.0.1:14234/
Quit the server with CTRL-BREAK.

Performing system checks...

System check identified no issues (0 silenced).
November 14, 2024 - 04:28:09
Django version 4.2.16, using settings 'ScriptRepo.settings'
Starting development server at http://127.0.0.1:14234/
Quit the server with CTRL-BREAK.

[14/Nov/2024 04:28:13] "GET /ScriptRepository/ HTTP/1.1" 200 8056
[14/Nov/2024 04:28:14] "GET /ScriptRepository/media/ironman.jfif HTTP/1.1" 404 179
[14/Nov/2024 04:28:15] "GET /ScriptRepository/ HTTP/1.1" 200 8056
[14/Nov/2024 04:28:15] "GET /ScriptRepository/media/ironman.jfif HTTP/1.1" 404 179
[14/Nov/2024 04:28:16] "GET /ScriptRepository/ HTTP/1.1" 200 8056
[14/Nov/2024 04:28:16] "GET /ScriptRepository/media/ironman.jfif HTTP/1.1" 404 179
[14/Nov/2024 04:28:18] "GET /ScriptRepository/ HTTP/1.1" 200 8056
[14/Nov/2024 04:28:18] "GET /ScriptRepository/media/ironman.jfif HTTP/1.1" 404 179
[14/Nov/2024 04:28:19] "GET /ScriptRepository/ HTTP/1.1" 200 8056
[14/Nov/2024 04:28:19] "GET /ScriptRepository/media/ironman.jfif HTTP/1.1" 404 179
[14/Nov/2024 04:28:20] "GET /ScriptRepository/ HTTP/1.1" 200 8056
[14/Nov/2024 04:28:20] "GET /ScriptRepository/media/ironman.jfif HTTP/1.1" 404 179
[14/Nov/2024 04:28:21] "GET /ScriptRepository/ HTTP/1.1" 200 8056
[14/Nov/2024 04:28:21] "GET /ScriptRepository/media/ironman.jfif HTTP/1.1" 404 179
[14/Nov/2024 04:29:48] "GET /ScriptRepository/ HTTP/1.1" 200 8056
[14/Nov/2024 04:29:48] "GET /ScriptRepository/media/ironman.jfif HTTP/1.1" 404 179
[14/Nov/2024 04:29:49] "GET /ScriptRepository/ HTTP/1.1" 200 8056
[14/Nov/2024 04:29:50] "GET /ScriptRepository/media/ironman.jfif HTTP/1.1" 404 179
[14/Nov/2024 04:29:50] "GET /ScriptRepository/ HTTP/1.1" 200 8056
[14/Nov/2024 04:29:50] "GET /ScriptRepository/ HTTP/1.1" 200 8056
[14/Nov/2024 04:29:50] "GET /ScriptRepository/ HTTP/1.1" 200 8056
[14/Nov/2024 04:29:51] "GET /ScriptRepository/media/ironman.jfif HTTP/1.1" 404 179
[14/Nov/2024 04:29:53] "GET /ScriptRepository/profile/ HTTP/1.1" 200 6118
[14/Nov/2024 04:29:53] "GET /ScriptRepository/media/ironman.jfif HTTP/1.1" 404 179
[14/Nov/2024 04:29:56] "POST /ScriptRepository/profile/ HTTP/1.1" 302 0
[14/Nov/2024 04:29:56] "GET /ScriptRepository/profile/ HTTP/1.1" 200 6307
[14/Nov/2024 04:29:56] "GET /ScriptRepository/media/ironman.jfif HTTP/1.1" 404 179
[14/Nov/2024 04:30:05] "POST /ScriptRepository/profile/ HTTP/1.1" 302 0
[14/Nov/2024 04:30:05] "GET /ScriptRepository/profile/ HTTP/1.1" 200 6301
[14/Nov/2024 04:30:06] "GET /ScriptRepository/media/avatar.png HTTP/1.1" 404 179
[14/Nov/2024 04:30:07] "GET /ScriptRepository/ HTTP/1.1" 200 8048
[14/Nov/2024 04:30:08] "GET /ScriptRepository/media/avatar.png HTTP/1.1" 404 179
[14/Nov/2024 04:30:26] "GET /ScriptRepository/post/60/ HTTP/1.1" 200 5029
[14/Nov/2024 04:30:29] "GET /ScriptRepository/post/60/update/ HTTP/1.1" 200 5517
[14/Nov/2024 04:30:35] "POST /ScriptRepository/post/60/update/ HTTP/1.1" 302 0
[14/Nov/2024 04:30:36] "GET /ScriptRepository/post/60/ HTTP/1.1" 200 5113
[14/Nov/2024 04:30:38] "GET /ScriptRepository/ HTTP/1.1" 200 8132
[14/Nov/2024 04:30:38] "GET /ScriptRepository/media/avatar.png HTTP/1.1" 404 179
Performing system checks...

System check identified no issues (0 silenced).
November 14, 2024 - 04:28:11
Django version 4.2.16, using settings 'ScriptRepo.settings'
Starting development server at http://127.0.0.1:14234/
Quit the server with CTRL-BREAK.

Watching for file changes with StatReloader
C:\inetpub\wwwroot\ScriptRepo\ScriptRepo\ScriptRepo\settings.py changed, reloading.
Performing system checks...

System check identified no issues (0 silenced).
November 14, 2024 - 04:31:14
Django version 4.2.16, using settings 'ScriptRepo.settings'
Starting development server at http://127.0.0.1:14234/
Quit the server with CTRL-BREAK.

Watching for file changes with StatReloader
[14/Nov/2024 04:31:24] "GET /ScriptRepository/ HTTP/1.1" 200 8132
[14/Nov/2024 04:31:25] "GET /ScriptRepository/media/avatar.png HTTP/1.1" 200 2423
[14/Nov/2024 04:31:26] "GET /ScriptRepository/ HTTP/1.1" 200 8132
[14/Nov/2024 04:31:27] "GET /ScriptRepository/ HTTP/1.1" 200 8132
[14/Nov/2024 04:31:27] "GET /ScriptRepository/ HTTP/1.1" 200 8132
[14/Nov/2024 04:31:28] "GET /ScriptRepository/profile/ HTTP/1.1" 200 6112
[14/Nov/2024 04:31:34] "POST /ScriptRepository/profile/ HTTP/1.1" 302 0
[14/Nov/2024 04:31:34] "GET /ScriptRepository/profile/ HTTP/1.1" 200 6331
[14/Nov/2024 04:31:35] "GET /ScriptRepository/media/ironman_04V9LD3.jfif HTTP/1.1" 200 9789
[14/Nov/2024 04:31:37] "GET /ScriptRepository/ HTTP/1.1" 200 8172
[14/Nov/2024 04:31:37] "GET /ScriptRepository/media/ironman_04V9LD3.jfif HTTP/1.1" 304 0
[14/Nov/2024 04:31:43] "GET /ScriptRepository/logout/ HTTP/1.1" 200 4164
[14/Nov/2024 04:31:48] "GET /ScriptRepository/register/ HTTP/1.1" 200 6515
