Performing system checks...

System check identified no issues (0 silenced).
December 09, 2024 - 19:29:02
Django version 4.2.16, using settings 'ScriptRepo.settings'
Starting development server at http://127.0.0.1:12550/
Quit the server with CTRL-BREAK.

[09/Dec/2024 19:29:02] "GET /ScriptRepository/ HTTP/1.1" 200 4789
[09/Dec/2024 19:29:02] "GET /ScriptRepository/static/blog/logo.png HTTP/1.1" 200 2773
[09/Dec/2024 19:29:02] "GET /ScriptRepository/static/blog/main.css HTTP/1.1" 200 1478
[09/Dec/2024 19:29:02] "GET /ScriptRepository/media/default.jpg HTTP/1.1" 200 9280
[09/Dec/2024 19:29:27] "GET /ScriptRepository/register/ HTTP/1.1" 200 6515
[09/Dec/2024 19:29:59] "POST /ScriptRepository/register/ HTTP/1.1" 302 0
[09/Dec/2024 19:29:59] "GET /ScriptRepository/login/ HTTP/1.1" 200 5733
[09/Dec/2024 19:30:04] "POST /ScriptRepository/login/ HTTP/1.1" 200 5710
[09/Dec/2024 19:30:18] "POST /ScriptRepository/login/ HTTP/1.1" 302 0
[09/Dec/2024 19:30:18] "GET /ScriptRepository/ HTTP/1.1" 200 4917
[09/Dec/2024 19:30:55] "GET /ScriptRepository/logout/ HTTP/1.1" 200 4164
[09/Dec/2024 19:49:38] "GET /ScriptRepository/login/ HTTP/1.1" 200 5517
[09/Dec/2024 20:01:07] "GET /ScriptRepository/ HTTP/1.1" 200 4789
[09/Dec/2024 20:04:20] "GET /ScriptRepository/ HTTP/1.1" 200 4789
[09/Dec/2024 20:04:20] "GET /ScriptRepository/static/blog/main.css HTTP/1.1" 200 1478
[09/Dec/2024 20:04:20] "GET /ScriptRepository/static/blog/logo.png HTTP/1.1" 200 2773
[09/Dec/2024 20:04:20] "GET /ScriptRepository/media/default.jpg HTTP/1.1" 200 9280
[09/Dec/2024 20:04:39] "GET /ScriptRepository/ HTTP/1.1" 200 4789
[09/Dec/2024 20:04:39] "GET /ScriptRepository/static/blog/main.css HTTP/1.1" 200 1478
[09/Dec/2024 20:04:39] "GET /ScriptRepository/static/blog/logo.png HTTP/1.1" 200 2773
[09/Dec/2024 20:04:39] "GET /ScriptRepository/media/default.jpg HTTP/1.1" 200 9280
[09/Dec/2024 20:04:56] "GET /ScriptRepository/ HTTP/1.1" 200 4789
[09/Dec/2024 20:04:57] "GET /ScriptRepository/static/blog/main.css HTTP/1.1" 200 1478
[09/Dec/2024 20:04:57] "GET /ScriptRepository/media/default.jpg HTTP/1.1" 200 9280
[09/Dec/2024 20:04:57] "GET /ScriptRepository/static/blog/logo.png HTTP/1.1" 200 2773
[09/Dec/2024 20:10:29] "GET /ScriptRepository/register/ HTTP/1.1" 200 6515
[09/Dec/2024 20:25:36] "GET /ScriptRepository/register/ HTTP/1.1" 200 6515
[09/Dec/2024 20:25:37] "GET /ScriptRepository/static/blog/main.css HTTP/1.1" 200 1478
[09/Dec/2024 20:25:37] "GET /ScriptRepository/ HTTP/1.1" 200 4789
[09/Dec/2024 20:25:39] "GET /ScriptRepository/register/ HTTP/1.1" 200 6515
[09/Dec/2024 20:25:46] "GET /ScriptRepository/login/ HTTP/1.1" 200 5517
[09/Dec/2024 20:25:49] "POST /ScriptRepository/login/ HTTP/1.1" 200 5710
[09/Dec/2024 20:26:07] "POST /ScriptRepository/login/ HTTP/1.1" 302 0
[09/Dec/2024 20:26:07] "GET /ScriptRepository/ HTTP/1.1" 200 4917
[09/Dec/2024 20:26:11] "POST /ScriptRepository/register/ HTTP/1.1" 302 0
[09/Dec/2024 20:26:12] "GET /ScriptRepository/login/ HTTP/1.1" 200 5733
[09/Dec/2024 20:26:20] "GET /ScriptRepository/ HTTP/1.1" 200 4917
[09/Dec/2024 20:26:28] "GET /ScriptRepository/about/ HTTP/1.1" 200 4152
[09/Dec/2024 20:26:30] "GET /ScriptRepository/ HTTP/1.1" 200 4917
[09/Dec/2024 20:26:31] "POST /ScriptRepository/login/ HTTP/1.1" 302 0
[09/Dec/2024 20:26:32] "GET /ScriptRepository/ HTTP/1.1" 200 4917
[09/Dec/2024 20:26:34] "GET /ScriptRepository/post/new/ HTTP/1.1" 200 5499
[09/Dec/2024 20:26:39] "GET /ScriptRepository/profile/ HTTP/1.1" 200 6167
[09/Dec/2024 20:26:45] "GET /ScriptRepository/ HTTP/1.1" 200 4917
[09/Dec/2024 20:27:00] "GET /ScriptRepository/logout/ HTTP/1.1" 200 4164
[09/Dec/2024 20:27:03] "GET /ScriptRepository/login/ HTTP/1.1" 200 5517
[09/Dec/2024 20:27:12] "POST /ScriptRepository/login/ HTTP/1.1" 302 0
[09/Dec/2024 20:27:13] "GET /ScriptRepository/ HTTP/1.1" 200 4917
[09/Dec/2024 20:27:22] "GET /ScriptRepository/ HTTP/1.1" 200 4917
[09/Dec/2024 20:27:27] "GET /ScriptRepository/ HTTP/1.1" 200 4917
[09/Dec/2024 20:27:32] "GET /ScriptRepository/about/ HTTP/1.1" 200 4152
[09/Dec/2024 20:27:34] "GET /ScriptRepository/ HTTP/1.1" 200 4917
[09/Dec/2024 20:27:36] "GET /ScriptRepository/post/new/ HTTP/1.1" 200 5499
[09/Dec/2024 20:27:38] "GET /ScriptRepository/profile/ HTTP/1.1" 200 6165
[09/Dec/2024 20:27:42] "GET /ScriptRepository/ HTTP/1.1" 200 4917
[09/Dec/2024 20:30:36] "POST /ScriptRepository/post/new/ HTTP/1.1" 302 0
[09/Dec/2024 20:30:36] "GET /ScriptRepository/post/66/ HTTP/1.1" 200 5063
[09/Dec/2024 20:41:56] "GET /ScriptRepository/post/66/delete/ HTTP/1.1" 200 4815
[09/Dec/2024 20:41:59] "POST /ScriptRepository/post/66/delete/ HTTP/1.1" 302 0
[09/Dec/2024 20:42:00] "GET /ScriptRepository HTTP/1.1" 301 0
[09/Dec/2024 20:42:00] "GET /ScriptRepository/ HTTP/1.1" 200 4917
[09/Dec/2024 20:42:09] "GET /ScriptRepository/ HTTP/1.1" 200 4917
[09/Dec/2024 20:49:36] "GET /ScriptRepository/post/65/ HTTP/1.1" 200 4636
[09/Dec/2024 20:49:39] "GET /ScriptRepository/ HTTP/1.1" 200 4789
[09/Dec/2024 21:10:56] "GET /ScriptRepository/ HTTP/1.1" 200 4789
[09/Dec/2024 21:10:56] "GET /ScriptRepository/media/default.jpg HTTP/1.1" 304 0
[09/Dec/2024 21:11:05] "GET /ScriptRepository/about/ HTTP/1.1" 200 4024
[09/Dec/2024 21:11:06] "GET /ScriptRepository/ HTTP/1.1" 200 4789
[09/Dec/2024 21:11:09] "GET /ScriptRepository/login/ HTTP/1.1" 200 5517
[09/Dec/2024 21:11:11] "GET /ScriptRepository/register/ HTTP/1.1" 200 6515
[09/Dec/2024 21:11:18] "GET /ScriptRepository/login/ HTTP/1.1" 200 5517
[09/Dec/2024 21:11:25] "GET /ScriptRepository/ HTTP/1.1" 200 4789
[09/Dec/2024 21:11:32] "GET /ScriptRepository/test1 HTTP/1.1" 404 179
[09/Dec/2024 21:11:57] "GET /ScriptRepository/login/ HTTP/1.1" 200 5517
[09/Dec/2024 21:12:04] "POST /ScriptRepository/login/ HTTP/1.1" 302 0
[09/Dec/2024 21:12:04] "GET /ScriptRepository/ HTTP/1.1" 200 4917
[09/Dec/2024 21:12:09] "GET /ScriptRepository/post/65/ HTTP/1.1" 200 5039
[09/Dec/2024 21:12:10] "GET /ScriptRepository/post/65/update/ HTTP/1.1" 200 5523
[09/Dec/2024 21:12:14] "POST /ScriptRepository/post/65/update/ HTTP/1.1" 302 0
[09/Dec/2024 21:12:14] "GET /ScriptRepository/post/65/ HTTP/1.1" 200 5057
[09/Dec/2024 21:12:16] "GET /ScriptRepository/logout/ HTTP/1.1" 200 4164
[09/Dec/2024 21:12:18] "GET /ScriptRepository/ HTTP/1.1" 200 4807
[09/Dec/2024 21:12:23] "GET /ScriptRepository/post/65/ HTTP/1.1" 200 4654
[09/Dec/2024 21:12:34] "GET /ScriptRepository/user/admin100 HTTP/1.1" 200 4712
[09/Dec/2024 21:12:45] "GET /ScriptRepository/ HTTP/1.1" 200 4807
[09/Dec/2024 21:12:47] "GET /ScriptRepository/login/ HTTP/1.1" 200 5517
[09/Dec/2024 21:12:49] "GET /ScriptRepository/ HTTP/1.1" 200 4807
[09/Dec/2024 21:12:50] "GET /ScriptRepository/register/ HTTP/1.1" 200 6515
[09/Dec/2024 21:13:05] "GET /ScriptRepository/login/ HTTP/1.1" 200 5517
[09/Dec/2024 21:13:14] "GET /ScriptRepository/register/ HTTP/1.1" 200 6515
[09/Dec/2024 21:13:23] "GET /ScriptRepository/ HTTP/1.1" 200 4807
[09/Dec/2024 21:13:26] "GET /ScriptRepository/about/ HTTP/1.1" 200 4024
[09/Dec/2024 21:13:29] "GET /ScriptRepository/ HTTP/1.1" 200 4807
